<?xml version="1.0" encoding="utf-8"?><testsuites name="pytest tests"><testsuite name="pytest" errors="0" failures="0" skipped="0" tests="15" time="4.201" timestamp="2026-07-05T17:05:43.626237+00:00" hostname="agent-env-a260187b-8f1b-4c2e-8a9f-a476cba8da38"><testcase classname="backend.tests.test_drive_link.TestCohortMaterialUpload" name="test_homework_with_drive_url_persists" time="0.340" /><testcase classname="backend.tests.test_drive_link.TestCohortMaterialUpload" name="test_workbook_with_drive_url_is_dropped" time="0.145" /><testcase classname="backend.tests.test_drive_link.TestCohortMaterialUpload" name="test_homework_without_drive_url_defaults_empty" time="0.128" /><testcase classname="backend.tests.test_drive_link.TestLibraryMaterialUpload" name="test_library_homework_persists_url" time="0.154" /><testcase classname="backend.tests.test_drive_link.TestUpdateDriveLink" name="test_valid_https_updates" time="0.390" /><testcase classname="backend.tests.test_drive_link.TestUpdateDriveLink" name="test_empty_string_clears" time="0.266" /><testcase classname="backend.tests.test_drive_link.TestUpdateDriveLink" name="test_javascript_url_rejected" time="0.277" /><testcase classname="backend.tests.test_drive_link.TestUpdateDriveLink" name="test_ftp_url_rejected" time="0.217" /><testcase classname="backend.tests.test_drive_link.TestUpdateDriveLink" name="test_non_homework_material_rejected" time="0.251" /><testcase classname="backend.tests.test_drive_link.TestUpdateDriveLink" name="test_outsider_instructor_forbidden" time="0.222" /><testcase classname="backend.tests.test_drive_link.TestUpdateDriveLink" name="test_cohort_manager_allowed" time="0.210" /><testcase classname="backend.tests.test_drive_link.TestUpdateDriveLink" name="test_library_material_acl" time="0.332" /><testcase classname="backend.tests.test_drive_link.TestSubmitLinkAndDashboard" name="test_submit_link_returns_drive_url" time="0.245" /><testcase classname="backend.tests.test_drive_link.TestSubmitLinkAndDashboard" name="test_student_dashboard_exposes_drive_url" time="0.236" /><testcase classname="backend.tests.test_drive_link.TestSubmitLinkAndDashboard" name="test_regression_submission_flow_still_works" time="0.614" /></testsuite></testsuites>