<?xml version="1.0" encoding="utf-8"?><testsuites name="pytest tests"><testsuite name="pytest" errors="0" failures="0" skipped="0" tests="9" time="2.166" timestamp="2026-07-09T21:39:37.934080+00:00" hostname="agent-env-a260187b-8f1b-4c2e-8a9f-a476cba8da38"><testcase classname="backend.tests.test_submission_enrichment" name="test_health" time="0.178" /><testcase classname="backend.tests.test_submission_enrichment" name="test_auth_required" time="0.110" /><testcase classname="backend.tests.test_submission_enrichment.TestGetSubmissions" name="test_super_admin_milestone_material_populated" time="0.260" /><testcase classname="backend.tests.test_submission_enrichment.TestGetSubmissions" name="test_no_milestone_sub_shows_bug_placeholder" time="0.114" /><testcase classname="backend.tests.test_submission_enrichment.TestGetSubmissions" name="test_response_shape" time="0.128" /><testcase classname="backend.tests.test_submission_enrichment.TestCohortSubmissions" name="test_cohort_submissions_enriched" time="0.143" /><testcase classname="backend.tests.test_submission_enrichment.TestCohortSubmissions" name="test_cohort_response_shape" time="0.414" /><testcase classname="backend.tests.test_submission_enrichment.TestExportPDF" name="test_export_pdf_for_milestone_sub" time="0.633" /><testcase classname="backend.tests.test_submission_enrichment.TestExportPDF" name="test_export_pdf_requires_auth" time="0.120" /></testsuite></testsuites>