<?xml version="1.0" encoding="utf-8"?><testsuites name="pytest tests"><testsuite name="pytest" errors="0" failures="0" skipped="0" tests="16" time="14.466" timestamp="2026-07-06T12:48:08.562833+00:00" hostname="agent-env-a260187b-8f1b-4c2e-8a9f-a476cba8da38"><testcase classname="backend.tests.test_feedback_template.TestCohortUploadFeedbackTemplate" name="test_homework_persists_feedback_template" time="0.174" /><testcase classname="backend.tests.test_feedback_template.TestCohortUploadFeedbackTemplate" name="test_workbook_feedback_template_dropped" time="0.108" /><testcase classname="backend.tests.test_feedback_template.TestCohortUploadFeedbackTemplate" name="test_case_study_feedback_template_dropped" time="0.121" /><testcase classname="backend.tests.test_feedback_template.TestCohortUploadFeedbackTemplate" name="test_homework_without_feedback_template_defaults_empty" time="0.112" /><testcase classname="backend.tests.test_feedback_template.TestLibraryUploadFeedbackTemplate" name="test_library_homework_persists_feedback_template" time="0.117" /><testcase classname="backend.tests.test_feedback_template.TestLibraryUploadFeedbackTemplate" name="test_library_workbook_feedback_template_dropped" time="0.108" /><testcase classname="backend.tests.test_feedback_template.TestUpdateFeedbackTemplate" name="test_updates_with_non_empty_string" time="0.224" /><testcase classname="backend.tests.test_feedback_template.TestUpdateFeedbackTemplate" name="test_empty_string_clears" time="0.206" /><testcase classname="backend.tests.test_feedback_template.TestUpdateFeedbackTemplate" name="test_whitespace_only_string_is_trimmed_to_empty" time="0.208" /><testcase classname="backend.tests.test_feedback_template.TestUpdateFeedbackTemplate" name="test_non_homework_material_returns_400" time="0.215" /><testcase classname="backend.tests.test_feedback_template.TestUpdateFeedbackTemplate" name="test_case_study_material_returns_400" time="0.218" /><testcase classname="backend.tests.test_feedback_template.TestUpdateFeedbackTemplate" name="test_unknown_material_id_returns_404" time="0.104" /><testcase classname="backend.tests.test_feedback_template.TestUpdateFeedbackTemplate" name="test_outsider_instructor_forbidden" time="0.238" /><testcase classname="backend.tests.test_feedback_template.TestUpdateFeedbackTemplate" name="test_super_admin_allowed" time="0.206" /><testcase classname="backend.tests.test_feedback_template.TestUpdateFeedbackTemplate" name="test_library_material_acl" time="0.317" /><testcase classname="backend.tests.test_feedback_template.TestSubmitOnBehalfWithCustomTemplate" name="test_submit_on_behalf_accepts_flow_with_custom_template" time="11.668" /></testsuite></testsuites>