<?xml version="1.0" encoding="utf-8"?><testsuites name="pytest tests"><testsuite name="pytest" errors="0" failures="1" skipped="0" tests="12" time="14.254" timestamp="2026-07-04T20:22:27.672388+00:00" hostname="agent-env-a260187b-8f1b-4c2e-8a9f-a476cba8da38"><testcase classname="backend.tests.test_global_materials.TestUploadIsGlobal" name="test_upload_is_global_true_sets_week_zero" time="0.402" /><testcase classname="backend.tests.test_global_materials.TestUploadIsGlobal" name="test_upload_is_global_false_preserves_week" time="0.197" /><testcase classname="backend.tests.test_global_materials.TestUploadIsGlobal" name="test_upload_is_global_omitted_defaults_false" time="0.183" /><testcase classname="backend.tests.test_global_materials.TestGetLibraryReturnsIsGlobal" name="test_list_returns_is_global_flag" time="0.430" /><testcase classname="backend.tests.test_global_materials.TestAssignGlobalMaterial" name="test_assign_global_to_cohort" time="0.400" /><testcase classname="backend.tests.test_global_materials.TestAssignGlobalMaterial" name="test_assign_regular_to_cohort" time="0.281" /><testcase classname="backend.tests.test_global_materials.TestStudentDashboardCourseResources" name="test_dashboard_has_course_resources_with_globals" time="0.907" /><testcase classname="backend.tests.test_global_materials.TestStudentDashboardCourseResources" name="test_dashboard_course_resources_empty_when_no_globals_assigned" time="0.421" /><testcase classname="backend.tests.test_global_materials.TestReviewWithGlobalMaterials" name="test_review_endpoint_prepends_globals" time="9.825" /><testcase classname="backend.tests.test_global_materials.TestDuplicatePreservesIsGlobal" name="test_duplicate_global_material_keeps_is_global" time="0.283"><failure message="AssertionError: Duplicated global material must preserve is_global=True, got None&#10;assert None is True&#10; +  where None = &lt;built-in method get of dict object at 0xfbbaa2233500&gt;('is_global')&#10; +    where &lt;built-in method get of dict object at 0xfbbaa2233500&gt; = {'_id': ObjectId('6a496b910bec9efa7e6f15b8'), 'cohort_id': None, 'cohort_ids': [], 'created_at': '2026-07-04T20:22:41.139725+00:00', ...}.get">backend/tests/test_global_materials.py:525: in test_duplicate_global_material_keeps_is_global
    assert dup_doc.get("is_global") is True, \
E   AssertionError: Duplicated global material must preserve is_global=True, got None
E   assert None is True
E    +  where None = &lt;built-in method get of dict object at 0xfbbaa2233500&gt;('is_global')
E    +    where &lt;built-in method get of dict object at 0xfbbaa2233500&gt; = {'_id': ObjectId('6a496b910bec9efa7e6f15b8'), 'cohort_id': None, 'cohort_ids': [], 'created_at': '2026-07-04T20:22:41.139725+00:00', ...}.get</failure></testcase><testcase classname="backend.tests.test_global_materials.TestDuplicatePreservesIsGlobal" name="test_duplicate_non_global_material_stays_non_global" time="0.253" /><testcase classname="backend.tests.test_global_materials.TestDownloadGlobalMaterial" name="test_student_can_download_assigned_global" time="0.479" /></testsuite></testsuites>