<?xml version="1.0" encoding="utf-8"?><testsuites name="pytest tests"><testsuite name="pytest" errors="0" failures="0" skipped="0" tests="12" time="11.403" timestamp="2026-07-04T20:24:48.955864+00:00" hostname="agent-env-a260187b-8f1b-4c2e-8a9f-a476cba8da38"><testcase classname="backend.tests.test_global_materials.TestUploadIsGlobal" name="test_upload_is_global_true_sets_week_zero" time="0.173" /><testcase classname="backend.tests.test_global_materials.TestUploadIsGlobal" name="test_upload_is_global_false_preserves_week" time="0.135" /><testcase classname="backend.tests.test_global_materials.TestUploadIsGlobal" name="test_upload_is_global_omitted_defaults_false" time="0.165" /><testcase classname="backend.tests.test_global_materials.TestGetLibraryReturnsIsGlobal" name="test_list_returns_is_global_flag" time="0.373" /><testcase classname="backend.tests.test_global_materials.TestAssignGlobalMaterial" name="test_assign_global_to_cohort" time="0.350" /><testcase classname="backend.tests.test_global_materials.TestAssignGlobalMaterial" name="test_assign_regular_to_cohort" time="0.237" /><testcase classname="backend.tests.test_global_materials.TestStudentDashboardCourseResources" name="test_dashboard_has_course_resources_with_globals" time="0.828" /><testcase classname="backend.tests.test_global_materials.TestStudentDashboardCourseResources" name="test_dashboard_course_resources_empty_when_no_globals_assigned" time="0.312" /><testcase classname="backend.tests.test_global_materials.TestReviewWithGlobalMaterials" name="test_review_endpoint_prepends_globals" time="7.670" /><testcase classname="backend.tests.test_global_materials.TestDuplicatePreservesIsGlobal" name="test_duplicate_global_material_keeps_is_global" time="0.285" /><testcase classname="backend.tests.test_global_materials.TestDuplicatePreservesIsGlobal" name="test_duplicate_non_global_material_stays_non_global" time="0.243" /><testcase classname="backend.tests.test_global_materials.TestDownloadGlobalMaterial" name="test_student_can_download_assigned_global" time="0.480" /></testsuite></testsuites>