<?xml version="1.0" encoding="utf-8"?><testsuites name="pytest tests"><testsuite name="pytest" errors="0" failures="0" skipped="0" tests="2" time="0.812" timestamp="2026-07-04T20:24:42.609844+00:00" hostname="agent-env-a260187b-8f1b-4c2e-8a9f-a476cba8da38"><testcase classname="backend.tests.test_global_materials.TestDuplicatePreservesIsGlobal" name="test_duplicate_global_material_keeps_is_global" time="0.404" /><testcase classname="backend.tests.test_global_materials.TestDuplicatePreservesIsGlobal" name="test_duplicate_non_global_material_stays_non_global" time="0.266" /></testsuite></testsuites>