<?xml version="1.0" encoding="utf-8"?><testsuites name="pytest tests"><testsuite name="pytest" errors="0" failures="4" skipped="1" tests="85" time="103.895" timestamp="2026-07-09T18:01:10.970788+00:00" hostname="agent-env-a260187b-8f1b-4c2e-8a9f-a476cba8da38"><testcase classname="backend.tests.test_coach_max_milestone.TestGetSubmissionMilestone" name="test_milestone_submission_returns_synthetic_material" time="0.571" /><testcase classname="backend.tests.test_coach_max_milestone.TestGetSubmissionMilestone" name="test_milestone_submission_top_level_assignment_and_milestone" time="0.116" /><testcase classname="backend.tests.test_coach_max_milestone.TestGetSubmissionMilestone" name="test_legacy_material_submission_returns_real_material" time="2.141" /><testcase classname="backend.tests.test_coach_max_milestone.TestGetSubmissionMilestone" name="test_non_owner_student_returns_403" time="0.111" /><testcase classname="backend.tests.test_coach_max_milestone.TestGetSubmissionMilestone" name="test_missing_submission_returns_404" time="0.118" /><testcase classname="backend.tests.test_coach_max_milestone.TestAskTutorMilestone" name="test_milestone_not_sent_returns_400" time="0.113" /><testcase classname="backend.tests.test_coach_max_milestone.TestAskTutorMilestone" name="test_missing_message_returns_400" time="0.116" /><testcase classname="backend.tests.test_coach_max_milestone.TestAskTutorMilestone" name="test_non_owner_returns_404" time="0.119" /><testcase classname="backend.tests.test_coach_max_milestone.TestAskTutorMilestone" name="test_milestone_sent_returns_200_with_llm_response" time="3.181" /><testcase classname="backend.tests.test_coach_max_milestone.TestAskTutorMilestone" name="test_legacy_material_sent_still_works" time="2.613" /><testcase classname="backend.tests.test_coach_max_milestone.TestSendFeedbackEmailMilestone" name="test_milestone_email_subject_and_body_and_cta_url" time="0.005" /><testcase classname="backend.tests.test_coach_max_milestone.TestSendFeedbackEmailMilestone" name="test_legacy_email_uses_material_title" time="0.003" /><testcase classname="backend.tests.test_coach_max_milestone.TestBuildCoachMaxContextHelper" name="test_context_for_milestone_text_submission_no_material" time="0.003" /><testcase classname="backend.tests.test_coach_max_milestone.TestBuildCoachMaxContextHelper" name="test_context_without_week_number_still_returns_tuple" time="0.004" /><testcase classname="backend.tests.test_submit_on_behalf_milestone.TestSubmitLinkAssignmentResolver" name="test_valid_returns_full_metadata_public" time="0.113" /><testcase classname="backend.tests.test_submit_on_behalf_milestone.TestSubmitLinkAssignmentResolver" name="test_nonexistent_assignment_returns_404" time="0.138" /><testcase classname="backend.tests.test_submit_on_behalf_milestone.TestSubmitLinkAssignmentResolver" name="test_no_milestone_for_week_returns_404" time="0.111" /><testcase classname="backend.tests.test_submit_on_behalf_milestone.TestSubmitLinkAssignmentResolver" name="test_public_no_auth_required" time="0.115" /><testcase classname="backend.tests.test_submit_on_behalf_milestone.TestMilestoneSubmitOnBehalf" name="test_no_auth_returns_401" time="0.116" /><testcase classname="backend.tests.test_submit_on_behalf_milestone.TestMilestoneSubmitOnBehalf" name="test_nonexistent_assignment_returns_404" time="0.120" /><testcase classname="backend.tests.test_submit_on_behalf_milestone.TestMilestoneSubmitOnBehalf" name="test_nonexistent_milestone_returns_404" time="0.111" /><testcase classname="backend.tests.test_submit_on_behalf_milestone.TestMilestoneSubmitOnBehalf" name="test_student_not_enrolled_returns_400" time="0.117" /><testcase classname="backend.tests.test_submit_on_behalf_milestone.TestMilestoneSubmitOnBehalf" name="test_unknown_student_returns_404" time="0.132" /><testcase classname="backend.tests.test_submit_on_behalf_milestone.TestMilestoneSubmitOnBehalf" name="test_bad_extension_returns_400" time="0.122" /><testcase classname="backend.tests.test_submit_on_behalf_milestone.TestMilestoneSubmitOnBehalf" name="test_missing_file_returns_400" time="0.114" /><testcase classname="backend.tests.test_submit_on_behalf_milestone.TestMilestoneSubmitOnBehalf" name="test_successful_submit_creates_submission_and_persists" time="0.353" /><testcase classname="backend.tests.test_submit_on_behalf_milestone.TestMilestoneSubmitOnBehalf" name="test_idempotent_resubmit_same_key" time="0.565" /><testcase classname="backend.tests.test_submit_on_behalf_milestone.TestMilestoneSubmitOnBehalf" name="test_ai_review_helper_triggered_status_becomes_draft" time="40.328" /><testcase classname="backend.tests.test_submit_on_behalf_milestone.TestLegacyMaterialSubmitOnBehalfRegression" name="test_legacy_endpoint_still_requires_auth" time="0.241" /><testcase classname="backend.tests.test_video_submission_review.TestPureHelpers" name="test_is_media_submission_positive" time="0.000" /><testcase classname="backend.tests.test_video_submission_review.TestPureHelpers" name="test_is_media_submission_negative" time="0.000" /><testcase classname="backend.tests.test_video_submission_review.TestPureHelpers" name="test_transcribe_media_bytes_returns_tuple_mp3" time="0.001"><failure message="FileNotFoundError: [Errno 2] No such file or directory: 'ffmpeg'">E   FileNotFoundError: [Errno 2] No such file or directory: 'ffmpeg'</failure></testcase><testcase classname="backend.tests.test_video_submission_review.TestPureHelpers" name="test_transcribe_media_bytes_no_dbwrite" time="0.001"><failure message="FileNotFoundError: [Errno 2] No such file or directory: 'ffmpeg'">E   FileNotFoundError: [Errno 2] No such file or directory: 'ffmpeg'</failure></testcase><testcase classname="backend.tests.test_video_submission_review.TestEnsureSubmissionTranscript" name="test_noop_for_non_media" time="0.008" /><testcase classname="backend.tests.test_video_submission_review.TestEnsureSubmissionTranscript" name="test_noop_when_transcript_already_set" time="0.000" /><testcase classname="backend.tests.test_video_submission_review.TestEnsureSubmissionTranscript" name="test_noop_when_prior_failed" time="0.000" /><testcase classname="backend.tests.test_video_submission_review.TestSubmitOnBehalfMedia" name="test_submit_mp3_transcribes_and_persists" time="0.001"><failure message="FileNotFoundError: [Errno 2] No such file or directory: 'ffmpeg'">E   FileNotFoundError: [Errno 2] No such file or directory: 'ffmpeg'</failure></testcase><testcase classname="backend.tests.test_video_submission_review.TestManualReviewEndpoint" name="test_review_endpoint_media_submission" time="0.001"><failure message="FileNotFoundError: [Errno 2] No such file or directory: 'ffmpeg'">E   FileNotFoundError: [Errno 2] No such file or directory: 'ffmpeg'</failure></testcase><testcase classname="backend.tests.test_video_submission_review.TestManualReviewEndpoint" name="test_review_endpoint_404_missing_submission" time="0.118" /><testcase classname="backend.tests.test_video_submission_review.TestNonMediaRegression" name="test_pdf_submit_on_behalf_no_transcription" time="14.090" /><testcase classname="backend.tests.test_video_submission_review.TestQuestionnaireRegression" name="test_questionnaire_submit_no_media_pipeline" time="9.404" /><testcase classname="backend.tests.test_video_submission_review.TestFfmpegFallback" name="test_direct_whisper_path_without_ffmpeg" time="0.004"><skipped type="pytest.skip" message="ffmpeg not present — cannot simulate its removal">/app/backend/tests/test_video_submission_review.py:459: ffmpeg not present — cannot simulate its removal</skipped></testcase><testcase classname="backend.tests.test_assignments_phase2.TestStudentAssignmentsDashboard" name="test_non_student_gets_403" time="0.175" /><testcase classname="backend.tests.test_assignments_phase2.TestStudentAssignmentsDashboard" name="test_super_admin_gets_403" time="0.116" /><testcase classname="backend.tests.test_assignments_phase2.TestStudentAssignmentsDashboard" name="test_returns_shape_with_expected_fields" time="0.254" /><testcase classname="backend.tests.test_assignments_phase2.TestStudentAssignmentsDashboard" name="test_auto_seeds_when_cohort_has_no_assignments" time="0.128" /><testcase classname="backend.tests.test_assignments_phase2.TestStudentAssignmentsDashboard" name="test_milestone_status_derived_from_submissions" time="0.242" /><testcase classname="backend.tests.test_assignments_phase2.TestStudentAssignmentsDashboard" name="test_current_week_is_min_unsubmitted_across_assignments" time="0.267" /><testcase classname="backend.tests.test_assignments_phase2.TestStudentAssignmentsDashboard" name="test_current_week_null_when_all_submitted" time="0.261" /><testcase classname="backend.tests.test_assignments_phase2.TestStudentAssignmentsDashboard" name="test_student_with_no_cohort_returns_empty_list" time="0.109" /><testcase classname="backend.tests.test_assignments_phase2.TestMilestoneSubmitEndpoint" name="test_requires_assignment_id_400" time="0.218" /><testcase classname="backend.tests.test_assignments_phase2.TestMilestoneSubmitEndpoint" name="test_unknown_assignment_404" time="0.244" /><testcase classname="backend.tests.test_assignments_phase2.TestMilestoneSubmitEndpoint" name="test_unknown_milestone_404" time="0.317" /><testcase classname="backend.tests.test_assignments_phase2.TestMilestoneSubmitEndpoint" name="test_not_enrolled_student_403" time="0.217" /><testcase classname="backend.tests.test_assignments_phase2.TestMilestoneSubmitEndpoint" name="test_instructor_forbidden" time="0.217" /><testcase classname="backend.tests.test_assignments_phase2.TestFileTypeValidation" name="test_60_second_pitch_rejects_pdf" time="0.227" /><testcase classname="backend.tests.test_assignments_phase2.TestFileTypeValidation" name="test_60_second_pitch_accepts_mp4" time="0.246" /><testcase classname="backend.tests.test_assignments_phase2.TestQuestionnaireSubmission" name="test_required_question_missing_400" time="0.232" /><testcase classname="backend.tests.test_assignments_phase2.TestQuestionnaireSubmission" name="test_successful_questionnaire_persists_answers" time="0.242" /><testcase classname="backend.tests.test_assignments_phase2.TestResubmission" name="test_resubmission_updates_existing_no_dup" time="11.062" /><testcase classname="backend.tests.test_assignments_phase2.TestLegacyMaterialSubmitRegression" name="test_legacy_material_submit_still_works" time="7.235" /><testcase classname="backend.tests.test_assignment_templates.TestListTemplates" name="test_requires_auth" time="0.107" /><testcase classname="backend.tests.test_assignment_templates.TestListTemplates" name="test_list_returns_array_and_can_edit_flag" time="0.464" /><testcase classname="backend.tests.test_assignment_templates.TestCreateTemplate" name="test_create_happy_path" time="0.112" /><testcase classname="backend.tests.test_assignment_templates.TestCreateTemplate" name="test_create_missing_name_400" time="0.104" /><testcase classname="backend.tests.test_assignment_templates.TestCreateTemplate" name="test_create_bad_submission_type_400" time="0.109" /><testcase classname="backend.tests.test_assignment_templates.TestCreateTemplate" name="test_create_normalizes_milestone_ids" time="0.104" /><testcase classname="backend.tests.test_assignment_templates.TestSaveAssignmentAsTemplate" name="test_snapshot_assignment" time="0.342" /><testcase classname="backend.tests.test_assignment_templates.TestSaveAssignmentAsTemplate" name="test_snapshot_403_for_non_manager" time="0.351" /><testcase classname="backend.tests.test_assignment_templates.TestSaveAssignmentAsTemplate" name="test_snapshot_super_admin_ok" time="0.319" /><testcase classname="backend.tests.test_assignment_templates.TestSaveAssignmentAsTemplate" name="test_snapshot_404_missing_assignment" time="0.112" /><testcase classname="backend.tests.test_assignment_templates.TestUpdateTemplate" name="test_update_by_author" time="0.237" /><testcase classname="backend.tests.test_assignment_templates.TestUpdateTemplate" name="test_update_by_other_instructor_403" time="0.213" /><testcase classname="backend.tests.test_assignment_templates.TestUpdateTemplate" name="test_update_by_super_admin" time="0.232" /><testcase classname="backend.tests.test_assignment_templates.TestUpdateTemplate" name="test_update_404" time="0.120" /><testcase classname="backend.tests.test_assignment_templates.TestDeleteTemplate" name="test_delete_by_author" time="0.235" /><testcase classname="backend.tests.test_assignment_templates.TestDeleteTemplate" name="test_delete_by_other_instructor_403" time="0.223" /><testcase classname="backend.tests.test_assignment_templates.TestApplyTemplate" name="test_apply_default_week_map_creates_new" time="0.345" /><testcase classname="backend.tests.test_assignment_templates.TestApplyTemplate" name="test_apply_week_map_remaps" time="0.360" /><testcase classname="backend.tests.test_assignment_templates.TestApplyTemplate" name="test_apply_week_map_null_skips" time="0.337" /><testcase classname="backend.tests.test_assignment_templates.TestApplyTemplate" name="test_apply_replace_existing_by_type" time="0.486" /><testcase classname="backend.tests.test_assignment_templates.TestApplyTemplate" name="test_apply_title_override" time="0.321" /><testcase classname="backend.tests.test_assignment_templates.TestApplyTemplate" name="test_apply_404_missing_template" time="0.223" /><testcase classname="backend.tests.test_assignment_templates.TestApplyTemplate" name="test_apply_404_missing_cohort" time="0.235" /><testcase classname="backend.tests.test_assignment_templates.TestApplyTemplate" name="test_apply_403_non_manager" time="0.339" /></testsuite></testsuites>