<?xml version="1.0" encoding="utf-8"?><testsuites name="pytest tests"><testsuite name="pytest" errors="0" failures="0" skipped="0" tests="19" time="2.414" timestamp="2026-08-04T21:56:21.870056+00:00" hostname="agent-env-a260187b-8f1b-4c2e-8a9f-a476cba8da38"><testcase classname="backend.tests.test_venture_path.TestParseReadinessScore" name="test_parses_trailing_line" time="0.355" /><testcase classname="backend.tests.test_venture_path.TestParseReadinessScore" name="test_returns_none_when_missing" time="0.000" /><testcase classname="backend.tests.test_venture_path.TestParseReadinessScore" name="test_clamps_range" time="0.000" /><testcase classname="backend.tests.test_venture_path.TestParseReadinessScore" name="test_parses_progress_score_new_label" time="0.000" /><testcase classname="backend.tests.test_venture_path.TestParseReadinessScore" name="test_parses_readiness_score_legacy_label" time="0.000" /><testcase classname="backend.tests.test_venture_path" name="test_investor_score_instruction_encouraging_language" time="0.000" /><testcase classname="backend.tests.test_venture_path.TestBadgeTierFor" name="test_thresholds" time="0.000" /><testcase classname="backend.tests.test_venture_path" name="test_unauthenticated_returns_401" time="0.313" /><testcase classname="backend.tests.test_venture_path" name="test_instructor_forbidden" time="0.108" /><testcase classname="backend.tests.test_venture_path" name="test_empty_student_shape" time="0.211" /><testcase classname="backend.tests.test_venture_path" name="test_unlock_module_2_after_seeded_submission" time="0.188" /><testcase classname="backend.tests.test_venture_path" name="test_tier_thresholds[49-none-bronze-1]" time="0.107" /><testcase classname="backend.tests.test_venture_path" name="test_tier_thresholds[50-bronze-silver-20]" time="0.145" /><testcase classname="backend.tests.test_venture_path" name="test_tier_thresholds[69-bronze-silver-1]" time="0.185" /><testcase classname="backend.tests.test_venture_path" name="test_tier_thresholds[70-silver-gold-15]" time="0.134" /><testcase classname="backend.tests.test_venture_path" name="test_tier_thresholds[84-silver-gold-1]" time="0.175" /><testcase classname="backend.tests.test_venture_path" name="test_tier_thresholds[85-gold-None-None]" time="0.129" /><testcase classname="backend.tests.test_venture_path" name="test_tier_thresholds[100-gold-None-None]" time="0.098" /><testcase classname="backend.tests.test_venture_path" name="test_best_attempt_wins_when_multiple_submissions" time="0.141" /></testsuite></testsuites>