<?xml version="1.0" encoding="utf-8"?><testsuites name="pytest tests"><testsuite name="pytest" errors="0" failures="0" skipped="0" tests="12" time="6.636" timestamp="2026-07-09T17:58:55.353393+00:00" hostname="agent-env-a260187b-8f1b-4c2e-8a9f-a476cba8da38"><testcase classname="backend.tests.test_magic_link.TestMagicLinkEndpoint" name="test_missing_token_returns_400" time="0.348" /><testcase classname="backend.tests.test_magic_link.TestMagicLinkEndpoint" name="test_empty_token_returns_400" time="0.117" /><testcase classname="backend.tests.test_magic_link.TestMagicLinkEndpoint" name="test_nonexistent_token_returns_401" time="0.168" /><testcase classname="backend.tests.test_magic_link.TestMagicLinkEndpoint" name="test_valid_token_returns_session_and_user" time="0.265" /><testcase classname="backend.tests.test_magic_link.TestMagicLinkEndpoint" name="test_expired_token_returns_401_and_is_deleted" time="0.116" /><testcase classname="backend.tests.test_magic_link.TestMagicLinkEndpoint" name="test_token_for_deleted_user_returns_404" time="0.117" /><testcase classname="backend.tests.test_magic_link.TestMagicLinkEndpoint" name="test_using_normal_session_token_is_noop_replay" time="0.108" /><testcase classname="backend.tests.test_magic_link.TestSendFeedbackMagicLink" name="test_send_feedback_generates_magic_and_ctal_url" time="0.404" /><testcase classname="backend.tests.test_magic_link.TestSendFeedbackMagicLink" name="test_magic_token_can_be_exchanged_and_used" time="4.526" /><testcase classname="backend.tests.test_magic_link.TestMagicLinkSecurity" name="test_ttl_is_bounded_30_days" time="0.007" /><testcase classname="backend.tests.test_magic_link.TestMagicLinkSecurity" name="test_token_bound_to_single_user" time="0.293" /><testcase classname="backend.tests.test_magic_link.TestMagicLinkSecurity" name="test_token_unpredictable_hex" time="0.014" /></testsuite></testsuites>