<?xml version="1.0" encoding="utf-8"?><testsuites name="pytest tests"><testsuite name="pytest" errors="0" failures="1" skipped="0" tests="19" time="5.433" timestamp="2026-07-07T21:36:33.873079+00:00" hostname="agent-env-a260187b-8f1b-4c2e-8a9f-a476cba8da38"><testcase classname="backend.tests.test_assignments_phase2.TestStudentAssignmentsDashboard" name="test_non_student_gets_403" time="0.312" /><testcase classname="backend.tests.test_assignments_phase2.TestStudentAssignmentsDashboard" name="test_super_admin_gets_403" time="0.634" /><testcase classname="backend.tests.test_assignments_phase2.TestStudentAssignmentsDashboard" name="test_returns_shape_with_expected_fields" time="0.238" /><testcase classname="backend.tests.test_assignments_phase2.TestStudentAssignmentsDashboard" name="test_auto_seeds_when_cohort_has_no_assignments" time="0.119" /><testcase classname="backend.tests.test_assignments_phase2.TestStudentAssignmentsDashboard" name="test_milestone_status_derived_from_submissions" time="0.319" /><testcase classname="backend.tests.test_assignments_phase2.TestStudentAssignmentsDashboard" name="test_current_week_is_min_unsubmitted_across_assignments" time="0.263" /><testcase classname="backend.tests.test_assignments_phase2.TestStudentAssignmentsDashboard" name="test_current_week_null_when_all_submitted" time="0.242" /><testcase classname="backend.tests.test_assignments_phase2.TestStudentAssignmentsDashboard" name="test_student_with_no_cohort_returns_empty_list" time="0.104" /><testcase classname="backend.tests.test_assignments_phase2.TestMilestoneSubmitEndpoint" name="test_requires_assignment_id_400" time="0.217" /><testcase classname="backend.tests.test_assignments_phase2.TestMilestoneSubmitEndpoint" name="test_unknown_assignment_404" time="0.208" /><testcase classname="backend.tests.test_assignments_phase2.TestMilestoneSubmitEndpoint" name="test_unknown_milestone_404" time="0.223" /><testcase classname="backend.tests.test_assignments_phase2.TestMilestoneSubmitEndpoint" name="test_not_enrolled_student_403" time="0.234" /><testcase classname="backend.tests.test_assignments_phase2.TestMilestoneSubmitEndpoint" name="test_instructor_forbidden" time="0.232" /><testcase classname="backend.tests.test_assignments_phase2.TestFileTypeValidation" name="test_60_second_pitch_rejects_pdf" time="0.288" /><testcase classname="backend.tests.test_assignments_phase2.TestFileTypeValidation" name="test_60_second_pitch_accepts_mp4" time="0.227" /><testcase classname="backend.tests.test_assignments_phase2.TestQuestionnaireSubmission" name="test_required_question_missing_400" time="0.115"><failure message="AssertionError: Auto-seeded questionnaire should have fields&#10;assert 0 &gt; 0&#10; +  where 0 = len([])">backend/tests/test_assignments_phase2.py:405: in test_required_question_missing_400
    assert len(fields) &gt; 0, "Auto-seeded questionnaire should have fields"
E   AssertionError: Auto-seeded questionnaire should have fields
E   assert 0 &gt; 0
E    +  where 0 = len([])</failure></testcase><testcase classname="backend.tests.test_assignments_phase2.TestQuestionnaireSubmission" name="test_successful_questionnaire_persists_answers" time="0.254" /><testcase classname="backend.tests.test_assignments_phase2.TestResubmission" name="test_resubmission_updates_existing_no_dup" time="0.378" /><testcase classname="backend.tests.test_assignments_phase2.TestLegacyMaterialSubmitRegression" name="test_legacy_material_submit_still_works" time="0.651" /></testsuite></testsuites>