<?xml version="1.0" encoding="utf-8"?><testsuites name="pytest tests"><testsuite name="pytest" errors="0" failures="0" skipped="0" tests="51" time="28.253" timestamp="2026-07-06T19:56:36.521871+00:00" hostname="agent-env-a260187b-8f1b-4c2e-8a9f-a476cba8da38"><testcase classname="backend.tests.test_feedback_template.TestCohortUploadFeedbackTemplate" name="test_homework_persists_feedback_template" time="0.194" /><testcase classname="backend.tests.test_feedback_template.TestCohortUploadFeedbackTemplate" name="test_workbook_feedback_template_dropped" time="0.119" /><testcase classname="backend.tests.test_feedback_template.TestCohortUploadFeedbackTemplate" name="test_case_study_feedback_template_dropped" time="0.103" /><testcase classname="backend.tests.test_feedback_template.TestCohortUploadFeedbackTemplate" name="test_homework_without_feedback_template_defaults_empty" time="0.117" /><testcase classname="backend.tests.test_feedback_template.TestLibraryUploadFeedbackTemplate" name="test_library_homework_persists_feedback_template" time="0.121" /><testcase classname="backend.tests.test_feedback_template.TestLibraryUploadFeedbackTemplate" name="test_library_workbook_feedback_template_dropped" time="0.141" /><testcase classname="backend.tests.test_feedback_template.TestUpdateFeedbackTemplate" name="test_updates_with_non_empty_string" time="0.234" /><testcase classname="backend.tests.test_feedback_template.TestUpdateFeedbackTemplate" name="test_empty_string_clears" time="0.232" /><testcase classname="backend.tests.test_feedback_template.TestUpdateFeedbackTemplate" name="test_whitespace_only_string_is_trimmed_to_empty" time="0.217" /><testcase classname="backend.tests.test_feedback_template.TestUpdateFeedbackTemplate" name="test_non_homework_material_returns_400" time="0.270" /><testcase classname="backend.tests.test_feedback_template.TestUpdateFeedbackTemplate" name="test_case_study_material_returns_400" time="0.252" /><testcase classname="backend.tests.test_feedback_template.TestUpdateFeedbackTemplate" name="test_unknown_material_id_returns_404" time="0.121" /><testcase classname="backend.tests.test_feedback_template.TestUpdateFeedbackTemplate" name="test_outsider_instructor_forbidden" time="0.216" /><testcase classname="backend.tests.test_feedback_template.TestUpdateFeedbackTemplate" name="test_super_admin_allowed" time="0.237" /><testcase classname="backend.tests.test_feedback_template.TestUpdateFeedbackTemplate" name="test_library_material_acl" time="0.372" /><testcase classname="backend.tests.test_feedback_template.TestSubmitOnBehalfWithCustomTemplate" name="test_submit_on_behalf_accepts_flow_with_custom_template" time="8.101" /><testcase classname="backend.tests.test_global_materials.TestUploadIsGlobal" name="test_upload_is_global_true_sets_week_zero" time="0.162" /><testcase classname="backend.tests.test_global_materials.TestUploadIsGlobal" name="test_upload_is_global_false_preserves_week" time="0.135" /><testcase classname="backend.tests.test_global_materials.TestUploadIsGlobal" name="test_upload_is_global_omitted_defaults_false" time="0.131" /><testcase classname="backend.tests.test_global_materials.TestGetLibraryReturnsIsGlobal" name="test_list_returns_is_global_flag" time="0.401" /><testcase classname="backend.tests.test_global_materials.TestAssignGlobalMaterial" name="test_assign_global_to_cohort" time="0.347" /><testcase classname="backend.tests.test_global_materials.TestAssignGlobalMaterial" name="test_assign_regular_to_cohort" time="0.256" /><testcase classname="backend.tests.test_global_materials.TestStudentDashboardCourseResources" name="test_dashboard_has_course_resources_with_globals" time="0.859" /><testcase classname="backend.tests.test_global_materials.TestStudentDashboardCourseResources" name="test_dashboard_course_resources_empty_when_no_globals_assigned" time="0.341" /><testcase classname="backend.tests.test_global_materials.TestReviewWithGlobalMaterials" name="test_review_endpoint_prepends_globals" time="7.562" /><testcase classname="backend.tests.test_global_materials.TestDuplicatePreservesIsGlobal" name="test_duplicate_global_material_keeps_is_global" time="0.288" /><testcase classname="backend.tests.test_global_materials.TestDuplicatePreservesIsGlobal" name="test_duplicate_non_global_material_stays_non_global" time="0.242" /><testcase classname="backend.tests.test_global_materials.TestDownloadGlobalMaterial" name="test_student_can_download_assigned_global" time="0.458" /><testcase classname="backend.tests.test_duplicate_endpoints.TestLibraryDuplicate" name="test_duplicate_library_material_basic" time="0.490" /><testcase classname="backend.tests.test_duplicate_endpoints.TestLibraryDuplicate" name="test_duplicate_library_file_bytes_match" time="0.224" /><testcase classname="backend.tests.test_duplicate_endpoints.TestLibraryDuplicate" name="test_duplicate_legacy_library_returns_410" time="0.136" /><testcase classname="backend.tests.test_duplicate_endpoints.TestCohortDuplicate" name="test_duplicate_cohort_basic" time="0.345" /><testcase classname="backend.tests.test_duplicate_endpoints.TestCohortDuplicate" name="test_duplicate_cohort_acl_outsider_403" time="0.105" /><testcase classname="backend.tests.test_duplicate_endpoints.TestCohortDuplicate" name="test_duplicate_cohort_404_for_missing" time="0.103" /><testcase classname="backend.tests.test_duplicate_endpoints.TestRegression" name="test_assign_then_unassign" time="0.442" /><testcase classname="backend.tests.test_duplicate_endpoints.TestRegression" name="test_update_library_material" time="0.463" /><testcase classname="backend.tests.test_drive_link.TestCohortMaterialUpload" name="test_homework_with_drive_url_persists" time="0.105" /><testcase classname="backend.tests.test_drive_link.TestCohortMaterialUpload" name="test_workbook_with_drive_url_is_dropped" time="0.108" /><testcase classname="backend.tests.test_drive_link.TestCohortMaterialUpload" name="test_homework_without_drive_url_defaults_empty" time="0.110" /><testcase classname="backend.tests.test_drive_link.TestLibraryMaterialUpload" name="test_library_homework_persists_url" time="0.106" /><testcase classname="backend.tests.test_drive_link.TestUpdateDriveLink" name="test_valid_https_updates" time="0.322" /><testcase classname="backend.tests.test_drive_link.TestUpdateDriveLink" name="test_empty_string_clears" time="0.211" /><testcase classname="backend.tests.test_drive_link.TestUpdateDriveLink" name="test_javascript_url_rejected" time="0.226" /><testcase classname="backend.tests.test_drive_link.TestUpdateDriveLink" name="test_ftp_url_rejected" time="0.220" /><testcase classname="backend.tests.test_drive_link.TestUpdateDriveLink" name="test_non_homework_material_rejected" time="0.264" /><testcase classname="backend.tests.test_drive_link.TestUpdateDriveLink" name="test_outsider_instructor_forbidden" time="0.240" /><testcase classname="backend.tests.test_drive_link.TestUpdateDriveLink" name="test_cohort_manager_allowed" time="0.231" /><testcase classname="backend.tests.test_drive_link.TestUpdateDriveLink" name="test_library_material_acl" time="0.332" /><testcase classname="backend.tests.test_drive_link.TestSubmitLinkAndDashboard" name="test_submit_link_returns_drive_url" time="0.239" /><testcase classname="backend.tests.test_drive_link.TestSubmitLinkAndDashboard" name="test_student_dashboard_exposes_drive_url" time="0.230" /><testcase classname="backend.tests.test_drive_link.TestSubmitLinkAndDashboard" name="test_regression_submission_flow_still_works" time="0.590" /></testsuite></testsuites>