<?xml version="1.0" encoding="utf-8"?><testsuites name="pytest tests"><testsuite name="pytest" errors="0" failures="2" skipped="0" tests="26" time="7.037" timestamp="2026-07-07T16:54:04.944800+00:00" hostname="agent-env-a260187b-8f1b-4c2e-8a9f-a476cba8da38"><testcase classname="backend.tests.test_assignments_phase1.TestCohortModelExtensions" name="test_new_cohort_has_default_total_weeks_and_auto_send" time="0.265" /><testcase classname="backend.tests.test_assignments_phase1.TestCohortModelExtensions" name="test_cohort_update_persists_auto_send_and_total_weeks" time="0.301" /><testcase classname="backend.tests.test_assignments_phase1.TestAutoSeedOnCreate" name="test_create_cohort_seeds_four_default_assignments" time="0.144" /><testcase classname="backend.tests.test_assignments_phase1.TestAutoSeedOnCreate" name="test_each_default_assignment_has_14_milestones" time="0.178" /><testcase classname="backend.tests.test_assignments_phase1.TestAutoSeedOnCreate" name="test_kawasaki_final_milestone_is_capstone" time="0.117" /><testcase classname="backend.tests.test_assignments_phase1.TestAutoSeedOnCreate" name="test_non_kawasaki_have_no_capstone" time="0.126" /><testcase classname="backend.tests.test_assignments_phase1.TestListAssignments" name="test_instructor_lists_four_defaults" time="0.373" /><testcase classname="backend.tests.test_assignments_phase1.TestListAssignments" name="test_enrolled_student_can_read_assignments" time="0.285" /><testcase classname="backend.tests.test_assignments_phase1.TestListAssignments" name="test_non_enrolled_non_instructor_gets_403" time="0.231" /><testcase classname="backend.tests.test_assignments_phase1.TestListAssignments" name="test_auto_seed_on_instructor_get_when_missing" time="0.108" /><testcase classname="backend.tests.test_assignments_phase1.TestCreateCustomAssignment" name="test_creates_custom_with_valid_submission_type" time="0.220" /><testcase classname="backend.tests.test_assignments_phase1.TestCreateCustomAssignment" name="test_rejects_unknown_submission_type_400" time="0.234" /><testcase classname="backend.tests.test_assignments_phase1.TestUpdateAssignment" name="test_update_title_and_feedback_template" time="0.296" /><testcase classname="backend.tests.test_assignments_phase1.TestUpdateAssignment" name="test_non_manager_gets_403" time="0.243" /><testcase classname="backend.tests.test_assignments_phase1.TestSoftDeleteAssignment" name="test_soft_delete_sets_inactive" time="0.231" /><testcase classname="backend.tests.test_assignments_phase1.TestUpdateMilestone" name="test_update_milestone_in_place" time="0.288" /><testcase classname="backend.tests.test_assignments_phase1.TestUpdateMilestone" name="test_update_unknown_milestone_returns_404" time="0.314" /><testcase classname="backend.tests.test_assignments_phase1.TestAssignmentSubmitLinkResolver" name="test_valid_returns_milestone" time="0.234" /><testcase classname="backend.tests.test_assignments_phase1.TestAssignmentSubmitLinkResolver" name="test_missing_week_returns_404" time="0.217" /><testcase classname="backend.tests.test_assignments_phase1.TestCohortDeleteCascade" name="test_delete_cohort_cleans_assignments" time="0.251" /><testcase classname="backend.tests.test_assignments_phase1.TestMigration" name="test_migration_requires_super_admin" time="0.108" /><testcase classname="backend.tests.test_assignments_phase1.TestMigration" name="test_migration_seeds_assignments_and_reassigns_subs" time="0.153" /><testcase classname="backend.tests.test_assignments_phase1.TestMigration" name="test_migration_idempotent" time="0.366" /><testcase classname="backend.tests.test_assignments_phase1.TestSubmissionCarriesAssignmentIds" name="test_submit_with_query_params_persists_ids" time="0.841" /><testcase classname="backend.tests.test_assignments_phase1.TestCumulativeReview" name="test_review_uses_prior_assignment_submissions" time="0.224"><failure message="AssertionError: {&quot;detail&quot;:&quot;Allowed file types for this assignment: .pdf, .docx, .doc&quot;}&#10;assert 400 == 200&#10; +  where 400 = &lt;Response [400]&gt;.status_code">backend/tests/test_assignments_phase1.py:555: in test_review_uses_prior_assignment_submissions
    assert r.status_code == 200, r.text
E   AssertionError: {"detail":"Allowed file types for this assignment: .pdf, .docx, .doc"}
E   assert 400 == 200
E    +  where 400 = &lt;Response [400]&gt;.status_code</failure></testcase><testcase classname="backend.tests.test_assignments_phase1.TestAutoSendFeedback" name="test_auto_send_flips_status_sent" time="0.497"><failure message="AssertionError: {&quot;detail&quot;:&quot;Allowed file types for this assignment: .pdf, .docx, .doc&quot;}&#10;assert 400 == 200&#10; +  where 400 = &lt;Response [400]&gt;.status_code">backend/tests/test_assignments_phase1.py:619: in test_auto_send_flips_status_sent
    assert sub_r.status_code == 200, sub_r.text
E   AssertionError: {"detail":"Allowed file types for this assignment: .pdf, .docx, .doc"}
E   assert 400 == 200
E    +  where 400 = &lt;Response [400]&gt;.status_code</failure></testcase></testsuite></testsuites>