<?xml version="1.0" encoding="utf-8"?><testsuites name="pytest tests"><testsuite name="pytest" errors="0" failures="1" skipped="0" tests="24" time="6.788" timestamp="2026-07-07T21:07:27.754967+00:00" hostname="agent-env-a260187b-8f1b-4c2e-8a9f-a476cba8da38"><testcase classname="backend.tests.test_assignment_templates.TestListTemplates" name="test_requires_auth" time="0.259" /><testcase classname="backend.tests.test_assignment_templates.TestListTemplates" name="test_list_returns_array_and_can_edit_flag" time="0.606" /><testcase classname="backend.tests.test_assignment_templates.TestCreateTemplate" name="test_create_happy_path" time="0.146" /><testcase classname="backend.tests.test_assignment_templates.TestCreateTemplate" name="test_create_missing_name_400" time="0.129" /><testcase classname="backend.tests.test_assignment_templates.TestCreateTemplate" name="test_create_bad_submission_type_400" time="0.103" /><testcase classname="backend.tests.test_assignment_templates.TestCreateTemplate" name="test_create_normalizes_milestone_ids" time="0.146" /><testcase classname="backend.tests.test_assignment_templates.TestSaveAssignmentAsTemplate" name="test_snapshot_assignment" time="0.361"><failure message="AssertionError: assert False&#10; +  where False = &lt;built-in method isdisjoint of set object at 0xfb7b863db840&gt;({'ms_0248bb35abc2', 'ms_117d24bd5763', 'ms_11a0cebf9fae', 'ms_2474a7a849f9', 'ms_45cec522433a', 'ms_5dbb5459846a', ...})&#10; +    where &lt;built-in method isdisjoint of set object at 0xfb7b863db840&gt; = {'ms_0248bb35abc2', 'ms_117d24bd5763', 'ms_11a0cebf9fae', 'ms_2474a7a849f9', 'ms_45cec522433a', 'ms_5dbb5459846a', ...}.isdisjoint">backend/tests/test_assignment_templates.py:217: in test_snapshot_assignment
    assert old_ids.isdisjoint(new_ids)
E   AssertionError: assert False
E    +  where False = &lt;built-in method isdisjoint of set object at 0xfb7b863db840&gt;({'ms_0248bb35abc2', 'ms_117d24bd5763', 'ms_11a0cebf9fae', 'ms_2474a7a849f9', 'ms_45cec522433a', 'ms_5dbb5459846a', ...})
E    +    where &lt;built-in method isdisjoint of set object at 0xfb7b863db840&gt; = {'ms_0248bb35abc2', 'ms_117d24bd5763', 'ms_11a0cebf9fae', 'ms_2474a7a849f9', 'ms_45cec522433a', 'ms_5dbb5459846a', ...}.isdisjoint</failure></testcase><testcase classname="backend.tests.test_assignment_templates.TestSaveAssignmentAsTemplate" name="test_snapshot_403_for_non_manager" time="0.322" /><testcase classname="backend.tests.test_assignment_templates.TestSaveAssignmentAsTemplate" name="test_snapshot_super_admin_ok" time="0.325" /><testcase classname="backend.tests.test_assignment_templates.TestSaveAssignmentAsTemplate" name="test_snapshot_404_missing_assignment" time="0.115" /><testcase classname="backend.tests.test_assignment_templates.TestUpdateTemplate" name="test_update_by_author" time="0.266" /><testcase classname="backend.tests.test_assignment_templates.TestUpdateTemplate" name="test_update_by_other_instructor_403" time="0.224" /><testcase classname="backend.tests.test_assignment_templates.TestUpdateTemplate" name="test_update_by_super_admin" time="0.299" /><testcase classname="backend.tests.test_assignment_templates.TestUpdateTemplate" name="test_update_404" time="0.156" /><testcase classname="backend.tests.test_assignment_templates.TestDeleteTemplate" name="test_delete_by_author" time="0.213" /><testcase classname="backend.tests.test_assignment_templates.TestDeleteTemplate" name="test_delete_by_other_instructor_403" time="0.248" /><testcase classname="backend.tests.test_assignment_templates.TestApplyTemplate" name="test_apply_default_week_map_creates_new" time="0.369" /><testcase classname="backend.tests.test_assignment_templates.TestApplyTemplate" name="test_apply_week_map_remaps" time="0.318" /><testcase classname="backend.tests.test_assignment_templates.TestApplyTemplate" name="test_apply_week_map_null_skips" time="0.369" /><testcase classname="backend.tests.test_assignment_templates.TestApplyTemplate" name="test_apply_replace_existing_by_type" time="0.473" /><testcase classname="backend.tests.test_assignment_templates.TestApplyTemplate" name="test_apply_title_override" time="0.364" /><testcase classname="backend.tests.test_assignment_templates.TestApplyTemplate" name="test_apply_404_missing_template" time="0.227" /><testcase classname="backend.tests.test_assignment_templates.TestApplyTemplate" name="test_apply_404_missing_cohort" time="0.223" /><testcase classname="backend.tests.test_assignment_templates.TestApplyTemplate" name="test_apply_403_non_manager" time="0.331" /></testsuite></testsuites>