<?xml version="1.0" encoding="utf-8"?><testsuites name="pytest tests"><testsuite name="pytest" errors="0" failures="0" skipped="0" tests="41" time="108.729" timestamp="2026-07-17T19:47:55.684608+00:00" hostname="agent-env-a260187b-8f1b-4c2e-8a9f-a476cba8da38"><testcase classname="backend.tests.test_ask_tutor_performance.TestSourceCodePaths" name="test_session_id_is_unique_per_request" time="0.001" /><testcase classname="backend.tests.test_ask_tutor_performance.TestSourceCodePaths" name="test_history_window_uses_to_list_6" time="0.000" /><testcase classname="backend.tests.test_ask_tutor_performance.TestSourceCodePaths" name="test_history_trim_400_800" time="0.000" /><testcase classname="backend.tests.test_ask_tutor_performance.TestSourceCodePaths" name="test_context_trimmed_to_2500" time="0.000" /><testcase classname="backend.tests.test_ask_tutor_performance.TestSourceCodePaths" name="test_asyncio_wait_for_75s" time="0.000" /><testcase classname="backend.tests.test_ask_tutor_performance.TestSourceCodePaths" name="test_timeout_handler_returns_504" time="0.000" /><testcase classname="backend.tests.test_ask_tutor_performance.TestInputValidation" name="test_unauthed_401" time="1.187" /><testcase classname="backend.tests.test_ask_tutor_performance.TestInputValidation" name="test_missing_message_400" time="0.160" /><testcase classname="backend.tests.test_ask_tutor_performance.TestInputValidation" name="test_missing_submission_id_400" time="6.303" /><testcase classname="backend.tests.test_ask_tutor_performance.TestInputValidation" name="test_unknown_submission_404" time="0.151" /><testcase classname="backend.tests.test_ask_tutor_performance.TestInputValidation" name="test_pending_submission_400" time="0.110" /><testcase classname="backend.tests.test_ask_tutor_performance.TestFollowUpLatency" name="test_three_sequential_questions_stay_under_60s" time="53.993" /><testcase classname="backend.tests.test_ask_tutor_performance.TestFollowUpLatency" name="test_tutor_chats_persisted_all_three" time="0.006" /><testcase classname="backend.tests.test_ask_tutor_performance.TestHistoryWindowBound" name="test_endpoint_stays_fast_with_8_prior_chats" time="2.720" /><testcase classname="backend.tests.test_ask_tutor_performance.TestLegacyMaterialRegression" name="test_legacy_material_submission_still_answers" time="3.927" /><testcase classname="backend.tests.test_submission_enrichment" name="test_health" time="0.115" /><testcase classname="backend.tests.test_submission_enrichment" name="test_auth_required" time="0.113" /><testcase classname="backend.tests.test_submission_enrichment.TestGetSubmissions" name="test_super_admin_milestone_material_populated" time="0.139" /><testcase classname="backend.tests.test_submission_enrichment.TestGetSubmissions" name="test_no_milestone_sub_shows_bug_placeholder" time="0.144" /><testcase classname="backend.tests.test_submission_enrichment.TestGetSubmissions" name="test_response_shape" time="0.168" /><testcase classname="backend.tests.test_submission_enrichment.TestCohortSubmissions" name="test_cohort_submissions_enriched" time="0.136" /><testcase classname="backend.tests.test_submission_enrichment.TestCohortSubmissions" name="test_cohort_response_shape" time="0.154" /><testcase classname="backend.tests.test_submission_enrichment.TestExportPDF" name="test_export_pdf_for_milestone_sub" time="1.041" /><testcase classname="backend.tests.test_submission_enrichment.TestExportPDF" name="test_export_pdf_requires_auth" time="0.137" /><testcase classname="backend.tests.test_magic_link.TestMagicLinkEndpoint" name="test_missing_token_returns_400" time="0.123" /><testcase classname="backend.tests.test_magic_link.TestMagicLinkEndpoint" name="test_empty_token_returns_400" time="0.095" /><testcase classname="backend.tests.test_magic_link.TestMagicLinkEndpoint" name="test_nonexistent_token_returns_401" time="0.112" /><testcase classname="backend.tests.test_magic_link.TestMagicLinkEndpoint" name="test_valid_token_returns_session_and_user" time="0.131" /><testcase classname="backend.tests.test_magic_link.TestMagicLinkEndpoint" name="test_expired_token_returns_401_and_is_deleted" time="0.161" /><testcase classname="backend.tests.test_magic_link.TestMagicLinkEndpoint" name="test_token_for_deleted_user_returns_404" time="0.145" /><testcase classname="backend.tests.test_magic_link.TestMagicLinkEndpoint" name="test_using_normal_session_token_is_noop_replay" time="0.117" /><testcase classname="backend.tests.test_magic_link.TestSendFeedbackMagicLink" name="test_send_feedback_generates_magic_and_ctal_url" time="0.301" /><testcase classname="backend.tests.test_magic_link.TestSendFeedbackMagicLink" name="test_magic_token_can_be_exchanged_and_used" time="1.422" /><testcase classname="backend.tests.test_magic_link.TestMagicLinkSecurity" name="test_ttl_is_bounded_30_days" time="0.007" /><testcase classname="backend.tests.test_magic_link.TestMagicLinkSecurity" name="test_token_bound_to_single_user" time="0.252" /><testcase classname="backend.tests.test_magic_link.TestMagicLinkSecurity" name="test_token_unpredictable_hex" time="0.010" /><testcase classname="backend.tests.test_milestone_submit_auto_review.TestAutoReviewOnNewSubmit" name="test_text_submission_triggers_ai_feedback" time="6.179" /><testcase classname="backend.tests.test_milestone_submit_auto_review.TestAutoReviewOnResubmit" name="test_resubmit_regenerates_ai_feedback" time="12.370" /><testcase classname="backend.tests.test_milestone_submit_auto_review.TestAutoReviewOnQuestionnaire" name="test_questionnaire_submit_triggers_ai_feedback" time="5.160" /><testcase classname="backend.tests.test_milestone_submit_auto_review.TestFeedbackTemplateOverridePrecedence" name="test_milestone_override_wins_over_assignment_template" time="6.178" /><testcase classname="backend.tests.test_milestone_submit_auto_review.TestSubmitOnBehalfStillWorks" name="test_sob_still_triggers_auto_review" time="5.093" /></testsuite></testsuites>