<?xml version="1.0" encoding="utf-8"?><testsuites name="pytest tests"><testsuite name="pytest" errors="0" failures="1" skipped="0" tests="14" time="1.649" timestamp="2026-07-07T21:52:22.269759+00:00" hostname="agent-env-a260187b-8f1b-4c2e-8a9f-a476cba8da38"><testcase classname="backend.tests.test_milestone_titles.TestNewCohortMilestoneTitles" name="test_four_defaults_seeded" time="0.478" /><testcase classname="backend.tests.test_milestone_titles.TestNewCohortMilestoneTitles" name="test_60_second_pitch_week1_title" time="0.000" /><testcase classname="backend.tests.test_milestone_titles.TestNewCohortMilestoneTitles" name="test_60_second_pitch_week3_title" time="0.000" /><testcase classname="backend.tests.test_milestone_titles.TestNewCohortMilestoneTitles" name="test_10_slide_pitch_week2_title" time="0.000" /><testcase classname="backend.tests.test_milestone_titles.TestNewCohortMilestoneTitles" name="test_10_slide_pitch_final_capstone" time="0.000" /><testcase classname="backend.tests.test_milestone_titles.TestNewCohortMilestoneTitles" name="test_case_activity_week3_title" time="0.000" /><testcase classname="backend.tests.test_milestone_titles.TestNewCohortMilestoneTitles" name="test_business_questionnaire_week1_title" time="0.000" /><testcase classname="backend.tests.test_milestone_titles.TestNewCohortMilestoneTitles" name="test_all_14_weeks_present_and_non_default" time="0.000" /><testcase classname="backend.tests.test_milestone_titles.TestRegenerateEndpointAuth" name="test_no_auth_returns_401" time="0.137" /><testcase classname="backend.tests.test_milestone_titles.TestRegenerateEndpointAuth" name="test_instructor_returns_403" time="0.142" /><testcase classname="backend.tests.test_milestone_titles.TestRegenerateEndpointAuth" name="test_super_admin_succeeds" time="0.382" /><testcase classname="backend.tests.test_milestone_titles.TestRegenerateRenameBehavior" name="test_first_run_renames_stale_titles" time="0.112"><failure message="assert 13 &gt;= 14">backend/tests/test_milestone_titles.py:235: in test_first_run_renames_stale_titles
    assert body["milestones_renamed"] &gt;= 14  # 13 stale + 1 legacy capstone label at least
    ^^^^^^^^^^^^^^^^^^^^^^^^^^^^^^^^^^^^^^^
E   assert 13 &gt;= 14</failure></testcase><testcase classname="backend.tests.test_milestone_titles.TestRegenerateRenameBehavior" name="test_second_run_is_idempotent" time="0.119" /><testcase classname="backend.tests.test_milestone_titles.TestRegenerateRenameBehavior" name="test_custom_title_never_overwritten" time="0.122" /></testsuite></testsuites>