<?xml version="1.0" encoding="utf-8"?><testsuites name="pytest tests"><testsuite name="pytest" errors="0" failures="0" skipped="0" tests="14" time="6.883" timestamp="2026-07-09T16:32:51.393203+00:00" hostname="agent-env-a260187b-8f1b-4c2e-8a9f-a476cba8da38"><testcase classname="backend.tests.test_coach_max_milestone.TestGetSubmissionMilestone" name="test_milestone_submission_returns_synthetic_material" time="0.736" /><testcase classname="backend.tests.test_coach_max_milestone.TestGetSubmissionMilestone" name="test_milestone_submission_top_level_assignment_and_milestone" time="0.138" /><testcase classname="backend.tests.test_coach_max_milestone.TestGetSubmissionMilestone" name="test_legacy_material_submission_returns_real_material" time="0.147" /><testcase classname="backend.tests.test_coach_max_milestone.TestGetSubmissionMilestone" name="test_non_owner_student_returns_403" time="0.132" /><testcase classname="backend.tests.test_coach_max_milestone.TestGetSubmissionMilestone" name="test_missing_submission_returns_404" time="0.146" /><testcase classname="backend.tests.test_coach_max_milestone.TestAskTutorMilestone" name="test_milestone_not_sent_returns_400" time="0.109" /><testcase classname="backend.tests.test_coach_max_milestone.TestAskTutorMilestone" name="test_missing_message_returns_400" time="0.102" /><testcase classname="backend.tests.test_coach_max_milestone.TestAskTutorMilestone" name="test_non_owner_returns_404" time="0.124" /><testcase classname="backend.tests.test_coach_max_milestone.TestAskTutorMilestone" name="test_milestone_sent_returns_200_with_llm_response" time="2.864" /><testcase classname="backend.tests.test_coach_max_milestone.TestAskTutorMilestone" name="test_legacy_material_sent_still_works" time="2.245" /><testcase classname="backend.tests.test_coach_max_milestone.TestSendFeedbackEmailMilestone" name="test_milestone_email_subject_and_body_and_cta_url" time="0.004" /><testcase classname="backend.tests.test_coach_max_milestone.TestSendFeedbackEmailMilestone" name="test_legacy_email_uses_material_title" time="0.003" /><testcase classname="backend.tests.test_coach_max_milestone.TestBuildCoachMaxContextHelper" name="test_context_for_milestone_text_submission_no_material" time="0.003" /><testcase classname="backend.tests.test_coach_max_milestone.TestBuildCoachMaxContextHelper" name="test_context_without_week_number_still_returns_tuple" time="0.004" /></testsuite></testsuites>