<?xml version="1.0" encoding="utf-8"?><testsuites name="pytest tests"><testsuite name="pytest" errors="0" failures="0" skipped="0" tests="16" time="5.617" timestamp="2026-07-06T21:01:57.176148+00:00" hostname="agent-env-a260187b-8f1b-4c2e-8a9f-a476cba8da38"><testcase classname="backend.tests.test_rubric_library.TestRubricsListInitial" name="test_list_returns_array_with_can_edit_flag" time="0.287" /><testcase classname="backend.tests.test_rubric_library.TestRubricsListInitial" name="test_list_unauthorized_no_token" time="0.123" /><testcase classname="backend.tests.test_rubric_library.TestRubricCreate" name="test_create_success" time="0.259" /><testcase classname="backend.tests.test_rubric_library.TestRubricCreate" name="test_create_missing_name" time="0.101" /><testcase classname="backend.tests.test_rubric_library.TestRubricCreate" name="test_create_missing_content" time="0.163" /><testcase classname="backend.tests.test_rubric_library.TestRubricCreate" name="test_create_missing_name_field" time="0.108" /><testcase classname="backend.tests.test_rubric_library.TestRubricUpdate" name="test_creator_can_update" time="1.392" /><testcase classname="backend.tests.test_rubric_library.TestRubricUpdate" name="test_non_creator_instructor_cannot_update" time="0.276" /><testcase classname="backend.tests.test_rubric_library.TestRubricUpdate" name="test_super_admin_can_update_others_rubric" time="0.247" /><testcase classname="backend.tests.test_rubric_library.TestRubricUpdate" name="test_update_unknown_returns_404" time="0.483" /><testcase classname="backend.tests.test_rubric_library.TestRubricDelete" name="test_creator_can_delete" time="0.337" /><testcase classname="backend.tests.test_rubric_library.TestRubricDelete" name="test_non_creator_instructor_cannot_delete" time="0.399" /><testcase classname="backend.tests.test_rubric_library.TestRubricDelete" name="test_delete_unknown_returns_404" time="0.109" /><testcase classname="backend.tests.test_rubric_library.TestRubricDelete" name="test_super_admin_can_delete_others_rubric" time="0.296" /><testcase classname="backend.tests.test_rubric_library.TestRubricCanEditFlag" name="test_can_edit_true_for_creator_false_for_other" time="0.482" /><testcase classname="backend.tests.test_rubric_library.TestFeedbackTemplateRegression" name="test_cohort_homework_upload_with_feedback_template" time="0.401" /></testsuite></testsuites>