<?xml version="1.0" encoding="utf-8"?><testsuites name="pytest tests"><testsuite name="pytest" errors="0" failures="0" skipped="0" tests="11" time="1.494" timestamp="2026-07-07T22:39:03.315947+00:00" hostname="agent-env-a260187b-8f1b-4c2e-8a9f-a476cba8da38"><testcase classname="backend.tests.test_refactor_iter42.TestBulkImport" name="test_bulk_import_buckets" time="0.656" /><testcase classname="backend.tests.test_refactor_iter42.TestBulkImport" name="test_bulk_import_rejects_non_csv" time="0.225" /><testcase classname="backend.tests.test_refactor_iter42.TestBulkImport" name="test_bulk_import_requires_auth" time="0.113" /><testcase classname="backend.tests.test_refactor_iter42.TestQuestionnaireTextHelper" name="test_questionnaire_text_with_fields" time="0.356" /><testcase classname="backend.tests.test_refactor_iter42.TestQuestionnaireTextHelper" name="test_questionnaire_text_missing_answer" time="0.002" /><testcase classname="backend.tests.test_refactor_iter42.TestQuestionnaireTextHelper" name="test_non_questionnaire_returns_none" time="0.000" /><testcase classname="backend.tests.test_refactor_iter42.TestVideoTranscriptHelper" name="test_video_with_transcript" time="0.000" /><testcase classname="backend.tests.test_refactor_iter42.TestVideoTranscriptHelper" name="test_video_without_transcript_returns_empty_string" time="0.000" /><testcase classname="backend.tests.test_refactor_iter42.TestVideoTranscriptHelper" name="test_non_video_returns_none" time="0.000" /><testcase classname="backend.tests.test_refactor_iter42.TestBuildCumulativeContext" name="test_prior_weeks_includes_video_transcript" time="0.004" /><testcase classname="backend.tests.test_refactor_iter42.TestBuildCumulativeContext" name="test_week_1_returns_only_global_or_empty" time="0.004" /></testsuite></testsuites>