<?xml version="1.0" encoding="utf-8"?><testsuites name="pytest tests"><testsuite name="pytest" errors="0" failures="0" skipped="0" tests="6" time="3.138" timestamp="2026-08-04T21:57:05.008578+00:00" hostname="agent-env-a260187b-8f1b-4c2e-8a9f-a476cba8da38"><testcase classname="backend.tests.test_score_display" name="test_export_pdf_progress_score_label_strips_and_renders_badge" time="1.321" /><testcase classname="backend.tests.test_score_display" name="test_export_pdf_legacy_readiness_score_label_strips_cleanly" time="0.372" /><testcase classname="backend.tests.test_score_display" name="test_export_pdf_gold_tier" time="0.291" /><testcase classname="backend.tests.test_score_display" name="test_export_pdf_no_readiness_score_omits_badge" time="0.374" /><testcase classname="backend.tests.test_score_display" name="test_parse_readiness_score_both_labels" time="0.358" /><testcase classname="backend.tests.test_score_display" name="test_export_pdf_bronze_and_trailing_whitespace" time="0.271" /></testsuite></testsuites>