<?xml version="1.0" encoding="utf-8"?><testsuites name="pytest tests"><testsuite name="pytest" errors="0" failures="0" skipped="0" tests="11" time="0.571" timestamp="2026-08-06T23:16:37.964692+00:00" hostname="agent-env-a260187b-8f1b-4c2e-8a9f-a476cba8da38"><testcase classname="backend.tests.test_revision_scoring.TestInvestorScoreInstructionContent" name="test_contains_required_phrases" time="0.000" /><testcase classname="backend.tests.test_revision_scoring.TestPriorAttemptsHelper" name="test_empty_when_no_prior_submissions" time="0.007" /><testcase classname="backend.tests.test_revision_scoring.TestPriorAttemptsHelper" name="test_empty_when_milestone_id_none" time="0.001" /><testcase classname="backend.tests.test_revision_scoring.TestPriorAttemptsHelper" name="test_empty_when_milestone_id_empty_string" time="0.001" /><testcase classname="backend.tests.test_revision_scoring.TestPriorAttemptsHelper" name="test_returns_header_and_scores_when_prior_exists" time="0.004" /><testcase classname="backend.tests.test_revision_scoring.TestPriorAttemptsHelper" name="test_excludes_current_submission_id" time="0.005" /><testcase classname="backend.tests.test_revision_scoring.TestPriorAttemptsHelper" name="test_no_score_line_when_readiness_score_missing" time="0.005" /><testcase classname="backend.tests.test_revision_scoring.TestPriorAttemptsHelper" name="test_prefers_instructor_feedback_over_ai_feedback" time="0.005" /><testcase classname="backend.tests.test_revision_scoring.TestBuildCumulativeContextRevision" name="test_includes_two_prior_attempts_and_excludes_current" time="0.007" /><testcase classname="backend.tests.test_revision_scoring.TestBuildCumulativeContextRevision" name="test_legacy_signature_without_milestone_id_still_works" time="0.004" /><testcase classname="backend.tests.test_revision_scoring.TestBuildCumulativeContextRevision" name="test_no_prior_attempts_returns_no_prior_header" time="0.004" /></testsuite></testsuites>