<?xml version="1.0" encoding="utf-8"?><testsuites name="pytest tests"><testsuite name="pytest" errors="0" failures="0" skipped="0" tests="66" time="33.282" timestamp="2026-07-07T21:37:08.737999+00:00" hostname="agent-env-a260187b-8f1b-4c2e-8a9f-a476cba8da38"><testcase classname="backend.tests.test_assignments_phase1.TestCohortModelExtensions" name="test_new_cohort_has_default_total_weeks_and_auto_send" time="0.174" /><testcase classname="backend.tests.test_assignments_phase1.TestCohortModelExtensions" name="test_cohort_update_persists_auto_send_and_total_weeks" time="0.223" /><testcase classname="backend.tests.test_assignments_phase1.TestAutoSeedOnCreate" name="test_create_cohort_seeds_four_default_assignments" time="0.117" /><testcase classname="backend.tests.test_assignments_phase1.TestAutoSeedOnCreate" name="test_each_default_assignment_has_14_milestones" time="0.109" /><testcase classname="backend.tests.test_assignments_phase1.TestAutoSeedOnCreate" name="test_kawasaki_final_milestone_is_capstone" time="0.106" /><testcase classname="backend.tests.test_assignments_phase1.TestAutoSeedOnCreate" name="test_non_kawasaki_have_no_capstone" time="0.111" /><testcase classname="backend.tests.test_assignments_phase1.TestListAssignments" name="test_instructor_lists_four_defaults" time="0.201" /><testcase classname="backend.tests.test_assignments_phase1.TestListAssignments" name="test_enrolled_student_can_read_assignments" time="0.270" /><testcase classname="backend.tests.test_assignments_phase1.TestListAssignments" name="test_non_enrolled_non_instructor_gets_403" time="0.208" /><testcase classname="backend.tests.test_assignments_phase1.TestListAssignments" name="test_auto_seed_on_instructor_get_when_missing" time="0.165" /><testcase classname="backend.tests.test_assignments_phase1.TestCreateCustomAssignment" name="test_creates_custom_with_valid_submission_type" time="0.206" /><testcase classname="backend.tests.test_assignments_phase1.TestCreateCustomAssignment" name="test_rejects_unknown_submission_type_400" time="0.223" /><testcase classname="backend.tests.test_assignments_phase1.TestUpdateAssignment" name="test_update_title_and_feedback_template" time="0.242" /><testcase classname="backend.tests.test_assignments_phase1.TestUpdateAssignment" name="test_non_manager_gets_403" time="0.209" /><testcase classname="backend.tests.test_assignments_phase1.TestSoftDeleteAssignment" name="test_soft_delete_sets_inactive" time="0.216" /><testcase classname="backend.tests.test_assignments_phase1.TestUpdateMilestone" name="test_update_milestone_in_place" time="0.234" /><testcase classname="backend.tests.test_assignments_phase1.TestUpdateMilestone" name="test_update_unknown_milestone_returns_404" time="0.256" /><testcase classname="backend.tests.test_assignments_phase1.TestAssignmentSubmitLinkResolver" name="test_valid_returns_milestone" time="0.234" /><testcase classname="backend.tests.test_assignments_phase1.TestAssignmentSubmitLinkResolver" name="test_missing_week_returns_404" time="0.216" /><testcase classname="backend.tests.test_assignments_phase1.TestCohortDeleteCascade" name="test_delete_cohort_cleans_assignments" time="0.224" /><testcase classname="backend.tests.test_assignments_phase1.TestMigration" name="test_migration_requires_super_admin" time="0.112" /><testcase classname="backend.tests.test_assignments_phase1.TestMigration" name="test_migration_seeds_assignments_and_reassigns_subs" time="0.152" /><testcase classname="backend.tests.test_assignments_phase1.TestMigration" name="test_migration_idempotent" time="0.329" /><testcase classname="backend.tests.test_assignments_phase1.TestSubmissionCarriesAssignmentIds" name="test_submit_with_query_params_persists_ids" time="0.788" /><testcase classname="backend.tests.test_assignments_phase1.TestCumulativeReview" name="test_review_uses_prior_assignment_submissions" time="10.429" /><testcase classname="backend.tests.test_assignments_phase1.TestAutoSendFeedback" name="test_auto_send_flips_status_sent" time="6.856" /><testcase classname="backend.tests.test_assignment_templates.TestListTemplates" name="test_requires_auth" time="0.119" /><testcase classname="backend.tests.test_assignment_templates.TestListTemplates" name="test_list_returns_array_and_can_edit_flag" time="0.454" /><testcase classname="backend.tests.test_assignment_templates.TestCreateTemplate" name="test_create_happy_path" time="0.107" /><testcase classname="backend.tests.test_assignment_templates.TestCreateTemplate" name="test_create_missing_name_400" time="0.103" /><testcase classname="backend.tests.test_assignment_templates.TestCreateTemplate" name="test_create_bad_submission_type_400" time="0.098" /><testcase classname="backend.tests.test_assignment_templates.TestCreateTemplate" name="test_create_normalizes_milestone_ids" time="0.121" /><testcase classname="backend.tests.test_assignment_templates.TestSaveAssignmentAsTemplate" name="test_snapshot_assignment" time="0.338" /><testcase classname="backend.tests.test_assignment_templates.TestSaveAssignmentAsTemplate" name="test_snapshot_403_for_non_manager" time="0.336" /><testcase classname="backend.tests.test_assignment_templates.TestSaveAssignmentAsTemplate" name="test_snapshot_super_admin_ok" time="0.316" /><testcase classname="backend.tests.test_assignment_templates.TestSaveAssignmentAsTemplate" name="test_snapshot_404_missing_assignment" time="0.106" /><testcase classname="backend.tests.test_assignment_templates.TestUpdateTemplate" name="test_update_by_author" time="0.225" /><testcase classname="backend.tests.test_assignment_templates.TestUpdateTemplate" name="test_update_by_other_instructor_403" time="0.222" /><testcase classname="backend.tests.test_assignment_templates.TestUpdateTemplate" name="test_update_by_super_admin" time="0.229" /><testcase classname="backend.tests.test_assignment_templates.TestUpdateTemplate" name="test_update_404" time="0.107" /><testcase classname="backend.tests.test_assignment_templates.TestDeleteTemplate" name="test_delete_by_author" time="0.241" /><testcase classname="backend.tests.test_assignment_templates.TestDeleteTemplate" name="test_delete_by_other_instructor_403" time="0.224" /><testcase classname="backend.tests.test_assignment_templates.TestApplyTemplate" name="test_apply_default_week_map_creates_new" time="0.361" /><testcase classname="backend.tests.test_assignment_templates.TestApplyTemplate" name="test_apply_week_map_remaps" time="0.339" /><testcase classname="backend.tests.test_assignment_templates.TestApplyTemplate" name="test_apply_week_map_null_skips" time="0.320" /><testcase classname="backend.tests.test_assignment_templates.TestApplyTemplate" name="test_apply_replace_existing_by_type" time="0.450" /><testcase classname="backend.tests.test_assignment_templates.TestApplyTemplate" name="test_apply_title_override" time="0.351" /><testcase classname="backend.tests.test_assignment_templates.TestApplyTemplate" name="test_apply_404_missing_template" time="0.220" /><testcase classname="backend.tests.test_assignment_templates.TestApplyTemplate" name="test_apply_404_missing_cohort" time="0.227" /><testcase classname="backend.tests.test_assignment_templates.TestApplyTemplate" name="test_apply_403_non_manager" time="0.322" /><testcase classname="backend.tests.test_rubric_library.TestRubricsListInitial" name="test_list_returns_array_with_can_edit_flag" time="0.124" /><testcase classname="backend.tests.test_rubric_library.TestRubricsListInitial" name="test_list_unauthorized_no_token" time="0.141" /><testcase classname="backend.tests.test_rubric_library.TestRubricCreate" name="test_create_success" time="0.262" /><testcase classname="backend.tests.test_rubric_library.TestRubricCreate" name="test_create_missing_name" time="0.116" /><testcase classname="backend.tests.test_rubric_library.TestRubricCreate" name="test_create_missing_content" time="0.107" /><testcase classname="backend.tests.test_rubric_library.TestRubricCreate" name="test_create_missing_name_field" time="0.101" /><testcase classname="backend.tests.test_rubric_library.TestRubricUpdate" name="test_creator_can_update" time="1.360" /><testcase classname="backend.tests.test_rubric_library.TestRubricUpdate" name="test_non_creator_instructor_cannot_update" time="0.203" /><testcase classname="backend.tests.test_rubric_library.TestRubricUpdate" name="test_super_admin_can_update_others_rubric" time="0.206" /><testcase classname="backend.tests.test_rubric_library.TestRubricUpdate" name="test_update_unknown_returns_404" time="0.107" /><testcase classname="backend.tests.test_rubric_library.TestRubricDelete" name="test_creator_can_delete" time="0.373" /><testcase classname="backend.tests.test_rubric_library.TestRubricDelete" name="test_non_creator_instructor_cannot_delete" time="0.353" /><testcase classname="backend.tests.test_rubric_library.TestRubricDelete" name="test_delete_unknown_returns_404" time="0.110" /><testcase classname="backend.tests.test_rubric_library.TestRubricDelete" name="test_super_admin_can_delete_others_rubric" time="0.231" /><testcase classname="backend.tests.test_rubric_library.TestRubricCanEditFlag" name="test_can_edit_true_for_creator_false_for_other" time="0.440" /><testcase classname="backend.tests.test_rubric_library.TestFeedbackTemplateRegression" name="test_cohort_homework_upload_with_feedback_template" time="0.326" /></testsuite></testsuites>