<?xml version="1.0" encoding="utf-8"?><testsuites name="pytest tests"><testsuite name="pytest" errors="0" failures="0" skipped="0" tests="20" time="10.101" timestamp="2026-07-17T19:47:37.364422+00:00" hostname="agent-env-a260187b-8f1b-4c2e-8a9f-a476cba8da38"><testcase classname="backend.tests.test_support.TestSupportChat" name="test_chat_requires_auth" time="0.202" /><testcase classname="backend.tests.test_support.TestSupportChat" name="test_chat_empty_message_400" time="0.122" /><testcase classname="backend.tests.test_support.TestSupportChat" name="test_chat_platform_navigation_answer" time="2.025" /><testcase classname="backend.tests.test_support.TestSupportChat" name="test_chat_boundary_redirects_to_coach_max" time="2.666" /><testcase classname="backend.tests.test_support.TestSupportChat" name="test_chat_history_bounded_to_last_6" time="2.124" /><testcase classname="backend.tests.test_support.TestSupportChat" name="test_chat_source_has_timeout_guard" time="0.001" /><testcase classname="backend.tests.test_support.TestSupportEscalate" name="test_escalate_requires_auth" time="0.132" /><testcase classname="backend.tests.test_support.TestSupportEscalate" name="test_escalate_empty_conversation_400" time="0.109" /><testcase classname="backend.tests.test_support.TestSupportEscalate" name="test_escalate_creates_ticket_and_returns_id" time="0.351" /><testcase classname="backend.tests.test_support.TestSupportEscalate" name="test_escalate_custom_subject_used" time="0.276" /><testcase classname="backend.tests.test_support.TestSupportEscalate" name="test_escalate_bounds_conversation_size" time="0.619" /><testcase classname="backend.tests.test_support.TestListTickets" name="test_list_requires_super_admin_student_403" time="0.139" /><testcase classname="backend.tests.test_support.TestListTickets" name="test_list_requires_super_admin_instructor_403" time="0.109" /><testcase classname="backend.tests.test_support.TestListTickets" name="test_list_super_admin_returns_list_desc" time="0.181" /><testcase classname="backend.tests.test_support.TestListTickets" name="test_list_status_filter" time="0.110" /><testcase classname="backend.tests.test_support.TestPatchTicket" name="test_patch_requires_super_admin" time="0.123" /><testcase classname="backend.tests.test_support.TestPatchTicket" name="test_patch_invalid_status_400" time="0.180" /><testcase classname="backend.tests.test_support.TestPatchTicket" name="test_patch_missing_ticket_404" time="0.118" /><testcase classname="backend.tests.test_support.TestPatchTicket" name="test_patch_resolve_then_reopen_and_notes" time="0.242" /><testcase classname="backend.tests.test_support.TestPatchTicket" name="test_patch_no_fields_400" time="0.126" /></testsuite></testsuites>