<?xml version="1.0" encoding="utf-8"?><testsuites name="pytest tests"><testsuite name="pytest" errors="0" failures="6" skipped="1" tests="54" time="99.466" timestamp="2026-07-17T18:23:09.738873+00:00" hostname="agent-env-a260187b-8f1b-4c2e-8a9f-a476cba8da38"><testcase classname="backend.tests.test_ask_tutor_performance.TestSourceCodePaths" name="test_session_id_is_unique_per_request" time="0.001" /><testcase classname="backend.tests.test_ask_tutor_performance.TestSourceCodePaths" name="test_history_window_uses_to_list_6" time="0.000" /><testcase classname="backend.tests.test_ask_tutor_performance.TestSourceCodePaths" name="test_history_trim_400_800" time="0.000" /><testcase classname="backend.tests.test_ask_tutor_performance.TestSourceCodePaths" name="test_context_trimmed_to_2500" time="0.000" /><testcase classname="backend.tests.test_ask_tutor_performance.TestSourceCodePaths" name="test_asyncio_wait_for_75s" time="0.000" /><testcase classname="backend.tests.test_ask_tutor_performance.TestSourceCodePaths" name="test_timeout_handler_returns_504" time="0.000" /><testcase classname="backend.tests.test_ask_tutor_performance.TestInputValidation" name="test_unauthed_401" time="0.137" /><testcase classname="backend.tests.test_ask_tutor_performance.TestInputValidation" name="test_missing_message_400" time="0.223" /><testcase classname="backend.tests.test_ask_tutor_performance.TestInputValidation" name="test_missing_submission_id_400" time="0.214" /><testcase classname="backend.tests.test_ask_tutor_performance.TestInputValidation" name="test_unknown_submission_404" time="0.187" /><testcase classname="backend.tests.test_ask_tutor_performance.TestInputValidation" name="test_pending_submission_400" time="0.129" /><testcase classname="backend.tests.test_ask_tutor_performance.TestFollowUpLatency" name="test_three_sequential_questions_stay_under_60s" time="20.293" /><testcase classname="backend.tests.test_ask_tutor_performance.TestFollowUpLatency" name="test_tutor_chats_persisted_all_three" time="0.005" /><testcase classname="backend.tests.test_ask_tutor_performance.TestHistoryWindowBound" name="test_endpoint_stays_fast_with_8_prior_chats" time="2.214" /><testcase classname="backend.tests.test_ask_tutor_performance.TestLegacyMaterialRegression" name="test_legacy_material_submission_still_answers" time="5.878" /><testcase classname="backend.tests.test_submission_enrichment" name="test_health" time="0.159" /><testcase classname="backend.tests.test_submission_enrichment" name="test_auth_required" time="0.100" /><testcase classname="backend.tests.test_submission_enrichment.TestGetSubmissions" name="test_super_admin_milestone_material_populated" time="0.159" /><testcase classname="backend.tests.test_submission_enrichment.TestGetSubmissions" name="test_no_milestone_sub_shows_bug_placeholder" time="0.127" /><testcase classname="backend.tests.test_submission_enrichment.TestGetSubmissions" name="test_response_shape" time="0.144" /><testcase classname="backend.tests.test_submission_enrichment.TestCohortSubmissions" name="test_cohort_submissions_enriched" time="0.129" /><testcase classname="backend.tests.test_submission_enrichment.TestCohortSubmissions" name="test_cohort_response_shape" time="0.160" /><testcase classname="backend.tests.test_submission_enrichment.TestExportPDF" name="test_export_pdf_for_milestone_sub" time="1.077" /><testcase classname="backend.tests.test_submission_enrichment.TestExportPDF" name="test_export_pdf_requires_auth" time="0.119" /><testcase classname="backend.tests.test_video_submission_review.TestPureHelpers" name="test_is_media_submission_positive" time="0.288"><failure message="RuntimeError: There is no current event loop in thread 'MainThread'.">E   RuntimeError: There is no current event loop in thread 'MainThread'.</failure></testcase><testcase classname="backend.tests.test_video_submission_review.TestPureHelpers" name="test_is_media_submission_negative" time="0.003"><failure message="RuntimeError: There is no current event loop in thread 'MainThread'.">E   RuntimeError: There is no current event loop in thread 'MainThread'.</failure></testcase><testcase classname="backend.tests.test_video_submission_review.TestPureHelpers" name="test_transcribe_media_bytes_returns_tuple_mp3" time="0.003"><failure message="RuntimeError: There is no current event loop in thread 'MainThread'.">E   RuntimeError: There is no current event loop in thread 'MainThread'.</failure></testcase><testcase classname="backend.tests.test_video_submission_review.TestPureHelpers" name="test_transcribe_media_bytes_no_dbwrite" time="0.002"><failure message="RuntimeError: There is no current event loop in thread 'MainThread'.">E   RuntimeError: There is no current event loop in thread 'MainThread'.</failure></testcase><testcase classname="backend.tests.test_video_submission_review.TestEnsureSubmissionTranscript" name="test_noop_for_non_media" time="0.067" /><testcase classname="backend.tests.test_video_submission_review.TestEnsureSubmissionTranscript" name="test_noop_when_transcript_already_set" time="0.000" /><testcase classname="backend.tests.test_video_submission_review.TestEnsureSubmissionTranscript" name="test_noop_when_prior_failed" time="0.000" /><testcase classname="backend.tests.test_video_submission_review.TestSubmitOnBehalfMedia" name="test_submit_mp3_transcribes_and_persists" time="0.002"><failure message="FileNotFoundError: [Errno 2] No such file or directory: 'ffmpeg'">E   FileNotFoundError: [Errno 2] No such file or directory: 'ffmpeg'</failure></testcase><testcase classname="backend.tests.test_video_submission_review.TestManualReviewEndpoint" name="test_review_endpoint_media_submission" time="0.001"><failure message="FileNotFoundError: [Errno 2] No such file or directory: 'ffmpeg'">E   FileNotFoundError: [Errno 2] No such file or directory: 'ffmpeg'</failure></testcase><testcase classname="backend.tests.test_video_submission_review.TestManualReviewEndpoint" name="test_review_endpoint_404_missing_submission" time="0.119" /><testcase classname="backend.tests.test_video_submission_review.TestNonMediaRegression" name="test_pdf_submit_on_behalf_no_transcription" time="14.328" /><testcase classname="backend.tests.test_video_submission_review.TestQuestionnaireRegression" name="test_questionnaire_submit_no_media_pipeline" time="8.895" /><testcase classname="backend.tests.test_video_submission_review.TestFfmpegFallback" name="test_direct_whisper_path_without_ffmpeg" time="0.004"><skipped type="pytest.skip" message="ffmpeg not present — cannot simulate its removal">/app/backend/tests/test_video_submission_review.py:459: ffmpeg not present — cannot simulate its removal</skipped></testcase><testcase classname="backend.tests.test_magic_link.TestMagicLinkEndpoint" name="test_missing_token_returns_400" time="0.151" /><testcase classname="backend.tests.test_magic_link.TestMagicLinkEndpoint" name="test_empty_token_returns_400" time="0.102" /><testcase classname="backend.tests.test_magic_link.TestMagicLinkEndpoint" name="test_nonexistent_token_returns_401" time="0.124" /><testcase classname="backend.tests.test_magic_link.TestMagicLinkEndpoint" name="test_valid_token_returns_session_and_user" time="0.138" /><testcase classname="backend.tests.test_magic_link.TestMagicLinkEndpoint" name="test_expired_token_returns_401_and_is_deleted" time="0.133" /><testcase classname="backend.tests.test_magic_link.TestMagicLinkEndpoint" name="test_token_for_deleted_user_returns_404" time="0.130" /><testcase classname="backend.tests.test_magic_link.TestMagicLinkEndpoint" name="test_using_normal_session_token_is_noop_replay" time="0.099" /><testcase classname="backend.tests.test_magic_link.TestSendFeedbackMagicLink" name="test_send_feedback_generates_magic_and_ctal_url" time="0.346" /><testcase classname="backend.tests.test_magic_link.TestSendFeedbackMagicLink" name="test_magic_token_can_be_exchanged_and_used" time="1.733" /><testcase classname="backend.tests.test_magic_link.TestMagicLinkSecurity" name="test_ttl_is_bounded_30_days" time="0.007" /><testcase classname="backend.tests.test_magic_link.TestMagicLinkSecurity" name="test_token_bound_to_single_user" time="0.269" /><testcase classname="backend.tests.test_magic_link.TestMagicLinkSecurity" name="test_token_unpredictable_hex" time="0.010" /><testcase classname="backend.tests.test_milestone_submit_auto_review.TestAutoReviewOnNewSubmit" name="test_text_submission_triggers_ai_feedback" time="7.159" /><testcase classname="backend.tests.test_milestone_submit_auto_review.TestAutoReviewOnResubmit" name="test_resubmit_regenerates_ai_feedback" time="13.318" /><testcase classname="backend.tests.test_milestone_submit_auto_review.TestAutoReviewOnQuestionnaire" name="test_questionnaire_submit_triggers_ai_feedback" time="6.587" /><testcase classname="backend.tests.test_milestone_submit_auto_review.TestFeedbackTemplateOverridePrecedence" name="test_milestone_override_wins_over_assignment_template" time="8.170" /><testcase classname="backend.tests.test_milestone_submit_auto_review.TestSubmitOnBehalfStillWorks" name="test_sob_still_triggers_auto_review" time="5.635" /></testsuite></testsuites>