<?xml version="1.0" encoding="utf-8"?><testsuites name="pytest tests"><testsuite name="pytest" errors="0" failures="0" skipped="0" tests="8" time="4.420" timestamp="2026-08-15T14:56:37.657365+00:00" hostname="agent-env-a260187b-8f1b-4c2e-8a9f-a476cba8da38"><testcase classname="tests.test_other_submission_type.TestAssignmentEmptySubmissionType" name="test_create_assignment_with_empty_type" time="0.385" /><testcase classname="tests.test_other_submission_type.TestAssignmentEmptySubmissionType" name="test_reject_invalid_submission_type" time="0.113" /><testcase classname="tests.test_other_submission_type.TestTemplateEmptySubmissionType" name="test_create_template_with_empty_type" time="0.107" /><testcase classname="tests.test_other_submission_type.TestTemplateEmptySubmissionType" name="test_reject_invalid_template_type" time="0.105" /><testcase classname="tests.test_other_submission_type.TestOtherSubmissionPngUpload" name="test_png_upload_accepted_for_other_type" time="2.930" /><testcase classname="tests.test_other_submission_type.TestOtherSubmissionPngUpload" name="test_png_currently_rejected_documents_gap" time="0.426" /><testcase classname="tests.test_other_submission_type.TestSubmitLinkStrictForOther" name="test_submit_link_empty_type_rejected" time="0.116" /><testcase classname="tests.test_other_submission_type.TestSubmitLinkStrictForOther" name="test_submit_link_invalid_type_rejected" time="0.107" /></testsuite></testsuites>