<?xml version="1.0" encoding="utf-8"?><testsuites name="pytest tests"><testsuite name="pytest" errors="0" failures="0" skipped="0" tests="79" time="94.571" timestamp="2026-07-08T23:14:08.611001+00:00" hostname="agent-env-a260187b-8f1b-4c2e-8a9f-a476cba8da38"><testcase classname="backend.tests.test_super_admin.TestAdminEndpoints" name="test_get_admin_users_as_super_admin" time="0.127" /><testcase classname="backend.tests.test_super_admin.TestAdminEndpoints" name="test_get_admin_users_as_instructor_denied" time="0.109" /><testcase classname="backend.tests.test_super_admin.TestAdminEndpoints" name="test_get_admin_users_as_student_denied" time="0.108" /><testcase classname="backend.tests.test_super_admin.TestAdminEndpoints" name="test_get_admin_stats_as_super_admin" time="0.104" /><testcase classname="backend.tests.test_super_admin.TestAdminEndpoints" name="test_get_admin_stats_as_instructor_denied" time="0.097" /><testcase classname="backend.tests.test_super_admin.TestInviteInstructor" name="test_invite_instructor_as_super_admin" time="0.278" /><testcase classname="backend.tests.test_super_admin.TestInviteInstructor" name="test_invite_instructor_as_instructor_denied" time="0.099" /><testcase classname="backend.tests.test_super_admin.TestInviteInstructor" name="test_invite_instructor_nonexistent_user" time="0.113" /><testcase classname="backend.tests.test_super_admin.TestRevokeInstructor" name="test_revoke_instructor_as_super_admin" time="0.115" /><testcase classname="backend.tests.test_super_admin.TestRevokeInstructor" name="test_revoke_instructor_as_instructor_denied" time="0.113" /><testcase classname="backend.tests.test_super_admin.TestSetRole" name="test_student_can_set_own_role_to_student" time="0.106" /><testcase classname="backend.tests.test_super_admin.TestSetRole" name="test_student_cannot_set_own_role_to_instructor" time="0.097" /><testcase classname="backend.tests.test_super_admin.TestSetRole" name="test_super_admin_can_set_other_user_to_instructor" time="0.104" /><testcase classname="backend.tests.test_super_admin.TestSuperAdminCohortAccess" name="test_super_admin_sees_all_cohorts" time="0.099" /><testcase classname="backend.tests.test_super_admin.TestSuperAdminCohortAccess" name="test_super_admin_can_access_cohort_detail" time="0.099" /><testcase classname="backend.tests.test_super_admin.TestSuperAdminCohortAccess" name="test_super_admin_can_update_cohort" time="0.107" /><testcase classname="backend.tests.test_super_admin.TestSuperAdminCohortAccess" name="test_super_admin_can_delete_cohort" time="0.106" /><testcase classname="backend.tests.test_super_admin.TestSuperAdminSubmissionsAccess" name="test_super_admin_sees_all_submissions" time="0.112" /><testcase classname="backend.tests.test_super_admin.TestSuperAdminDashboardAnalytics" name="test_super_admin_dashboard_analytics" time="0.109" /><testcase classname="backend.tests.test_super_admin.TestRequireInstructorAllowsSuperAdmin" name="test_super_admin_can_create_cohort" time="0.104" /><testcase classname="backend.tests.test_drive_link.TestCohortMaterialUpload" name="test_homework_with_drive_url_persists" time="0.108" /><testcase classname="backend.tests.test_drive_link.TestCohortMaterialUpload" name="test_workbook_with_drive_url_is_dropped" time="0.119" /><testcase classname="backend.tests.test_drive_link.TestCohortMaterialUpload" name="test_homework_without_drive_url_defaults_empty" time="0.098" /><testcase classname="backend.tests.test_drive_link.TestLibraryMaterialUpload" name="test_library_homework_persists_url" time="0.105" /><testcase classname="backend.tests.test_drive_link.TestUpdateDriveLink" name="test_valid_https_updates" time="0.312" /><testcase classname="backend.tests.test_drive_link.TestUpdateDriveLink" name="test_empty_string_clears" time="0.211" /><testcase classname="backend.tests.test_drive_link.TestUpdateDriveLink" name="test_javascript_url_rejected" time="0.208" /><testcase classname="backend.tests.test_drive_link.TestUpdateDriveLink" name="test_ftp_url_rejected" time="0.204" /><testcase classname="backend.tests.test_drive_link.TestUpdateDriveLink" name="test_non_homework_material_rejected" time="0.204" /><testcase classname="backend.tests.test_drive_link.TestUpdateDriveLink" name="test_outsider_instructor_forbidden" time="0.209" /><testcase classname="backend.tests.test_drive_link.TestUpdateDriveLink" name="test_cohort_manager_allowed" time="0.213" /><testcase classname="backend.tests.test_drive_link.TestUpdateDriveLink" name="test_library_material_acl" time="0.316" /><testcase classname="backend.tests.test_drive_link.TestSubmitLinkAndDashboard" name="test_submit_link_returns_drive_url" time="0.212" /><testcase classname="backend.tests.test_drive_link.TestSubmitLinkAndDashboard" name="test_student_dashboard_exposes_drive_url" time="0.216" /><testcase classname="backend.tests.test_drive_link.TestSubmitLinkAndDashboard" name="test_regression_submission_flow_still_works" time="0.550" /><testcase classname="backend.tests.test_feedback_template.TestCohortUploadFeedbackTemplate" name="test_homework_persists_feedback_template" time="0.122" /><testcase classname="backend.tests.test_feedback_template.TestCohortUploadFeedbackTemplate" name="test_workbook_feedback_template_dropped" time="0.118" /><testcase classname="backend.tests.test_feedback_template.TestCohortUploadFeedbackTemplate" name="test_case_study_feedback_template_dropped" time="0.105" /><testcase classname="backend.tests.test_feedback_template.TestCohortUploadFeedbackTemplate" name="test_homework_without_feedback_template_defaults_empty" time="0.098" /><testcase classname="backend.tests.test_feedback_template.TestLibraryUploadFeedbackTemplate" name="test_library_homework_persists_feedback_template" time="0.102" /><testcase classname="backend.tests.test_feedback_template.TestLibraryUploadFeedbackTemplate" name="test_library_workbook_feedback_template_dropped" time="0.113" /><testcase classname="backend.tests.test_feedback_template.TestUpdateFeedbackTemplate" name="test_updates_with_non_empty_string" time="0.194" /><testcase classname="backend.tests.test_feedback_template.TestUpdateFeedbackTemplate" name="test_empty_string_clears" time="0.214" /><testcase classname="backend.tests.test_feedback_template.TestUpdateFeedbackTemplate" name="test_whitespace_only_string_is_trimmed_to_empty" time="0.205" /><testcase classname="backend.tests.test_feedback_template.TestUpdateFeedbackTemplate" name="test_non_homework_material_returns_400" time="0.214" /><testcase classname="backend.tests.test_feedback_template.TestUpdateFeedbackTemplate" name="test_case_study_material_returns_400" time="0.236" /><testcase classname="backend.tests.test_feedback_template.TestUpdateFeedbackTemplate" name="test_unknown_material_id_returns_404" time="0.101" /><testcase classname="backend.tests.test_feedback_template.TestUpdateFeedbackTemplate" name="test_outsider_instructor_forbidden" time="0.244" /><testcase classname="backend.tests.test_feedback_template.TestUpdateFeedbackTemplate" name="test_super_admin_allowed" time="0.201" /><testcase classname="backend.tests.test_feedback_template.TestUpdateFeedbackTemplate" name="test_library_material_acl" time="0.337" /><testcase classname="backend.tests.test_feedback_template.TestSubmitOnBehalfWithCustomTemplate" name="test_submit_on_behalf_accepts_flow_with_custom_template" time="4.382" /><testcase classname="backend.tests.test_global_materials.TestUploadIsGlobal" name="test_upload_is_global_true_sets_week_zero" time="0.169" /><testcase classname="backend.tests.test_global_materials.TestUploadIsGlobal" name="test_upload_is_global_false_preserves_week" time="0.131" /><testcase classname="backend.tests.test_global_materials.TestUploadIsGlobal" name="test_upload_is_global_omitted_defaults_false" time="0.143" /><testcase classname="backend.tests.test_global_materials.TestGetLibraryReturnsIsGlobal" name="test_list_returns_is_global_flag" time="0.360" /><testcase classname="backend.tests.test_global_materials.TestAssignGlobalMaterial" name="test_assign_global_to_cohort" time="0.342" /><testcase classname="backend.tests.test_global_materials.TestAssignGlobalMaterial" name="test_assign_regular_to_cohort" time="0.262" /><testcase classname="backend.tests.test_global_materials.TestStudentDashboardCourseResources" name="test_dashboard_has_course_resources_with_globals" time="0.826" /><testcase classname="backend.tests.test_global_materials.TestStudentDashboardCourseResources" name="test_dashboard_course_resources_empty_when_no_globals_assigned" time="0.321" /><testcase classname="backend.tests.test_global_materials.TestReviewWithGlobalMaterials" name="test_review_endpoint_prepends_globals" time="7.133" /><testcase classname="backend.tests.test_global_materials.TestDuplicatePreservesIsGlobal" name="test_duplicate_global_material_keeps_is_global" time="0.261" /><testcase classname="backend.tests.test_global_materials.TestDuplicatePreservesIsGlobal" name="test_duplicate_non_global_material_stays_non_global" time="0.239" /><testcase classname="backend.tests.test_global_materials.TestDownloadGlobalMaterial" name="test_student_can_download_assigned_global" time="0.489" /><testcase classname="backend.tests.test_duplicate_endpoints.TestLibraryDuplicate" name="test_duplicate_library_material_basic" time="0.481" /><testcase classname="backend.tests.test_duplicate_endpoints.TestLibraryDuplicate" name="test_duplicate_library_file_bytes_match" time="0.214" /><testcase classname="backend.tests.test_duplicate_endpoints.TestLibraryDuplicate" name="test_duplicate_legacy_library_returns_410" time="0.107" /><testcase classname="backend.tests.test_duplicate_endpoints.TestCohortDuplicate" name="test_duplicate_cohort_basic" time="0.340" /><testcase classname="backend.tests.test_duplicate_endpoints.TestCohortDuplicate" name="test_duplicate_cohort_acl_outsider_403" time="0.106" /><testcase classname="backend.tests.test_duplicate_endpoints.TestCohortDuplicate" name="test_duplicate_cohort_404_for_missing" time="0.099" /><testcase classname="backend.tests.test_duplicate_endpoints.TestRegression" name="test_assign_then_unassign" time="0.409" /><testcase classname="backend.tests.test_duplicate_endpoints.TestRegression" name="test_update_library_material" time="0.434" /><testcase classname="backend.tests.test_submit_link.TestSubmitLinkEndpoint" name="test_valid_homework_material_mat_c1_w1" time="68.132" /><testcase classname="backend.tests.test_submit_link.TestSubmitLinkEndpoint" name="test_valid_homework_material_mat_c2_w1" time="0.152" /><testcase classname="backend.tests.test_submit_link.TestSubmitLinkEndpoint" name="test_nonexistent_material_returns_404" time="0.106" /><testcase classname="backend.tests.test_submit_link.TestSubmitLinkEndpoint" name="test_nonexistent_material_random_id" time="0.103" /><testcase classname="backend.tests.test_submit_link.TestSubmitLinkEndpoint" name="test_endpoint_is_public_no_auth_required" time="0.097" /><testcase classname="backend.tests.test_submit_link.TestSubmitLinkEndpoint" name="test_response_structure" time="0.107" /><testcase classname="backend.tests.test_submit_link.TestSubmitLinkEndpoint" name="test_existing_homework_with_file" time="0.101" /><testcase classname="backend.tests.test_submit_link.TestSubmitLinkNonHomeworkMaterials" name="test_workbook_material_returns_404" time="0.099" /></testsuite></testsuites>