<?xml version="1.0" encoding="utf-8"?><testsuites name="pytest tests"><testsuite name="pytest" errors="0" failures="4" skipped="1" tests="49" time="93.863" timestamp="2026-07-20T16:15:37.019210+00:00" hostname="agent-env-a260187b-8f1b-4c2e-8a9f-a476cba8da38"><testcase classname="backend.tests.test_assignments_phase2.TestStudentAssignmentsDashboard" name="test_non_student_gets_403" time="0.156" /><testcase classname="backend.tests.test_assignments_phase2.TestStudentAssignmentsDashboard" name="test_super_admin_gets_403" time="0.112" /><testcase classname="backend.tests.test_assignments_phase2.TestStudentAssignmentsDashboard" name="test_returns_shape_with_expected_fields" time="0.231" /><testcase classname="backend.tests.test_assignments_phase2.TestStudentAssignmentsDashboard" name="test_auto_seeds_when_cohort_has_no_assignments" time="0.134" /><testcase classname="backend.tests.test_assignments_phase2.TestStudentAssignmentsDashboard" name="test_milestone_status_derived_from_submissions" time="0.248" /><testcase classname="backend.tests.test_assignments_phase2.TestStudentAssignmentsDashboard" name="test_current_week_is_min_unsubmitted_across_assignments" time="0.250" /><testcase classname="backend.tests.test_assignments_phase2.TestStudentAssignmentsDashboard" name="test_current_week_null_when_all_submitted" time="0.284" /><testcase classname="backend.tests.test_assignments_phase2.TestStudentAssignmentsDashboard" name="test_student_with_no_cohort_returns_empty_list" time="0.106" /><testcase classname="backend.tests.test_assignments_phase2.TestMilestoneSubmitEndpoint" name="test_requires_assignment_id_400" time="0.261" /><testcase classname="backend.tests.test_assignments_phase2.TestMilestoneSubmitEndpoint" name="test_unknown_assignment_404" time="0.243" /><testcase classname="backend.tests.test_assignments_phase2.TestMilestoneSubmitEndpoint" name="test_unknown_milestone_404" time="0.231" /><testcase classname="backend.tests.test_assignments_phase2.TestMilestoneSubmitEndpoint" name="test_not_enrolled_student_403" time="0.234" /><testcase classname="backend.tests.test_assignments_phase2.TestMilestoneSubmitEndpoint" name="test_instructor_forbidden" time="0.242" /><testcase classname="backend.tests.test_assignments_phase2.TestFileTypeValidation" name="test_60_second_pitch_rejects_pdf" time="0.282" /><testcase classname="backend.tests.test_assignments_phase2.TestFileTypeValidation" name="test_60_second_pitch_accepts_mp4" time="0.262" /><testcase classname="backend.tests.test_assignments_phase2.TestQuestionnaireSubmission" name="test_required_question_missing_400" time="0.229" /><testcase classname="backend.tests.test_assignments_phase2.TestQuestionnaireSubmission" name="test_successful_questionnaire_persists_answers" time="0.233" /><testcase classname="backend.tests.test_assignments_phase2.TestResubmission" name="test_resubmission_updates_existing_no_dup" time="12.576" /><testcase classname="backend.tests.test_assignments_phase2.TestLegacyMaterialSubmitRegression" name="test_legacy_material_submit_still_works" time="6.512" /><testcase classname="backend.tests.test_milestone_submit_auto_review.TestAutoReviewOnNewSubmit" name="test_text_submission_triggers_ai_feedback" time="9.141" /><testcase classname="backend.tests.test_milestone_submit_auto_review.TestAutoReviewOnResubmit" name="test_resubmit_regenerates_ai_feedback" time="15.418" /><testcase classname="backend.tests.test_milestone_submit_auto_review.TestAutoReviewOnQuestionnaire" name="test_questionnaire_submit_triggers_ai_feedback" time="6.177" /><testcase classname="backend.tests.test_milestone_submit_auto_review.TestFeedbackTemplateOverridePrecedence" name="test_milestone_override_wins_over_assignment_template" time="7.164" /><testcase classname="backend.tests.test_milestone_submit_auto_review.TestSubmitOnBehalfStillWorks" name="test_sob_still_triggers_auto_review" time="6.300" /><testcase classname="backend.tests.test_video_submission_review.TestPureHelpers" name="test_is_media_submission_positive" time="0.386" /><testcase classname="backend.tests.test_video_submission_review.TestPureHelpers" name="test_is_media_submission_negative" time="0.000" /><testcase classname="backend.tests.test_video_submission_review.TestPureHelpers" name="test_transcribe_media_bytes_returns_tuple_mp3" time="0.001"><failure message="FileNotFoundError: [Errno 2] No such file or directory: 'ffmpeg'">backend/tests/test_video_submission_review.py:208: in test_transcribe_media_bytes_returns_tuple_mp3
    mp3 = _make_mp3_bytes(duration_sec=2.0)
          ^^^^^^^^^^^^^^^^^^^^^^^^^^^^^^^^^
backend/tests/test_video_submission_review.py:57: in _make_mp3_bytes
    subprocess.run(
/usr/local/lib/python3.11/subprocess.py:548: in run
    with Popen(*popenargs, **kwargs) as process:
         ^^^^^^^^^^^^^^^^^^^^^^^^^^^
/usr/local/lib/python3.11/subprocess.py:1026: in __init__
    self._execute_child(args, executable, preexec_fn, close_fds,
/usr/local/lib/python3.11/subprocess.py:1955: in _execute_child
    raise child_exception_type(errno_num, err_msg, err_filename)
E   FileNotFoundError: [Errno 2] No such file or directory: 'ffmpeg'</failure></testcase><testcase classname="backend.tests.test_video_submission_review.TestPureHelpers" name="test_transcribe_media_bytes_no_dbwrite" time="0.001"><failure message="FileNotFoundError: [Errno 2] No such file or directory: 'ffmpeg'">backend/tests/test_video_submission_review.py:222: in test_transcribe_media_bytes_no_dbwrite
    mp3 = _make_mp3_bytes(duration_sec=1.0)
          ^^^^^^^^^^^^^^^^^^^^^^^^^^^^^^^^^
backend/tests/test_video_submission_review.py:57: in _make_mp3_bytes
    subprocess.run(
/usr/local/lib/python3.11/subprocess.py:548: in run
    with Popen(*popenargs, **kwargs) as process:
         ^^^^^^^^^^^^^^^^^^^^^^^^^^^
/usr/local/lib/python3.11/subprocess.py:1026: in __init__
    self._execute_child(args, executable, preexec_fn, close_fds,
/usr/local/lib/python3.11/subprocess.py:1955: in _execute_child
    raise child_exception_type(errno_num, err_msg, err_filename)
E   FileNotFoundError: [Errno 2] No such file or directory: 'ffmpeg'</failure></testcase><testcase classname="backend.tests.test_video_submission_review.TestEnsureSubmissionTranscript" name="test_noop_for_non_media" time="0.006" /><testcase classname="backend.tests.test_video_submission_review.TestEnsureSubmissionTranscript" name="test_noop_when_transcript_already_set" time="0.000" /><testcase classname="backend.tests.test_video_submission_review.TestEnsureSubmissionTranscript" name="test_noop_when_prior_failed" time="0.000" /><testcase classname="backend.tests.test_video_submission_review.TestSubmitOnBehalfMedia" name="test_submit_mp3_transcribes_and_persists" time="0.001"><failure message="FileNotFoundError: [Errno 2] No such file or directory: 'ffmpeg'">backend/tests/test_video_submission_review.py:278: in test_submit_mp3_transcribes_and_persists
    mp3 = _make_mp3_bytes(duration_sec=2.0)
          ^^^^^^^^^^^^^^^^^^^^^^^^^^^^^^^^^
backend/tests/test_video_submission_review.py:57: in _make_mp3_bytes
    subprocess.run(
/usr/local/lib/python3.11/subprocess.py:548: in run
    with Popen(*popenargs, **kwargs) as process:
         ^^^^^^^^^^^^^^^^^^^^^^^^^^^
/usr/local/lib/python3.11/subprocess.py:1026: in __init__
    self._execute_child(args, executable, preexec_fn, close_fds,
/usr/local/lib/python3.11/subprocess.py:1955: in _execute_child
    raise child_exception_type(errno_num, err_msg, err_filename)
E   FileNotFoundError: [Errno 2] No such file or directory: 'ffmpeg'</failure></testcase><testcase classname="backend.tests.test_video_submission_review.TestManualReviewEndpoint" name="test_review_endpoint_media_submission" time="0.001"><failure message="FileNotFoundError: [Errno 2] No such file or directory: 'ffmpeg'">backend/tests/test_video_submission_review.py:334: in test_review_endpoint_media_submission
    mp3 = _make_mp3_bytes(duration_sec=2.0)
          ^^^^^^^^^^^^^^^^^^^^^^^^^^^^^^^^^
backend/tests/test_video_submission_review.py:57: in _make_mp3_bytes
    subprocess.run(
/usr/local/lib/python3.11/subprocess.py:548: in run
    with Popen(*popenargs, **kwargs) as process:
         ^^^^^^^^^^^^^^^^^^^^^^^^^^^
/usr/local/lib/python3.11/subprocess.py:1026: in __init__
    self._execute_child(args, executable, preexec_fn, close_fds,
/usr/local/lib/python3.11/subprocess.py:1955: in _execute_child
    raise child_exception_type(errno_num, err_msg, err_filename)
E   FileNotFoundError: [Errno 2] No such file or directory: 'ffmpeg'</failure></testcase><testcase classname="backend.tests.test_video_submission_review.TestManualReviewEndpoint" name="test_review_endpoint_404_missing_submission" time="0.189" /><testcase classname="backend.tests.test_video_submission_review.TestNonMediaRegression" name="test_pdf_submit_on_behalf_no_transcription" time="13.692" /><testcase classname="backend.tests.test_video_submission_review.TestQuestionnaireRegression" name="test_questionnaire_submit_no_media_pipeline" time="9.070" /><testcase classname="backend.tests.test_video_submission_review.TestFfmpegFallback" name="test_direct_whisper_path_without_ffmpeg" time="0.004"><skipped type="pytest.skip" message="ffmpeg not present — cannot simulate its removal">/app/backend/tests/test_video_submission_review.py:459: ffmpeg not present — cannot simulate its removal</skipped></testcase><testcase classname="backend.tests.test_magic_link.TestMagicLinkEndpoint" name="test_missing_token_returns_400" time="0.146" /><testcase classname="backend.tests.test_magic_link.TestMagicLinkEndpoint" name="test_empty_token_returns_400" time="0.104" /><testcase classname="backend.tests.test_magic_link.TestMagicLinkEndpoint" name="test_nonexistent_token_returns_401" time="0.105" /><testcase classname="backend.tests.test_magic_link.TestMagicLinkEndpoint" name="test_valid_token_returns_session_and_user" time="0.151" /><testcase classname="backend.tests.test_magic_link.TestMagicLinkEndpoint" name="test_expired_token_returns_401_and_is_deleted" time="0.123" /><testcase classname="backend.tests.test_magic_link.TestMagicLinkEndpoint" name="test_token_for_deleted_user_returns_404" time="0.139" /><testcase classname="backend.tests.test_magic_link.TestMagicLinkEndpoint" name="test_using_normal_session_token_is_noop_replay" time="0.121" /><testcase classname="backend.tests.test_magic_link.TestSendFeedbackMagicLink" name="test_send_feedback_generates_magic_and_ctal_url" time="0.315" /><testcase classname="backend.tests.test_magic_link.TestSendFeedbackMagicLink" name="test_magic_token_can_be_exchanged_and_used" time="1.605" /><testcase classname="backend.tests.test_magic_link.TestMagicLinkSecurity" name="test_ttl_is_bounded_30_days" time="0.006" /><testcase classname="backend.tests.test_magic_link.TestMagicLinkSecurity" name="test_token_bound_to_single_user" time="0.252" /><testcase classname="backend.tests.test_magic_link.TestMagicLinkSecurity" name="test_token_unpredictable_hex" time="0.011" /></testsuite></testsuites>