<?xml version="1.0" encoding="utf-8"?><testsuites name="pytest tests"><testsuite name="pytest" errors="0" failures="0" skipped="0" tests="45" time="10.502" timestamp="2026-08-06T23:16:52.166042+00:00" hostname="agent-env-a260187b-8f1b-4c2e-8a9f-a476cba8da38"><testcase classname="backend.tests.test_venture_path.TestParseReadinessScore" name="test_parses_trailing_line" time="0.001" /><testcase classname="backend.tests.test_venture_path.TestParseReadinessScore" name="test_returns_none_when_missing" time="0.000" /><testcase classname="backend.tests.test_venture_path.TestParseReadinessScore" name="test_clamps_range" time="0.000" /><testcase classname="backend.tests.test_venture_path.TestParseReadinessScore" name="test_parses_progress_score_new_label" time="0.000" /><testcase classname="backend.tests.test_venture_path.TestParseReadinessScore" name="test_parses_readiness_score_legacy_label" time="0.000" /><testcase classname="backend.tests.test_venture_path" name="test_investor_score_instruction_encouraging_language" time="0.000" /><testcase classname="backend.tests.test_venture_path.TestBadgeTierFor" name="test_thresholds" time="0.000" /><testcase classname="backend.tests.test_venture_path" name="test_unauthenticated_returns_401" time="0.235" /><testcase classname="backend.tests.test_venture_path" name="test_instructor_forbidden" time="0.169" /><testcase classname="backend.tests.test_venture_path" name="test_empty_student_shape" time="0.161" /><testcase classname="backend.tests.test_venture_path" name="test_unlock_module_2_after_seeded_submission" time="0.160" /><testcase classname="backend.tests.test_venture_path" name="test_tier_thresholds[49-none-bronze-1]" time="0.149" /><testcase classname="backend.tests.test_venture_path" name="test_tier_thresholds[50-bronze-silver-20]" time="0.110" /><testcase classname="backend.tests.test_venture_path" name="test_tier_thresholds[69-bronze-silver-1]" time="0.119" /><testcase classname="backend.tests.test_venture_path" name="test_tier_thresholds[70-silver-gold-15]" time="0.150" /><testcase classname="backend.tests.test_venture_path" name="test_tier_thresholds[84-silver-gold-1]" time="0.123" /><testcase classname="backend.tests.test_venture_path" name="test_tier_thresholds[85-gold-None-None]" time="0.108" /><testcase classname="backend.tests.test_venture_path" name="test_tier_thresholds[100-gold-None-None]" time="0.107" /><testcase classname="backend.tests.test_venture_path" name="test_best_attempt_wins_when_multiple_submissions" time="0.112" /><testcase classname="backend.tests.test_venture_path.TestInstructorVenturePathAuth" name="test_no_auth_returns_401" time="0.145" /><testcase classname="backend.tests.test_venture_path.TestInstructorVenturePathAuth" name="test_student_role_forbidden" time="0.137" /><testcase classname="backend.tests.test_venture_path.TestInstructorVenturePathAuth" name="test_instructor_not_managing_cohort_forbidden" time="0.114" /><testcase classname="backend.tests.test_venture_path.TestInstructorVenturePathAuth" name="test_instructor_managing_cohort_allowed" time="0.134" /><testcase classname="backend.tests.test_venture_path.TestInstructorVenturePathAuth" name="test_instructor_legacy_instructor_id_field_allowed" time="0.137" /><testcase classname="backend.tests.test_venture_path.TestInstructorVenturePathAuth" name="test_super_admin_bypasses_cohort_check" time="0.103" /><testcase classname="backend.tests.test_venture_path.TestInstructorVenturePathAuth" name="test_student_not_found_returns_404" time="0.201" /><testcase classname="backend.tests.test_venture_path.TestInstructorVenturePathShape" name="test_response_shape_matches_student_plus_student_field" time="0.122" /><testcase classname="backend.tests.test_venture_path.TestInstructorVenturePathScoreMath" name="test_week3_score_72_gives_silver" time="0.171" /><testcase classname="backend.tests.test_score_display" name="test_export_pdf_progress_score_label_strips_and_renders_badge" time="1.388" /><testcase classname="backend.tests.test_score_display" name="test_export_pdf_legacy_readiness_score_label_strips_cleanly" time="0.276" /><testcase classname="backend.tests.test_score_display" name="test_export_pdf_gold_tier" time="4.536" /><testcase classname="backend.tests.test_score_display" name="test_export_pdf_no_readiness_score_omits_badge" time="0.352" /><testcase classname="backend.tests.test_score_display" name="test_parse_readiness_score_both_labels" time="0.000" /><testcase classname="backend.tests.test_score_display" name="test_export_pdf_bronze_and_trailing_whitespace" time="0.273" /><testcase classname="backend.tests.test_revision_scoring.TestInvestorScoreInstructionContent" name="test_contains_required_phrases" time="0.000" /><testcase classname="backend.tests.test_revision_scoring.TestPriorAttemptsHelper" name="test_empty_when_no_prior_submissions" time="0.006" /><testcase classname="backend.tests.test_revision_scoring.TestPriorAttemptsHelper" name="test_empty_when_milestone_id_none" time="0.001" /><testcase classname="backend.tests.test_revision_scoring.TestPriorAttemptsHelper" name="test_empty_when_milestone_id_empty_string" time="0.001" /><testcase classname="backend.tests.test_revision_scoring.TestPriorAttemptsHelper" name="test_returns_header_and_scores_when_prior_exists" time="0.005" /><testcase classname="backend.tests.test_revision_scoring.TestPriorAttemptsHelper" name="test_excludes_current_submission_id" time="0.005" /><testcase classname="backend.tests.test_revision_scoring.TestPriorAttemptsHelper" name="test_no_score_line_when_readiness_score_missing" time="0.005" /><testcase classname="backend.tests.test_revision_scoring.TestPriorAttemptsHelper" name="test_prefers_instructor_feedback_over_ai_feedback" time="0.004" /><testcase classname="backend.tests.test_revision_scoring.TestBuildCumulativeContextRevision" name="test_includes_two_prior_attempts_and_excludes_current" time="0.007" /><testcase classname="backend.tests.test_revision_scoring.TestBuildCumulativeContextRevision" name="test_legacy_signature_without_milestone_id_still_works" time="0.005" /><testcase classname="backend.tests.test_revision_scoring.TestBuildCumulativeContextRevision" name="test_no_prior_attempts_returns_no_prior_header" time="0.005" /></testsuite></testsuites>