<?xml version="1.0" encoding="utf-8"?><testsuites name="pytest tests"><testsuite name="pytest" errors="0" failures="0" skipped="0" tests="20" time="15.717" timestamp="2026-07-17T18:22:47.468557+00:00" hostname="agent-env-a260187b-8f1b-4c2e-8a9f-a476cba8da38"><testcase classname="backend.tests.test_support.TestSupportChat" name="test_chat_requires_auth" time="0.234" /><testcase classname="backend.tests.test_support.TestSupportChat" name="test_chat_empty_message_400" time="2.883" /><testcase classname="backend.tests.test_support.TestSupportChat" name="test_chat_platform_navigation_answer" time="3.200" /><testcase classname="backend.tests.test_support.TestSupportChat" name="test_chat_boundary_redirects_to_coach_max" time="4.199" /><testcase classname="backend.tests.test_support.TestSupportChat" name="test_chat_history_bounded_to_last_6" time="2.231" /><testcase classname="backend.tests.test_support.TestSupportChat" name="test_chat_source_has_timeout_guard" time="0.001" /><testcase classname="backend.tests.test_support.TestSupportEscalate" name="test_escalate_requires_auth" time="0.195" /><testcase classname="backend.tests.test_support.TestSupportEscalate" name="test_escalate_empty_conversation_400" time="0.186" /><testcase classname="backend.tests.test_support.TestSupportEscalate" name="test_escalate_creates_ticket_and_returns_id" time="0.378" /><testcase classname="backend.tests.test_support.TestSupportEscalate" name="test_escalate_custom_subject_used" time="0.264" /><testcase classname="backend.tests.test_support.TestSupportEscalate" name="test_escalate_bounds_conversation_size" time="0.457" /><testcase classname="backend.tests.test_support.TestListTickets" name="test_list_requires_super_admin_student_403" time="0.125" /><testcase classname="backend.tests.test_support.TestListTickets" name="test_list_requires_super_admin_instructor_403" time="0.152" /><testcase classname="backend.tests.test_support.TestListTickets" name="test_list_super_admin_returns_list_desc" time="0.160" /><testcase classname="backend.tests.test_support.TestListTickets" name="test_list_status_filter" time="0.108" /><testcase classname="backend.tests.test_support.TestPatchTicket" name="test_patch_requires_super_admin" time="0.119" /><testcase classname="backend.tests.test_support.TestPatchTicket" name="test_patch_invalid_status_400" time="0.155" /><testcase classname="backend.tests.test_support.TestPatchTicket" name="test_patch_missing_ticket_404" time="0.122" /><testcase classname="backend.tests.test_support.TestPatchTicket" name="test_patch_resolve_then_reopen_and_notes" time="0.231" /><testcase classname="backend.tests.test_support.TestPatchTicket" name="test_patch_no_fields_400" time="0.162" /></testsuite></testsuites>