<?xml version="1.0" encoding="utf-8"?><testsuites name="pytest tests"><testsuite name="pytest" errors="0" failures="10" skipped="0" tests="81" time="34.044" timestamp="2026-07-07T22:35:06.336035+00:00" hostname="agent-env-a260187b-8f1b-4c2e-8a9f-a476cba8da38"><testcase classname="backend.tests.test_drive_link.TestCohortMaterialUpload" name="test_homework_with_drive_url_persists" time="0.183" /><testcase classname="backend.tests.test_drive_link.TestCohortMaterialUpload" name="test_workbook_with_drive_url_is_dropped" time="0.136" /><testcase classname="backend.tests.test_drive_link.TestCohortMaterialUpload" name="test_homework_without_drive_url_defaults_empty" time="0.106" /><testcase classname="backend.tests.test_drive_link.TestLibraryMaterialUpload" name="test_library_homework_persists_url" time="0.116" /><testcase classname="backend.tests.test_drive_link.TestUpdateDriveLink" name="test_valid_https_updates" time="0.344" /><testcase classname="backend.tests.test_drive_link.TestUpdateDriveLink" name="test_empty_string_clears" time="0.211" /><testcase classname="backend.tests.test_drive_link.TestUpdateDriveLink" name="test_javascript_url_rejected" time="0.203" /><testcase classname="backend.tests.test_drive_link.TestUpdateDriveLink" name="test_ftp_url_rejected" time="0.215" /><testcase classname="backend.tests.test_drive_link.TestUpdateDriveLink" name="test_non_homework_material_rejected" time="0.232" /><testcase classname="backend.tests.test_drive_link.TestUpdateDriveLink" name="test_outsider_instructor_forbidden" time="0.228" /><testcase classname="backend.tests.test_drive_link.TestUpdateDriveLink" name="test_cohort_manager_allowed" time="0.218" /><testcase classname="backend.tests.test_drive_link.TestUpdateDriveLink" name="test_library_material_acl" time="0.323" /><testcase classname="backend.tests.test_drive_link.TestSubmitLinkAndDashboard" name="test_submit_link_returns_drive_url" time="0.214" /><testcase classname="backend.tests.test_drive_link.TestSubmitLinkAndDashboard" name="test_student_dashboard_exposes_drive_url" time="0.213" /><testcase classname="backend.tests.test_drive_link.TestSubmitLinkAndDashboard" name="test_regression_submission_flow_still_works" time="0.602" /><testcase classname="backend.tests.test_feedback_template.TestCohortUploadFeedbackTemplate" name="test_homework_persists_feedback_template" time="0.116" /><testcase classname="backend.tests.test_feedback_template.TestCohortUploadFeedbackTemplate" name="test_workbook_feedback_template_dropped" time="0.119" /><testcase classname="backend.tests.test_feedback_template.TestCohortUploadFeedbackTemplate" name="test_case_study_feedback_template_dropped" time="0.583" /><testcase classname="backend.tests.test_feedback_template.TestCohortUploadFeedbackTemplate" name="test_homework_without_feedback_template_defaults_empty" time="0.114" /><testcase classname="backend.tests.test_feedback_template.TestLibraryUploadFeedbackTemplate" name="test_library_homework_persists_feedback_template" time="0.101" /><testcase classname="backend.tests.test_feedback_template.TestLibraryUploadFeedbackTemplate" name="test_library_workbook_feedback_template_dropped" time="0.105" /><testcase classname="backend.tests.test_feedback_template.TestUpdateFeedbackTemplate" name="test_updates_with_non_empty_string" time="0.219" /><testcase classname="backend.tests.test_feedback_template.TestUpdateFeedbackTemplate" name="test_empty_string_clears" time="0.258" /><testcase classname="backend.tests.test_feedback_template.TestUpdateFeedbackTemplate" name="test_whitespace_only_string_is_trimmed_to_empty" time="0.202" /><testcase classname="backend.tests.test_feedback_template.TestUpdateFeedbackTemplate" name="test_non_homework_material_returns_400" time="0.212" /><testcase classname="backend.tests.test_feedback_template.TestUpdateFeedbackTemplate" name="test_case_study_material_returns_400" time="0.214" /><testcase classname="backend.tests.test_feedback_template.TestUpdateFeedbackTemplate" name="test_unknown_material_id_returns_404" time="0.109" /><testcase classname="backend.tests.test_feedback_template.TestUpdateFeedbackTemplate" name="test_outsider_instructor_forbidden" time="0.216" /><testcase classname="backend.tests.test_feedback_template.TestUpdateFeedbackTemplate" name="test_super_admin_allowed" time="0.206" /><testcase classname="backend.tests.test_feedback_template.TestUpdateFeedbackTemplate" name="test_library_material_acl" time="0.351" /><testcase classname="backend.tests.test_feedback_template.TestSubmitOnBehalfWithCustomTemplate" name="test_submit_on_behalf_accepts_flow_with_custom_template" time="8.704" /><testcase classname="backend.tests.test_global_materials.TestUploadIsGlobal" name="test_upload_is_global_true_sets_week_zero" time="0.175" /><testcase classname="backend.tests.test_global_materials.TestUploadIsGlobal" name="test_upload_is_global_false_preserves_week" time="0.142" /><testcase classname="backend.tests.test_global_materials.TestUploadIsGlobal" name="test_upload_is_global_omitted_defaults_false" time="0.139" /><testcase classname="backend.tests.test_global_materials.TestGetLibraryReturnsIsGlobal" name="test_list_returns_is_global_flag" time="0.394" /><testcase classname="backend.tests.test_global_materials.TestAssignGlobalMaterial" name="test_assign_global_to_cohort" time="0.354" /><testcase classname="backend.tests.test_global_materials.TestAssignGlobalMaterial" name="test_assign_regular_to_cohort" time="0.248" /><testcase classname="backend.tests.test_global_materials.TestStudentDashboardCourseResources" name="test_dashboard_has_course_resources_with_globals" time="0.851" /><testcase classname="backend.tests.test_global_materials.TestStudentDashboardCourseResources" name="test_dashboard_course_resources_empty_when_no_globals_assigned" time="0.321" /><testcase classname="backend.tests.test_global_materials.TestReviewWithGlobalMaterials" name="test_review_endpoint_prepends_globals" time="7.242" /><testcase classname="backend.tests.test_global_materials.TestDuplicatePreservesIsGlobal" name="test_duplicate_global_material_keeps_is_global" time="0.272" /><testcase classname="backend.tests.test_global_materials.TestDuplicatePreservesIsGlobal" name="test_duplicate_non_global_material_stays_non_global" time="0.259" /><testcase classname="backend.tests.test_global_materials.TestDownloadGlobalMaterial" name="test_student_can_download_assigned_global" time="0.495" /><testcase classname="backend.tests.test_video_materials.TestUploadVideoFile" name="test_upload_video_file_creates_pending_doc" time="0.167"><failure message="AssertionError: assert 'failed' == 'pending'&#10;  &#10;  - pending&#10;  + failed">backend/tests/test_video_materials.py:240: in test_upload_video_file_creates_pending_doc
    assert doc.get("transcription_status") == "pending"
E   AssertionError: assert 'failed' == 'pending'
E     
E     - pending
E     + failed</failure></testcase><testcase classname="backend.tests.test_video_materials.TestUploadVideoFile" name="test_upload_video_file_wav_accepted" time="0.156" /><testcase classname="backend.tests.test_video_materials.TestUploadVideoFile" name="test_upload_video_invalid_extension_rejected" time="0.111" /><testcase classname="backend.tests.test_video_materials.TestUploadVideoFile" name="test_upload_video_neither_file_nor_url_rejected" time="0.116" /><testcase classname="backend.tests.test_video_materials.TestUploadVideoUrl" name="test_upload_youtube_url_creates_na_status" time="0.300" /><testcase classname="backend.tests.test_video_materials.TestUploadVideoUrl" name="test_upload_url_and_file_both_url_takes_precedence" time="0.158" /><testcase classname="backend.tests.test_video_materials.TestUploadVideoUrl" name="test_upload_url_invalid_scheme_rejected" time="0.106" /><testcase classname="backend.tests.test_video_materials.TestUploadRegression" name="test_workbook_without_file_rejected" time="0.101" /><testcase classname="backend.tests.test_video_materials.TestUploadRegression" name="test_workbook_with_video_url_rejected" time="0.114" /><testcase classname="backend.tests.test_video_materials.TestUploadRegression" name="test_workbook_with_file_still_works" time="0.167" /><testcase classname="backend.tests.test_video_materials.TestManualTranscribe" name="test_transcribe_url_video_rejected" time="0.217" /><testcase classname="backend.tests.test_video_materials.TestManualTranscribe" name="test_transcribe_non_video_rejected" time="0.258" /><testcase classname="backend.tests.test_video_materials.TestManualTranscribe" name="test_transcribe_uploaded_video_returns_pending" time="0.289" /><testcase classname="backend.tests.test_video_materials.TestManualTranscribe" name="test_transcribe_missing_material_404" time="0.119" /><testcase classname="backend.tests.test_video_materials.TestWhisperEndToEnd" name="test_upload_wav_transcribes_within_60s" time="0.157" /><testcase classname="backend.tests.test_video_materials.TestDuplicateVideo" name="test_duplicate_url_video_preserves_url_and_status" time="0.231" /><testcase classname="backend.tests.test_video_materials.TestDuplicateVideo" name="test_duplicate_uploaded_video_resets_transcription" time="0.269"><failure message="AssertionError: Unexpected status: failed&#10;assert 'failed' in ('pending', 'done', 'n/a')&#10; +  where 'failed' = &lt;built-in method get of dict object at 0xf87bccbdd7c0&gt;('transcription_status')&#10; +    where &lt;built-in method get of dict object at 0xf87bccbdd7c0&gt; = {'_id': ObjectId('6a4d7f3702f771190cf4aa45'), 'cohort_id': None, 'cohort_ids': [], 'created_at': '2026-07-07T22:35:35.864405+00:00', ...}.get">backend/tests/test_video_materials.py:564: in test_duplicate_uploaded_video_resets_transcription
    assert dup.get("transcription_status") in ("pending", "done", "n/a"), \
E   AssertionError: Unexpected status: failed
E   assert 'failed' in ('pending', 'done', 'n/a')
E    +  where 'failed' = &lt;built-in method get of dict object at 0xf87bccbdd7c0&gt;('transcription_status')
E    +    where &lt;built-in method get of dict object at 0xf87bccbdd7c0&gt; = {'_id': ObjectId('6a4d7f3702f771190cf4aa45'), 'cohort_id': None, 'cohort_ids': [], 'created_at': '2026-07-07T22:35:35.864405+00:00', ...}.get</failure></testcase><testcase classname="backend.tests.test_video_materials.TestStudentDashboardVideoUrl" name="test_course_resources_includes_video_url" time="0.614" /><testcase classname="backend.tests.test_duplicate_endpoints.TestLibraryDuplicate" name="test_duplicate_library_material_basic" time="0.550" /><testcase classname="backend.tests.test_duplicate_endpoints.TestLibraryDuplicate" name="test_duplicate_library_file_bytes_match" time="0.231" /><testcase classname="backend.tests.test_duplicate_endpoints.TestLibraryDuplicate" name="test_duplicate_legacy_library_returns_410" time="0.106" /><testcase classname="backend.tests.test_duplicate_endpoints.TestCohortDuplicate" name="test_duplicate_cohort_basic" time="0.358" /><testcase classname="backend.tests.test_duplicate_endpoints.TestCohortDuplicate" name="test_duplicate_cohort_acl_outsider_403" time="0.101" /><testcase classname="backend.tests.test_duplicate_endpoints.TestCohortDuplicate" name="test_duplicate_cohort_404_for_missing" time="0.108" /><testcase classname="backend.tests.test_duplicate_endpoints.TestRegression" name="test_assign_then_unassign" time="0.530" /><testcase classname="backend.tests.test_duplicate_endpoints.TestRegression" name="test_update_library_material" time="0.524" /><testcase classname="backend.tests.test_audio_tts.TestHealthCheck" name="test_health_endpoint" time="0.107" /><testcase classname="backend.tests.test_audio_tts.TestSubmissionAudioEndpoint" name="test_submission_audio_requires_auth" time="0.109" /><testcase classname="backend.tests.test_audio_tts.TestSubmissionAudioEndpoint" name="test_submission_audio_not_found" time="0.102"><failure message="assert 401 == 404&#10; +  where 401 = &lt;Response [401]&gt;.status_code">backend/tests/test_audio_tts.py:58: in test_submission_audio_not_found
    assert response.status_code == 404
E   assert 401 == 404
E    +  where 401 = &lt;Response [401]&gt;.status_code</failure></testcase><testcase classname="backend.tests.test_audio_tts.TestSubmissionAudioEndpoint" name="test_submission_audio_generates_mp3" time="0.108"><failure message="assert 401 == 200&#10; +  where 401 = &lt;Response [401]&gt;.status_code">backend/tests/test_audio_tts.py:70: in test_submission_audio_generates_mp3
    assert response.status_code == 200
E   assert 401 == 200
E    +  where 401 = &lt;Response [401]&gt;.status_code</failure></testcase><testcase classname="backend.tests.test_audio_tts.TestSubmissionAudioEndpoint" name="test_submission_audio_caching" time="0.110"><failure message="assert 401 == 200&#10; +  where 401 = &lt;Response [401]&gt;.status_code">backend/tests/test_audio_tts.py:93: in test_submission_audio_caching
    assert response1.status_code == 200
E   assert 401 == 200
E    +  where 401 = &lt;Response [401]&gt;.status_code</failure></testcase><testcase classname="backend.tests.test_audio_tts.TestChatAudioEndpoint" name="test_chat_audio_requires_auth" time="0.099" /><testcase classname="backend.tests.test_audio_tts.TestChatAudioEndpoint" name="test_chat_audio_empty_text_returns_400" time="0.116"><failure message="assert 401 == 400&#10; +  where 401 = &lt;Response [401]&gt;.status_code">backend/tests/test_audio_tts.py:133: in test_chat_audio_empty_text_returns_400
    assert response.status_code == 400
E   assert 401 == 400
E    +  where 401 = &lt;Response [401]&gt;.status_code</failure></testcase><testcase classname="backend.tests.test_audio_tts.TestChatAudioEndpoint" name="test_chat_audio_missing_text_returns_400" time="0.099"><failure message="assert 401 == 400&#10; +  where 401 = &lt;Response [401]&gt;.status_code">backend/tests/test_audio_tts.py:145: in test_chat_audio_missing_text_returns_400
    assert response.status_code == 400
E   assert 401 == 400
E    +  where 401 = &lt;Response [401]&gt;.status_code</failure></testcase><testcase classname="backend.tests.test_audio_tts.TestChatAudioEndpoint" name="test_chat_audio_generates_mp3" time="0.106"><failure message="assert 401 == 200&#10; +  where 401 = &lt;Response [401]&gt;.status_code">backend/tests/test_audio_tts.py:157: in test_chat_audio_generates_mp3
    assert response.status_code == 200
E   assert 401 == 200
E    +  where 401 = &lt;Response [401]&gt;.status_code</failure></testcase><testcase classname="backend.tests.test_audio_tts.TestServeAudioEndpoint" name="test_serve_audio_not_found" time="0.105" /><testcase classname="backend.tests.test_audio_tts.TestServeAudioEndpoint" name="test_serve_audio_returns_mp3" time="0.163"><failure message="assert 401 == 200&#10; +  where 401 = &lt;Response [401]&gt;.status_code">backend/tests/test_audio_tts.py:188: in test_serve_audio_returns_mp3
    assert response.status_code == 200
E   assert 401 == 200
E    +  where 401 = &lt;Response [401]&gt;.status_code</failure></testcase><testcase classname="backend.tests.test_audio_tts.TestSubmissionWithoutFeedback" name="test_submission_no_feedback_returns_400" time="0.108"><failure message="assert 401 == 400&#10; +  where 401 = &lt;Response [401]&gt;.status_code">backend/tests/test_audio_tts.py:249: in test_submission_no_feedback_returns_400
    assert response.status_code == 400
E   assert 401 == 400
E    +  where 401 = &lt;Response [401]&gt;.status_code</failure></testcase></testsuite></testsuites>