<?xml version="1.0" encoding="utf-8"?><testsuites name="pytest tests"><testsuite name="pytest" errors="0" failures="5" skipped="1" tests="61" time="118.027" timestamp="2026-07-20T18:55:09.215019+00:00" hostname="agent-env-a260187b-8f1b-4c2e-8a9f-a476cba8da38"><testcase classname="tests.test_video_submission_review.TestPureHelpers" name="test_is_media_submission_positive" time="0.360" /><testcase classname="tests.test_video_submission_review.TestPureHelpers" name="test_is_media_submission_negative" time="0.000" /><testcase classname="tests.test_video_submission_review.TestPureHelpers" name="test_transcribe_media_bytes_returns_tuple_mp3" time="0.001"><failure message="FileNotFoundError: [Errno 2] No such file or directory: 'ffmpeg'">E   FileNotFoundError: [Errno 2] No such file or directory: 'ffmpeg'</failure></testcase><testcase classname="tests.test_video_submission_review.TestPureHelpers" name="test_transcribe_media_bytes_no_dbwrite" time="0.001"><failure message="FileNotFoundError: [Errno 2] No such file or directory: 'ffmpeg'">E   FileNotFoundError: [Errno 2] No such file or directory: 'ffmpeg'</failure></testcase><testcase classname="tests.test_video_submission_review.TestEnsureSubmissionTranscript" name="test_noop_for_non_media" time="0.010" /><testcase classname="tests.test_video_submission_review.TestEnsureSubmissionTranscript" name="test_noop_when_transcript_already_set" time="0.000" /><testcase classname="tests.test_video_submission_review.TestEnsureSubmissionTranscript" name="test_noop_when_prior_failed" time="0.000" /><testcase classname="tests.test_video_submission_review.TestSubmitOnBehalfMedia" name="test_submit_mp3_transcribes_and_persists" time="0.001"><failure message="FileNotFoundError: [Errno 2] No such file or directory: 'ffmpeg'">E   FileNotFoundError: [Errno 2] No such file or directory: 'ffmpeg'</failure></testcase><testcase classname="tests.test_video_submission_review.TestManualReviewEndpoint" name="test_review_endpoint_media_submission" time="0.001"><failure message="FileNotFoundError: [Errno 2] No such file or directory: 'ffmpeg'">E   FileNotFoundError: [Errno 2] No such file or directory: 'ffmpeg'</failure></testcase><testcase classname="tests.test_video_submission_review.TestManualReviewEndpoint" name="test_review_endpoint_404_missing_submission" time="2.567" /><testcase classname="tests.test_video_submission_review.TestNonMediaRegression" name="test_pdf_submit_on_behalf_no_transcription" time="12.216" /><testcase classname="tests.test_video_submission_review.TestQuestionnaireRegression" name="test_questionnaire_submit_no_media_pipeline" time="9.140" /><testcase classname="tests.test_video_submission_review.TestFfmpegFallback" name="test_direct_whisper_path_without_ffmpeg" time="0.004"><skipped type="pytest.skip" message="ffmpeg not present — cannot simulate its removal">/app/backend/tests/test_video_submission_review.py:459: ffmpeg not present — cannot simulate its removal</skipped></testcase><testcase classname="tests.test_milestone_submit_auto_review.TestAutoReviewOnNewSubmit" name="test_text_submission_triggers_ai_feedback" time="7.159" /><testcase classname="tests.test_milestone_submit_auto_review.TestAutoReviewOnResubmit" name="test_resubmit_regenerates_ai_feedback" time="12.386" /><testcase classname="tests.test_milestone_submit_auto_review.TestAutoReviewOnQuestionnaire" name="test_questionnaire_submit_triggers_ai_feedback" time="6.149" /><testcase classname="tests.test_milestone_submit_auto_review.TestFeedbackTemplateOverridePrecedence" name="test_milestone_override_wins_over_assignment_template" time="8.149" /><testcase classname="tests.test_milestone_submit_auto_review.TestSubmitOnBehalfStillWorks" name="test_sob_still_triggers_auto_review" time="13.126" /><testcase classname="tests.test_submit_on_behalf_milestone.TestSubmitLinkAssignmentResolver" name="test_valid_returns_full_metadata_public" time="0.198" /><testcase classname="tests.test_submit_on_behalf_milestone.TestSubmitLinkAssignmentResolver" name="test_nonexistent_assignment_returns_404" time="0.130" /><testcase classname="tests.test_submit_on_behalf_milestone.TestSubmitLinkAssignmentResolver" name="test_no_milestone_for_week_returns_404" time="0.138" /><testcase classname="tests.test_submit_on_behalf_milestone.TestSubmitLinkAssignmentResolver" name="test_public_no_auth_required" time="0.141" /><testcase classname="tests.test_submit_on_behalf_milestone.TestMilestoneSubmitOnBehalf" name="test_no_auth_returns_401" time="0.114" /><testcase classname="tests.test_submit_on_behalf_milestone.TestMilestoneSubmitOnBehalf" name="test_nonexistent_assignment_returns_404" time="0.127" /><testcase classname="tests.test_submit_on_behalf_milestone.TestMilestoneSubmitOnBehalf" name="test_nonexistent_milestone_returns_404" time="0.140" /><testcase classname="tests.test_submit_on_behalf_milestone.TestMilestoneSubmitOnBehalf" name="test_student_not_enrolled_returns_400" time="0.116" /><testcase classname="tests.test_submit_on_behalf_milestone.TestMilestoneSubmitOnBehalf" name="test_unknown_student_returns_404" time="0.102" /><testcase classname="tests.test_submit_on_behalf_milestone.TestMilestoneSubmitOnBehalf" name="test_bad_extension_returns_400" time="0.107" /><testcase classname="tests.test_submit_on_behalf_milestone.TestMilestoneSubmitOnBehalf" name="test_missing_file_returns_400" time="0.157" /><testcase classname="tests.test_submit_on_behalf_milestone.TestMilestoneSubmitOnBehalf" name="test_successful_submit_creates_submission_and_persists" time="0.329" /><testcase classname="tests.test_submit_on_behalf_milestone.TestMilestoneSubmitOnBehalf" name="test_idempotent_resubmit_same_key" time="0.668" /><testcase classname="tests.test_submit_on_behalf_milestone.TestMilestoneSubmitOnBehalf" name="test_ai_review_helper_triggered_status_becomes_draft" time="40.338" /><testcase classname="tests.test_submit_on_behalf_milestone.TestLegacyMaterialSubmitOnBehalfRegression" name="test_legacy_endpoint_still_requires_auth" time="0.320" /><testcase classname="tests.test_material_library.TestLibraryMaterialsEndpoints" name="test_get_library_materials_empty" time="0.146" /><testcase classname="tests.test_material_library.TestLibraryMaterialsEndpoints" name="test_get_library_materials_requires_instructor" time="0.139" /><testcase classname="tests.test_material_library.TestLibraryMaterialsEndpoints" name="test_get_library_materials_unauthenticated" time="0.100" /><testcase classname="tests.test_material_library.TestLibraryMaterialsEndpoints" name="test_upload_library_material_workbook" time="0.116" /><testcase classname="tests.test_material_library.TestLibraryMaterialsEndpoints" name="test_upload_library_material_case_study" time="0.137" /><testcase classname="tests.test_material_library.TestLibraryMaterialsEndpoints" name="test_upload_library_material_homework_rejected" time="0.131"><failure message="AssertionError: Expected 400 for homework type, got 200: {&quot;material_id&quot;:&quot;lib_2d2121a4cc94&quot;,&quot;message&quot;:&quot;Material added to library&quot;}&#10;assert 200 == 400&#10; +  where 200 = &lt;Response [200]&gt;.status_code">E   AssertionError: Expected 400 for homework type, got 200: {"material_id":"lib_2d2121a4cc94","message":"Material added to library"}
    assert 200 == 400
     +  where 200 = &lt;Response [200]&gt;.status_code</failure></testcase><testcase classname="tests.test_material_library.TestLibraryMaterialsEndpoints" name="test_upload_library_material_invalid_file_type" time="0.152" /><testcase classname="tests.test_material_library.TestLibraryMaterialsEndpoints" name="test_upload_library_material_student_denied" time="0.103" /><testcase classname="tests.test_material_library.TestLibraryMaterialsEndpoints" name="test_get_library_materials_with_data" time="0.122" /><testcase classname="tests.test_material_library.TestLibraryMaterialAssignment" name="test_assign_material_to_cohort" time="0.120" /><testcase classname="tests.test_material_library.TestLibraryMaterialAssignment" name="test_assign_material_to_multiple_cohorts" time="0.112" /><testcase classname="tests.test_material_library.TestLibraryMaterialAssignment" name="test_assign_material_missing_cohort_ids" time="0.112" /><testcase classname="tests.test_material_library.TestLibraryMaterialAssignment" name="test_assign_material_invalid_cohort" time="0.100" /><testcase classname="tests.test_material_library.TestLibraryMaterialAssignment" name="test_assign_material_student_denied" time="0.137" /><testcase classname="tests.test_material_library.TestLibraryMaterialAssignment" name="test_unassign_material_from_cohort" time="0.144" /><testcase classname="tests.test_material_library.TestLibraryMaterialAssignment" name="test_unassign_material_missing_cohort_id" time="0.105" /><testcase classname="tests.test_material_library.TestLibraryMaterialUpdate" name="test_update_library_material_title" time="0.113" /><testcase classname="tests.test_material_library.TestLibraryMaterialUpdate" name="test_update_library_material_week" time="0.102" /><testcase classname="tests.test_material_library.TestLibraryMaterialUpdate" name="test_update_library_material_with_file" time="0.110" /><testcase classname="tests.test_material_library.TestLibraryMaterialUpdate" name="test_update_library_material_invalid_file_type" time="0.189" /><testcase classname="tests.test_material_library.TestLibraryMaterialUpdate" name="test_update_library_material_not_found" time="0.149" /><testcase classname="tests.test_material_library.TestLibraryMaterialUpdate" name="test_update_library_material_student_denied" time="0.101" /><testcase classname="tests.test_material_library.TestCohortMaterialsWithLibrary" name="test_cohort_materials_includes_library" time="0.152" /><testcase classname="tests.test_material_library.TestCohortMaterialsWithLibrary" name="test_cohort_materials_student_access" time="0.108" /><testcase classname="tests.test_material_library.TestLibraryMaterialDelete" name="test_delete_library_material_student_denied" time="0.108" /><testcase classname="tests.test_material_library.TestLibraryMaterialDelete" name="test_delete_library_material_not_found" time="0.105" /><testcase classname="tests.test_material_library.TestLibraryMaterialDelete" name="test_delete_library_material_success" time="0.246" /><testcase classname="tests.test_material_library.TestCleanup" name="test_cleanup" time="0.006" /></testsuite></testsuites>