<?xml version="1.0" encoding="utf-8"?><testsuites name="pytest tests"><testsuite name="pytest" errors="0" failures="0" skipped="0" tests="19" time="2.774" timestamp="2026-08-04T21:21:46.208570+00:00" hostname="agent-env-a260187b-8f1b-4c2e-8a9f-a476cba8da38"><testcase classname="backend.tests.test_venture_path.TestParseReadinessScore" name="test_parses_trailing_line" time="0.369" /><testcase classname="backend.tests.test_venture_path.TestParseReadinessScore" name="test_returns_none_when_missing" time="0.000" /><testcase classname="backend.tests.test_venture_path.TestParseReadinessScore" name="test_clamps_range" time="0.000" /><testcase classname="backend.tests.test_venture_path.TestParseReadinessScore" name="test_parses_progress_score_new_label" time="0.000" /><testcase classname="backend.tests.test_venture_path.TestParseReadinessScore" name="test_parses_readiness_score_legacy_label" time="0.000" /><testcase classname="backend.tests.test_venture_path" name="test_investor_score_instruction_encouraging_language" time="0.000" /><testcase classname="backend.tests.test_venture_path.TestBadgeTierFor" name="test_thresholds" time="0.000" /><testcase classname="backend.tests.test_venture_path" name="test_unauthenticated_returns_401" time="0.305" /><testcase classname="backend.tests.test_venture_path" name="test_instructor_forbidden" time="0.181" /><testcase classname="backend.tests.test_venture_path" name="test_empty_student_shape" time="0.188" /><testcase classname="backend.tests.test_venture_path" name="test_unlock_module_2_after_seeded_submission" time="0.205" /><testcase classname="backend.tests.test_venture_path" name="test_tier_thresholds[49-none-bronze-1]" time="0.200" /><testcase classname="backend.tests.test_venture_path" name="test_tier_thresholds[50-bronze-silver-20]" time="0.166" /><testcase classname="backend.tests.test_venture_path" name="test_tier_thresholds[69-bronze-silver-1]" time="0.183" /><testcase classname="backend.tests.test_venture_path" name="test_tier_thresholds[70-silver-gold-15]" time="0.169" /><testcase classname="backend.tests.test_venture_path" name="test_tier_thresholds[84-silver-gold-1]" time="0.116" /><testcase classname="backend.tests.test_venture_path" name="test_tier_thresholds[85-gold-None-None]" time="0.116" /><testcase classname="backend.tests.test_venture_path" name="test_tier_thresholds[100-gold-None-None]" time="0.226" /><testcase classname="backend.tests.test_venture_path" name="test_best_attempt_wins_when_multiple_submissions" time="0.226" /></testsuite></testsuites>