<?xml version="1.0" encoding="utf-8"?><testsuites name="pytest tests"><testsuite name="pytest" errors="0" failures="0" skipped="0" tests="15" time="33.252" timestamp="2026-07-08T23:10:40.956189+00:00" hostname="agent-env-a260187b-8f1b-4c2e-8a9f-a476cba8da38"><testcase classname="backend.tests.test_submit_on_behalf_milestone.TestSubmitLinkAssignmentResolver" name="test_valid_returns_full_metadata_public" time="0.275" /><testcase classname="backend.tests.test_submit_on_behalf_milestone.TestSubmitLinkAssignmentResolver" name="test_nonexistent_assignment_returns_404" time="0.103" /><testcase classname="backend.tests.test_submit_on_behalf_milestone.TestSubmitLinkAssignmentResolver" name="test_no_milestone_for_week_returns_404" time="0.101" /><testcase classname="backend.tests.test_submit_on_behalf_milestone.TestSubmitLinkAssignmentResolver" name="test_public_no_auth_required" time="0.106" /><testcase classname="backend.tests.test_submit_on_behalf_milestone.TestMilestoneSubmitOnBehalf" name="test_no_auth_returns_401" time="0.101" /><testcase classname="backend.tests.test_submit_on_behalf_milestone.TestMilestoneSubmitOnBehalf" name="test_nonexistent_assignment_returns_404" time="0.099" /><testcase classname="backend.tests.test_submit_on_behalf_milestone.TestMilestoneSubmitOnBehalf" name="test_nonexistent_milestone_returns_404" time="0.151" /><testcase classname="backend.tests.test_submit_on_behalf_milestone.TestMilestoneSubmitOnBehalf" name="test_student_not_enrolled_returns_400" time="0.103" /><testcase classname="backend.tests.test_submit_on_behalf_milestone.TestMilestoneSubmitOnBehalf" name="test_unknown_student_returns_404" time="0.115" /><testcase classname="backend.tests.test_submit_on_behalf_milestone.TestMilestoneSubmitOnBehalf" name="test_bad_extension_returns_400" time="0.103" /><testcase classname="backend.tests.test_submit_on_behalf_milestone.TestMilestoneSubmitOnBehalf" name="test_missing_file_returns_400" time="0.163" /><testcase classname="backend.tests.test_submit_on_behalf_milestone.TestMilestoneSubmitOnBehalf" name="test_successful_submit_creates_submission_and_persists" time="9.368" /><testcase classname="backend.tests.test_submit_on_behalf_milestone.TestMilestoneSubmitOnBehalf" name="test_idempotent_resubmit_same_key" time="14.519" /><testcase classname="backend.tests.test_submit_on_behalf_milestone.TestMilestoneSubmitOnBehalf" name="test_ai_review_helper_triggered_status_becomes_draft" time="7.655" /><testcase classname="backend.tests.test_submit_on_behalf_milestone.TestLegacyMaterialSubmitOnBehalfRegression" name="test_legacy_endpoint_still_requires_auth" time="0.145" /></testsuite></testsuites>