<?xml version="1.0" encoding="utf-8"?><testsuites name="pytest tests"><testsuite name="pytest" errors="0" failures="0" skipped="0" tests="12" time="0.752" timestamp="2026-07-20T18:53:41.806355+00:00" hostname="agent-env-a260187b-8f1b-4c2e-8a9f-a476cba8da38"><testcase classname="tests.test_pdf_extraction_and_format_context" name="test_extract_text_from_pdf_reads_content" time="0.220" /><testcase classname="tests.test_pdf_extraction_and_format_context" name="test_extract_text_from_pdf_handles_garbage_gracefully" time="0.032" /><testcase classname="tests.test_pdf_extraction_and_format_context" name="test_extract_text_from_pdf_empty_bytes" time="0.000" /><testcase classname="tests.test_pdf_extraction_and_format_context" name="test_format_context_video_recording" time="0.000" /><testcase classname="tests.test_pdf_extraction_and_format_context" name="test_format_context_audio_recording" time="0.000" /><testcase classname="tests.test_pdf_extraction_and_format_context" name="test_format_context_slide_deck_via_title_hint" time="0.000" /><testcase classname="tests.test_pdf_extraction_and_format_context" name="test_format_context_generic_pdf_document" time="0.000" /><testcase classname="tests.test_pdf_extraction_and_format_context" name="test_format_context_docx_document" time="0.000" /><testcase classname="tests.test_pdf_extraction_and_format_context" name="test_format_context_questionnaire" time="0.000" /><testcase classname="tests.test_pdf_extraction_and_format_context" name="test_format_context_text_writeup" time="0.000" /><testcase classname="tests.test_pdf_extraction_and_format_context" name="test_format_context_unknown_extension_safe_default" time="0.000" /><testcase classname="tests.test_pdf_extraction_and_format_context" name="test_format_context_no_filename" time="0.000" /></testsuite></testsuites>