<?xml version="1.0" encoding="utf-8"?><testsuites name="pytest tests"><testsuite name="pytest" errors="0" failures="0" skipped="0" tests="15" time="31.831" timestamp="2026-07-13T16:25:54.628217+00:00" hostname="agent-env-a260187b-8f1b-4c2e-8a9f-a476cba8da38"><testcase classname="backend.tests.test_ask_tutor_performance.TestSourceCodePaths" name="test_session_id_is_unique_per_request" time="0.001" /><testcase classname="backend.tests.test_ask_tutor_performance.TestSourceCodePaths" name="test_history_window_uses_to_list_6" time="0.000" /><testcase classname="backend.tests.test_ask_tutor_performance.TestSourceCodePaths" name="test_history_trim_400_800" time="0.000" /><testcase classname="backend.tests.test_ask_tutor_performance.TestSourceCodePaths" name="test_context_trimmed_to_2500" time="0.000" /><testcase classname="backend.tests.test_ask_tutor_performance.TestSourceCodePaths" name="test_asyncio_wait_for_75s" time="0.000" /><testcase classname="backend.tests.test_ask_tutor_performance.TestSourceCodePaths" name="test_timeout_handler_returns_504" time="0.000" /><testcase classname="backend.tests.test_ask_tutor_performance.TestInputValidation" name="test_unauthed_401" time="0.131" /><testcase classname="backend.tests.test_ask_tutor_performance.TestInputValidation" name="test_missing_message_400" time="0.140" /><testcase classname="backend.tests.test_ask_tutor_performance.TestInputValidation" name="test_missing_submission_id_400" time="0.120" /><testcase classname="backend.tests.test_ask_tutor_performance.TestInputValidation" name="test_unknown_submission_404" time="0.128" /><testcase classname="backend.tests.test_ask_tutor_performance.TestInputValidation" name="test_pending_submission_400" time="0.118" /><testcase classname="backend.tests.test_ask_tutor_performance.TestFollowUpLatency" name="test_three_sequential_questions_stay_under_60s" time="23.453" /><testcase classname="backend.tests.test_ask_tutor_performance.TestFollowUpLatency" name="test_tutor_chats_persisted_all_three" time="0.005" /><testcase classname="backend.tests.test_ask_tutor_performance.TestHistoryWindowBound" name="test_endpoint_stays_fast_with_8_prior_chats" time="2.397" /><testcase classname="backend.tests.test_ask_tutor_performance.TestLegacyMaterialRegression" name="test_legacy_material_submission_still_answers" time="5.213" /></testsuite></testsuites>