<?xml version="1.0" encoding="utf-8"?><testsuites name="pytest tests"><testsuite name="pytest" errors="0" failures="0" skipped="0" tests="149" time="151.557" timestamp="2026-07-08T23:11:30.091421+00:00" hostname="agent-env-a260187b-8f1b-4c2e-8a9f-a476cba8da38"><testcase classname="backend.tests.test_refactor_iter42.TestBulkImport" name="test_bulk_import_buckets" time="0.564" /><testcase classname="backend.tests.test_refactor_iter42.TestBulkImport" name="test_bulk_import_rejects_non_csv" time="0.220" /><testcase classname="backend.tests.test_refactor_iter42.TestBulkImport" name="test_bulk_import_requires_auth" time="0.103" /><testcase classname="backend.tests.test_refactor_iter42.TestQuestionnaireTextHelper" name="test_questionnaire_text_with_fields" time="0.357" /><testcase classname="backend.tests.test_refactor_iter42.TestQuestionnaireTextHelper" name="test_questionnaire_text_missing_answer" time="0.001" /><testcase classname="backend.tests.test_refactor_iter42.TestQuestionnaireTextHelper" name="test_non_questionnaire_returns_none" time="0.000" /><testcase classname="backend.tests.test_refactor_iter42.TestVideoTranscriptHelper" name="test_video_with_transcript" time="0.000" /><testcase classname="backend.tests.test_refactor_iter42.TestVideoTranscriptHelper" name="test_video_without_transcript_returns_empty_string" time="0.000" /><testcase classname="backend.tests.test_refactor_iter42.TestVideoTranscriptHelper" name="test_non_video_returns_none" time="0.000" /><testcase classname="backend.tests.test_refactor_iter42.TestBuildCumulativeContext" name="test_prior_weeks_includes_video_transcript" time="0.003" /><testcase classname="backend.tests.test_refactor_iter42.TestBuildCumulativeContext" name="test_week_1_returns_only_global_or_empty" time="0.003" /><testcase classname="backend.tests.test_milestone_titles.TestNewCohortMilestoneTitles" name="test_four_defaults_seeded" time="0.213" /><testcase classname="backend.tests.test_milestone_titles.TestNewCohortMilestoneTitles" name="test_60_second_pitch_week1_title" time="0.000" /><testcase classname="backend.tests.test_milestone_titles.TestNewCohortMilestoneTitles" name="test_60_second_pitch_week3_title" time="0.000" /><testcase classname="backend.tests.test_milestone_titles.TestNewCohortMilestoneTitles" name="test_10_slide_pitch_week2_title" time="0.000" /><testcase classname="backend.tests.test_milestone_titles.TestNewCohortMilestoneTitles" name="test_10_slide_pitch_final_capstone" time="0.000" /><testcase classname="backend.tests.test_milestone_titles.TestNewCohortMilestoneTitles" name="test_case_activity_week3_title" time="0.000" /><testcase classname="backend.tests.test_milestone_titles.TestNewCohortMilestoneTitles" name="test_business_questionnaire_week1_title" time="0.000" /><testcase classname="backend.tests.test_milestone_titles.TestNewCohortMilestoneTitles" name="test_all_14_weeks_present_and_non_default" time="0.000" /><testcase classname="backend.tests.test_milestone_titles.TestRegenerateEndpointAuth" name="test_no_auth_returns_401" time="0.100" /><testcase classname="backend.tests.test_milestone_titles.TestRegenerateEndpointAuth" name="test_instructor_returns_403" time="0.120" /><testcase classname="backend.tests.test_milestone_titles.TestRegenerateEndpointAuth" name="test_super_admin_succeeds" time="0.143" /><testcase classname="backend.tests.test_milestone_titles.TestRegenerateRenameBehavior" name="test_first_run_renames_stale_titles" time="0.137" /><testcase classname="backend.tests.test_milestone_titles.TestRegenerateRenameBehavior" name="test_second_run_is_idempotent" time="0.135" /><testcase classname="backend.tests.test_milestone_titles.TestRegenerateRenameBehavior" name="test_custom_title_never_overwritten" time="0.132" /><testcase classname="backend.tests.test_assignments_phase1.TestCohortModelExtensions" name="test_new_cohort_has_default_total_weeks_and_auto_send" time="0.103" /><testcase classname="backend.tests.test_assignments_phase1.TestCohortModelExtensions" name="test_cohort_update_persists_auto_send_and_total_weeks" time="0.220" /><testcase classname="backend.tests.test_assignments_phase1.TestAutoSeedOnCreate" name="test_create_cohort_seeds_four_default_assignments" time="0.122" /><testcase classname="backend.tests.test_assignments_phase1.TestAutoSeedOnCreate" name="test_each_default_assignment_has_14_milestones" time="0.104" /><testcase classname="backend.tests.test_assignments_phase1.TestAutoSeedOnCreate" name="test_kawasaki_final_milestone_is_capstone" time="0.106" /><testcase classname="backend.tests.test_assignments_phase1.TestAutoSeedOnCreate" name="test_non_kawasaki_have_no_capstone" time="0.107" /><testcase classname="backend.tests.test_assignments_phase1.TestListAssignments" name="test_instructor_lists_four_defaults" time="0.207" /><testcase classname="backend.tests.test_assignments_phase1.TestListAssignments" name="test_enrolled_student_can_read_assignments" time="0.200" /><testcase classname="backend.tests.test_assignments_phase1.TestListAssignments" name="test_non_enrolled_non_instructor_gets_403" time="0.199" /><testcase classname="backend.tests.test_assignments_phase1.TestListAssignments" name="test_auto_seed_on_instructor_get_when_missing" time="0.118" /><testcase classname="backend.tests.test_assignments_phase1.TestCreateCustomAssignment" name="test_creates_custom_with_valid_submission_type" time="0.212" /><testcase classname="backend.tests.test_assignments_phase1.TestCreateCustomAssignment" name="test_rejects_unknown_submission_type_400" time="0.200" /><testcase classname="backend.tests.test_assignments_phase1.TestUpdateAssignment" name="test_update_title_and_feedback_template" time="0.205" /><testcase classname="backend.tests.test_assignments_phase1.TestUpdateAssignment" name="test_non_manager_gets_403" time="0.225" /><testcase classname="backend.tests.test_assignments_phase1.TestSoftDeleteAssignment" name="test_soft_delete_sets_inactive" time="0.227" /><testcase classname="backend.tests.test_assignments_phase1.TestUpdateMilestone" name="test_update_milestone_in_place" time="0.210" /><testcase classname="backend.tests.test_assignments_phase1.TestUpdateMilestone" name="test_update_unknown_milestone_returns_404" time="0.247" /><testcase classname="backend.tests.test_assignments_phase1.TestAssignmentSubmitLinkResolver" name="test_valid_returns_milestone" time="0.228" /><testcase classname="backend.tests.test_assignments_phase1.TestAssignmentSubmitLinkResolver" name="test_missing_week_returns_404" time="0.221" /><testcase classname="backend.tests.test_assignments_phase1.TestCohortDeleteCascade" name="test_delete_cohort_cleans_assignments" time="0.326" /><testcase classname="backend.tests.test_assignments_phase1.TestMigration" name="test_migration_requires_super_admin" time="0.104" /><testcase classname="backend.tests.test_assignments_phase1.TestMigration" name="test_migration_seeds_assignments_and_reassigns_subs" time="0.166" /><testcase classname="backend.tests.test_assignments_phase1.TestMigration" name="test_migration_idempotent" time="0.402" /><testcase classname="backend.tests.test_assignments_phase1.TestSubmissionCarriesAssignmentIds" name="test_submit_with_query_params_persists_ids" time="0.637" /><testcase classname="backend.tests.test_assignments_phase1.TestCumulativeReview" name="test_review_uses_prior_assignment_submissions" time="7.419" /><testcase classname="backend.tests.test_assignments_phase1.TestAutoSendFeedback" name="test_auto_send_flips_status_sent" time="7.376" /><testcase classname="backend.tests.test_assignments_phase2.TestStudentAssignmentsDashboard" name="test_non_student_gets_403" time="0.118" /><testcase classname="backend.tests.test_assignments_phase2.TestStudentAssignmentsDashboard" name="test_super_admin_gets_403" time="0.117" /><testcase classname="backend.tests.test_assignments_phase2.TestStudentAssignmentsDashboard" name="test_returns_shape_with_expected_fields" time="0.208" /><testcase classname="backend.tests.test_assignments_phase2.TestStudentAssignmentsDashboard" name="test_auto_seeds_when_cohort_has_no_assignments" time="0.116" /><testcase classname="backend.tests.test_assignments_phase2.TestStudentAssignmentsDashboard" name="test_milestone_status_derived_from_submissions" time="0.248" /><testcase classname="backend.tests.test_assignments_phase2.TestStudentAssignmentsDashboard" name="test_current_week_is_min_unsubmitted_across_assignments" time="0.226" /><testcase classname="backend.tests.test_assignments_phase2.TestStudentAssignmentsDashboard" name="test_current_week_null_when_all_submitted" time="0.229" /><testcase classname="backend.tests.test_assignments_phase2.TestStudentAssignmentsDashboard" name="test_student_with_no_cohort_returns_empty_list" time="0.103" /><testcase classname="backend.tests.test_assignments_phase2.TestMilestoneSubmitEndpoint" name="test_requires_assignment_id_400" time="0.209" /><testcase classname="backend.tests.test_assignments_phase2.TestMilestoneSubmitEndpoint" name="test_unknown_assignment_404" time="0.202" /><testcase classname="backend.tests.test_assignments_phase2.TestMilestoneSubmitEndpoint" name="test_unknown_milestone_404" time="0.215" /><testcase classname="backend.tests.test_assignments_phase2.TestMilestoneSubmitEndpoint" name="test_not_enrolled_student_403" time="0.210" /><testcase classname="backend.tests.test_assignments_phase2.TestMilestoneSubmitEndpoint" name="test_instructor_forbidden" time="0.205" /><testcase classname="backend.tests.test_assignments_phase2.TestFileTypeValidation" name="test_60_second_pitch_rejects_pdf" time="0.273" /><testcase classname="backend.tests.test_assignments_phase2.TestFileTypeValidation" name="test_60_second_pitch_accepts_mp4" time="0.236" /><testcase classname="backend.tests.test_assignments_phase2.TestQuestionnaireSubmission" name="test_required_question_missing_400" time="0.210" /><testcase classname="backend.tests.test_assignments_phase2.TestQuestionnaireSubmission" name="test_successful_questionnaire_persists_answers" time="0.223" /><testcase classname="backend.tests.test_assignments_phase2.TestResubmission" name="test_resubmission_updates_existing_no_dup" time="0.315" /><testcase classname="backend.tests.test_assignments_phase2.TestLegacyMaterialSubmitRegression" name="test_legacy_material_submit_still_works" time="0.536" /><testcase classname="backend.tests.test_assignment_templates.TestListTemplates" name="test_requires_auth" time="0.097" /><testcase classname="backend.tests.test_assignment_templates.TestListTemplates" name="test_list_returns_array_and_can_edit_flag" time="0.435" /><testcase classname="backend.tests.test_assignment_templates.TestCreateTemplate" name="test_create_happy_path" time="0.103" /><testcase classname="backend.tests.test_assignment_templates.TestCreateTemplate" name="test_create_missing_name_400" time="0.100" /><testcase classname="backend.tests.test_assignment_templates.TestCreateTemplate" name="test_create_bad_submission_type_400" time="0.105" /><testcase classname="backend.tests.test_assignment_templates.TestCreateTemplate" name="test_create_normalizes_milestone_ids" time="0.117" /><testcase classname="backend.tests.test_assignment_templates.TestSaveAssignmentAsTemplate" name="test_snapshot_assignment" time="0.301" /><testcase classname="backend.tests.test_assignment_templates.TestSaveAssignmentAsTemplate" name="test_snapshot_403_for_non_manager" time="0.313" /><testcase classname="backend.tests.test_assignment_templates.TestSaveAssignmentAsTemplate" name="test_snapshot_super_admin_ok" time="0.337" /><testcase classname="backend.tests.test_assignment_templates.TestSaveAssignmentAsTemplate" name="test_snapshot_404_missing_assignment" time="0.100" /><testcase classname="backend.tests.test_assignment_templates.TestUpdateTemplate" name="test_update_by_author" time="0.206" /><testcase classname="backend.tests.test_assignment_templates.TestUpdateTemplate" name="test_update_by_other_instructor_403" time="0.196" /><testcase classname="backend.tests.test_assignment_templates.TestUpdateTemplate" name="test_update_by_super_admin" time="10.217" /><testcase classname="backend.tests.test_assignment_templates.TestUpdateTemplate" name="test_update_404" time="10.129" /><testcase classname="backend.tests.test_assignment_templates.TestDeleteTemplate" name="test_delete_by_author" time="20.319" /><testcase classname="backend.tests.test_assignment_templates.TestDeleteTemplate" name="test_delete_by_other_instructor_403" time="10.255" /><testcase classname="backend.tests.test_assignment_templates.TestApplyTemplate" name="test_apply_default_week_map_creates_new" time="0.345" /><testcase classname="backend.tests.test_assignment_templates.TestApplyTemplate" name="test_apply_week_map_remaps" time="0.333" /><testcase classname="backend.tests.test_assignment_templates.TestApplyTemplate" name="test_apply_week_map_null_skips" time="7.537" /><testcase classname="backend.tests.test_assignment_templates.TestApplyTemplate" name="test_apply_replace_existing_by_type" time="0.433" /><testcase classname="backend.tests.test_assignment_templates.TestApplyTemplate" name="test_apply_title_override" time="0.353" /><testcase classname="backend.tests.test_assignment_templates.TestApplyTemplate" name="test_apply_404_missing_template" time="0.224" /><testcase classname="backend.tests.test_assignment_templates.TestApplyTemplate" name="test_apply_404_missing_cohort" time="0.202" /><testcase classname="backend.tests.test_assignment_templates.TestApplyTemplate" name="test_apply_403_non_manager" time="0.336" /><testcase classname="backend.tests.test_rubric_library.TestRubricsListInitial" name="test_list_returns_array_with_can_edit_flag" time="0.101" /><testcase classname="backend.tests.test_rubric_library.TestRubricsListInitial" name="test_list_unauthorized_no_token" time="0.107" /><testcase classname="backend.tests.test_rubric_library.TestRubricCreate" name="test_create_success" time="0.207" /><testcase classname="backend.tests.test_rubric_library.TestRubricCreate" name="test_create_missing_name" time="0.107" /><testcase classname="backend.tests.test_rubric_library.TestRubricCreate" name="test_create_missing_content" time="0.117" /><testcase classname="backend.tests.test_rubric_library.TestRubricCreate" name="test_create_missing_name_field" time="0.121" /><testcase classname="backend.tests.test_rubric_library.TestRubricUpdate" name="test_creator_can_update" time="1.313" /><testcase classname="backend.tests.test_rubric_library.TestRubricUpdate" name="test_non_creator_instructor_cannot_update" time="0.199" /><testcase classname="backend.tests.test_rubric_library.TestRubricUpdate" name="test_super_admin_can_update_others_rubric" time="0.221" /><testcase classname="backend.tests.test_rubric_library.TestRubricUpdate" name="test_update_unknown_returns_404" time="0.097" /><testcase classname="backend.tests.test_rubric_library.TestRubricDelete" name="test_creator_can_delete" time="0.302" /><testcase classname="backend.tests.test_rubric_library.TestRubricDelete" name="test_non_creator_instructor_cannot_delete" time="0.301" /><testcase classname="backend.tests.test_rubric_library.TestRubricDelete" name="test_delete_unknown_returns_404" time="0.101" /><testcase classname="backend.tests.test_rubric_library.TestRubricDelete" name="test_super_admin_can_delete_others_rubric" time="0.220" /><testcase classname="backend.tests.test_rubric_library.TestRubricCanEditFlag" name="test_can_edit_true_for_creator_false_for_other" time="0.420" /><testcase classname="backend.tests.test_rubric_library.TestFeedbackTemplateRegression" name="test_cohort_homework_upload_with_feedback_template" time="0.310" /><testcase classname="backend.tests.test_submission_types.TestCohortSubmissionTypeUpload" name="test_homework_persists_submission_type" time="0.119" /><testcase classname="backend.tests.test_submission_types.TestCohortSubmissionTypeUpload" name="test_invalid_submission_type_returns_400" time="0.106" /><testcase classname="backend.tests.test_submission_types.TestCohortSubmissionTypeUpload" name="test_empty_submission_type_treated_as_generic" time="0.112" /><testcase classname="backend.tests.test_submission_types.TestCohortSubmissionTypeUpload" name="test_workbook_strips_submission_type" time="0.112" /><testcase classname="backend.tests.test_submission_types.TestCohortSubmissionTypeUpload" name="test_materials_list_includes_submission_type" time="0.204" /><testcase classname="backend.tests.test_submission_types.TestLibraryQuestionnaireUpload" name="test_valid_questionnaire_fields_persist" time="0.120" /><testcase classname="backend.tests.test_submission_types.TestLibraryQuestionnaireUpload" name="test_invalid_json_returns_400" time="0.110" /><testcase classname="backend.tests.test_submission_types.TestLibraryQuestionnaireUpload" name="test_more_than_20_fields_returns_400" time="0.105" /><testcase classname="backend.tests.test_submission_types.TestLibraryQuestionnaireUpload" name="test_missing_label_returns_400" time="0.112" /><testcase classname="backend.tests.test_submission_types.TestLibraryQuestionnaireUpload" name="test_wrong_type_returns_400" time="0.109" /><testcase classname="backend.tests.test_submission_types.TestStableSubmitLinkResolver" name="test_unknown_type_returns_400" time="0.100" /><testcase classname="backend.tests.test_submission_types.TestStableSubmitLinkResolver" name="test_no_material_returns_404" time="0.102" /><testcase classname="backend.tests.test_submission_types.TestStableSubmitLinkResolver" name="test_match_returns_material_id" time="0.221" /><testcase classname="backend.tests.test_submission_types.TestGetSubmitLinkInfo" name="test_returns_submission_type_and_fields" time="0.203" /><testcase classname="backend.tests.test_submission_types.TestSubmissionExtensionValidation" name="test_pitch_rejects_pdf" time="0.211" /><testcase classname="backend.tests.test_submission_types.TestSubmissionExtensionValidation" name="test_pitch_accepts_mp4" time="0.564" /><testcase classname="backend.tests.test_submission_types.TestSubmissionExtensionValidation" name="test_slide_deck_accepts_pdf_and_pptx_rejects_mp4" time="1.082" /><testcase classname="backend.tests.test_submission_types.TestSubmissionExtensionValidation" name="test_case_activity_accepts_pdf_docx_txt" time="1.455" /><testcase classname="backend.tests.test_submission_types.TestQuestionnaireSubmission" name="test_missing_required_returns_400" time="0.224" /><testcase classname="backend.tests.test_submission_types.TestQuestionnaireSubmission" name="test_over_5000_chars_returns_400" time="0.095" /><testcase classname="backend.tests.test_submission_types.TestQuestionnaireSubmission" name="test_successful_submit_persists_answers" time="0.443" /><testcase classname="backend.tests.test_submission_types.TestQuestionnaireSubmission" name="test_download_returns_json_payload" time="0.571" /><testcase classname="backend.tests.test_submission_types.TestQuestionnaireSubmission" name="test_preview_text_synthesizes_qa" time="15.558" /><testcase classname="backend.tests.test_submission_types.TestManualReviewOnQuestionnaire" name="test_manual_review_uses_synthesized_text" time="7.217" /><testcase classname="backend.tests.test_submit_on_behalf_milestone.TestSubmitLinkAssignmentResolver" name="test_valid_returns_full_metadata_public" time="0.120" /><testcase classname="backend.tests.test_submit_on_behalf_milestone.TestSubmitLinkAssignmentResolver" name="test_nonexistent_assignment_returns_404" time="0.099" /><testcase classname="backend.tests.test_submit_on_behalf_milestone.TestSubmitLinkAssignmentResolver" name="test_no_milestone_for_week_returns_404" time="0.098" /><testcase classname="backend.tests.test_submit_on_behalf_milestone.TestSubmitLinkAssignmentResolver" name="test_public_no_auth_required" time="0.111" /><testcase classname="backend.tests.test_submit_on_behalf_milestone.TestMilestoneSubmitOnBehalf" name="test_no_auth_returns_401" time="0.093" /><testcase classname="backend.tests.test_submit_on_behalf_milestone.TestMilestoneSubmitOnBehalf" name="test_nonexistent_assignment_returns_404" time="0.103" /><testcase classname="backend.tests.test_submit_on_behalf_milestone.TestMilestoneSubmitOnBehalf" name="test_nonexistent_milestone_returns_404" time="0.102" /><testcase classname="backend.tests.test_submit_on_behalf_milestone.TestMilestoneSubmitOnBehalf" name="test_student_not_enrolled_returns_400" time="0.099" /><testcase classname="backend.tests.test_submit_on_behalf_milestone.TestMilestoneSubmitOnBehalf" name="test_unknown_student_returns_404" time="0.116" /><testcase classname="backend.tests.test_submit_on_behalf_milestone.TestMilestoneSubmitOnBehalf" name="test_bad_extension_returns_400" time="0.104" /><testcase classname="backend.tests.test_submit_on_behalf_milestone.TestMilestoneSubmitOnBehalf" name="test_missing_file_returns_400" time="0.102" /><testcase classname="backend.tests.test_submit_on_behalf_milestone.TestMilestoneSubmitOnBehalf" name="test_successful_submit_creates_submission_and_persists" time="6.892" /><testcase classname="backend.tests.test_submit_on_behalf_milestone.TestMilestoneSubmitOnBehalf" name="test_idempotent_resubmit_same_key" time="13.797" /><testcase classname="backend.tests.test_submit_on_behalf_milestone.TestMilestoneSubmitOnBehalf" name="test_ai_review_helper_triggered_status_becomes_draft" time="6.396" /><testcase classname="backend.tests.test_submit_on_behalf_milestone.TestLegacyMaterialSubmitOnBehalfRegression" name="test_legacy_endpoint_still_requires_auth" time="0.151" /></testsuite></testsuites>