<?xml version="1.0" encoding="utf-8"?><testsuites name="pytest tests"><testsuite name="pytest" errors="0" failures="1" skipped="0" tests="9" time="25.875" timestamp="2026-07-17T19:46:34.525513+00:00" hostname="agent-env-a260187b-8f1b-4c2e-8a9f-a476cba8da38"><testcase classname="backend.tests.test_support_thinkific_redirect.TestStudentSubmissionRedirect" name="test_student_submission_redirects_to_thinkific[How do I submit my 60-second pitch?-60-sec-pitch]" time="5.162" /><testcase classname="backend.tests.test_support_thinkific_redirect.TestStudentSubmissionRedirect" name="test_student_submission_redirects_to_thinkific[Where do I upload the 10-slide deck?-10-slide-deck]" time="2.554" /><testcase classname="backend.tests.test_support_thinkific_redirect.TestStudentSubmissionRedirect" name="test_student_submission_redirects_to_thinkific[Can I submit my case study here?-case-study]" time="1.895" /><testcase classname="backend.tests.test_support_thinkific_redirect.TestStudentSubmissionRedirect" name="test_student_submission_redirects_to_thinkific[How do I fill out the business questionnaire?-questionnaire]" time="3.045" /><testcase classname="backend.tests.test_support_thinkific_redirect.TestStudentNonSubmissionUnaffected" name="test_student_coach_max_question" time="2.825" /><testcase classname="backend.tests.test_support_thinkific_redirect.TestStudentNonSubmissionUnaffected" name="test_student_language_preference_question" time="1.664" /><testcase classname="backend.tests.test_support_thinkific_redirect.TestInstructorSubmitOnBehalf" name="test_instructor_submit_on_behalf_explained" time="3.028" /><testcase classname="backend.tests.test_support_thinkific_redirect.TestInstructorPlatformQuestions" name="test_instructor_create_assignment" time="2.214" /><testcase classname="backend.tests.test_support_thinkific_redirect.TestCoachMaxBoundaryUnchanged" name="test_coaching_question_redirects_to_coach_max_not_thinkific" time="3.321"><failure message="AssertionError: Coaching question incorrectly mentions Thinkific: i can help with *how to use the boost pad*, but i can’t coach on the content of your pitch/value proposition directly. for feedback on your actual value prop, use **coach max**:&#10;  &#10;  - if you’ve already submitted and received feedback: open the feedback email and click **“ask coach max”**, or open your submission page and click **“coach max”** to chat about the notes and iterate.&#10;  - if you haven’t submitted yet: **please submit your assignment through your thinkific course page — look for the assignm&#10;assert 'thinkific' not in 'i can help ...n afterward.'&#10;  &#10;  'thinkific' is contained here:&#10;    i can help with *how to use the boost pad*, but i can’t coach on the content of your pitch/value proposition directly. for feedback on your actual value prop, use **coach max**:&#10;    &#10;    - if you’ve already submitted and received feedback: open the feedback email and click **“ask coach max”**, or open your submission page and click **“coach max”** to chat about the notes and iterate.&#10;  ?                                                                              ^^^^^^^&#10;    - if you haven’t submitted yet: **please submit your assignment through your thinkific course...&#10;  &#10;  ...Full output truncated (4 lines hidden), use '-vv' to show">backend/tests/test_support_thinkific_redirect.py:248: in test_coaching_question_redirects_to_coach_max_not_thinkific
    assert "thinkific" not in text, (
E   AssertionError: Coaching question incorrectly mentions Thinkific: i can help with *how to use the boost pad*, but i can’t coach on the content of your pitch/value proposition directly. for feedback on your actual value prop, use **coach max**:
E     
E     - if you’ve already submitted and received feedback: open the feedback email and click **“ask coach max”**, or open your submission page and click **“coach max”** to chat about the notes and iterate.
E     - if you haven’t submitted yet: **please submit your assignment through your thinkific course page — look for the assignm
E   assert 'thinkific' not in 'i can help ...n afterward.'
E     
E     'thinkific' is contained here:
E       i can help with *how to use the boost pad*, but i can’t coach on the content of your pitch/value proposition directly. for feedback on your actual value prop, use **coach max**:
E       
E       - if you’ve already submitted and received feedback: open the feedback email and click **“ask coach max”**, or open your submission page and click **“coach max”** to chat about the notes and iterate.
E     ?                                                                              ^^^^^^^
E       - if you haven’t submitted yet: **please submit your assignment through your thinkific course...
E     
E     ...Full output truncated (4 lines hidden), use '-vv' to show</failure></testcase></testsuite></testsuites>