<?xml version="1.0" encoding="utf-8"?><testsuites name="pytest tests"><testsuite name="pytest" errors="0" failures="0" skipped="0" tests="52" time="55.647" timestamp="2026-07-09T15:00:45.672807+00:00" hostname="agent-env-a260187b-8f1b-4c2e-8a9f-a476cba8da38"><testcase classname="backend.tests.test_video_materials.TestUploadVideoFile" name="test_upload_video_file_creates_pending_doc" time="0.344" /><testcase classname="backend.tests.test_video_materials.TestUploadVideoFile" name="test_upload_video_file_wav_accepted" time="0.216" /><testcase classname="backend.tests.test_video_materials.TestUploadVideoFile" name="test_upload_video_invalid_extension_rejected" time="0.108" /><testcase classname="backend.tests.test_video_materials.TestUploadVideoFile" name="test_upload_video_neither_file_nor_url_rejected" time="0.117" /><testcase classname="backend.tests.test_video_materials.TestUploadVideoUrl" name="test_upload_youtube_url_creates_na_status" time="0.143" /><testcase classname="backend.tests.test_video_materials.TestUploadVideoUrl" name="test_upload_url_and_file_both_url_takes_precedence" time="0.161" /><testcase classname="backend.tests.test_video_materials.TestUploadVideoUrl" name="test_upload_url_invalid_scheme_rejected" time="0.108" /><testcase classname="backend.tests.test_video_materials.TestUploadRegression" name="test_workbook_without_file_rejected" time="0.110" /><testcase classname="backend.tests.test_video_materials.TestUploadRegression" name="test_workbook_with_video_url_rejected" time="0.108" /><testcase classname="backend.tests.test_video_materials.TestUploadRegression" name="test_workbook_with_file_still_works" time="0.179" /><testcase classname="backend.tests.test_video_materials.TestManualTranscribe" name="test_transcribe_url_video_rejected" time="0.213" /><testcase classname="backend.tests.test_video_materials.TestManualTranscribe" name="test_transcribe_non_video_rejected" time="0.263" /><testcase classname="backend.tests.test_video_materials.TestManualTranscribe" name="test_transcribe_uploaded_video_returns_pending" time="0.279" /><testcase classname="backend.tests.test_video_materials.TestManualTranscribe" name="test_transcribe_missing_material_404" time="0.121" /><testcase classname="backend.tests.test_video_materials.TestWhisperEndToEnd" name="test_upload_wav_transcribes_within_60s" time="4.172" /><testcase classname="backend.tests.test_video_materials.TestDuplicateVideo" name="test_duplicate_url_video_preserves_url_and_status" time="0.292" /><testcase classname="backend.tests.test_video_materials.TestDuplicateVideo" name="test_duplicate_uploaded_video_resets_transcription" time="0.274" /><testcase classname="backend.tests.test_video_materials.TestStudentDashboardVideoUrl" name="test_course_resources_includes_video_url" time="0.566" /><testcase classname="backend.tests.test_submit_on_behalf_milestone.TestSubmitLinkAssignmentResolver" name="test_valid_returns_full_metadata_public" time="0.119" /><testcase classname="backend.tests.test_submit_on_behalf_milestone.TestSubmitLinkAssignmentResolver" name="test_nonexistent_assignment_returns_404" time="0.127" /><testcase classname="backend.tests.test_submit_on_behalf_milestone.TestSubmitLinkAssignmentResolver" name="test_no_milestone_for_week_returns_404" time="0.144" /><testcase classname="backend.tests.test_submit_on_behalf_milestone.TestSubmitLinkAssignmentResolver" name="test_public_no_auth_required" time="0.125" /><testcase classname="backend.tests.test_submit_on_behalf_milestone.TestMilestoneSubmitOnBehalf" name="test_no_auth_returns_401" time="0.120" /><testcase classname="backend.tests.test_submit_on_behalf_milestone.TestMilestoneSubmitOnBehalf" name="test_nonexistent_assignment_returns_404" time="0.120" /><testcase classname="backend.tests.test_submit_on_behalf_milestone.TestMilestoneSubmitOnBehalf" name="test_nonexistent_milestone_returns_404" time="0.121" /><testcase classname="backend.tests.test_submit_on_behalf_milestone.TestMilestoneSubmitOnBehalf" name="test_student_not_enrolled_returns_400" time="0.126" /><testcase classname="backend.tests.test_submit_on_behalf_milestone.TestMilestoneSubmitOnBehalf" name="test_unknown_student_returns_404" time="0.109" /><testcase classname="backend.tests.test_submit_on_behalf_milestone.TestMilestoneSubmitOnBehalf" name="test_bad_extension_returns_400" time="0.118" /><testcase classname="backend.tests.test_submit_on_behalf_milestone.TestMilestoneSubmitOnBehalf" name="test_missing_file_returns_400" time="0.132" /><testcase classname="backend.tests.test_submit_on_behalf_milestone.TestMilestoneSubmitOnBehalf" name="test_successful_submit_creates_submission_and_persists" time="0.387" /><testcase classname="backend.tests.test_submit_on_behalf_milestone.TestMilestoneSubmitOnBehalf" name="test_idempotent_resubmit_same_key" time="0.585" /><testcase classname="backend.tests.test_submit_on_behalf_milestone.TestMilestoneSubmitOnBehalf" name="test_ai_review_helper_triggered_status_becomes_draft" time="40.345" /><testcase classname="backend.tests.test_submit_on_behalf_milestone.TestLegacyMaterialSubmitOnBehalfRegression" name="test_legacy_endpoint_still_requires_auth" time="0.218" /><testcase classname="backend.tests.test_assignments_phase2.TestStudentAssignmentsDashboard" name="test_non_student_gets_403" time="0.120" /><testcase classname="backend.tests.test_assignments_phase2.TestStudentAssignmentsDashboard" name="test_super_admin_gets_403" time="0.149" /><testcase classname="backend.tests.test_assignments_phase2.TestStudentAssignmentsDashboard" name="test_returns_shape_with_expected_fields" time="0.246" /><testcase classname="backend.tests.test_assignments_phase2.TestStudentAssignmentsDashboard" name="test_auto_seeds_when_cohort_has_no_assignments" time="0.129" /><testcase classname="backend.tests.test_assignments_phase2.TestStudentAssignmentsDashboard" name="test_milestone_status_derived_from_submissions" time="0.267" /><testcase classname="backend.tests.test_assignments_phase2.TestStudentAssignmentsDashboard" name="test_current_week_is_min_unsubmitted_across_assignments" time="0.286" /><testcase classname="backend.tests.test_assignments_phase2.TestStudentAssignmentsDashboard" name="test_current_week_null_when_all_submitted" time="0.273" /><testcase classname="backend.tests.test_assignments_phase2.TestStudentAssignmentsDashboard" name="test_student_with_no_cohort_returns_empty_list" time="0.115" /><testcase classname="backend.tests.test_assignments_phase2.TestMilestoneSubmitEndpoint" name="test_requires_assignment_id_400" time="0.263" /><testcase classname="backend.tests.test_assignments_phase2.TestMilestoneSubmitEndpoint" name="test_unknown_assignment_404" time="0.246" /><testcase classname="backend.tests.test_assignments_phase2.TestMilestoneSubmitEndpoint" name="test_unknown_milestone_404" time="0.274" /><testcase classname="backend.tests.test_assignments_phase2.TestMilestoneSubmitEndpoint" name="test_not_enrolled_student_403" time="0.248" /><testcase classname="backend.tests.test_assignments_phase2.TestMilestoneSubmitEndpoint" name="test_instructor_forbidden" time="0.231" /><testcase classname="backend.tests.test_assignments_phase2.TestFileTypeValidation" name="test_60_second_pitch_rejects_pdf" time="0.238" /><testcase classname="backend.tests.test_assignments_phase2.TestFileTypeValidation" name="test_60_second_pitch_accepts_mp4" time="0.236" /><testcase classname="backend.tests.test_assignments_phase2.TestQuestionnaireSubmission" name="test_required_question_missing_400" time="0.271" /><testcase classname="backend.tests.test_assignments_phase2.TestQuestionnaireSubmission" name="test_successful_questionnaire_persists_answers" time="0.241" /><testcase classname="backend.tests.test_assignments_phase2.TestResubmission" name="test_resubmission_updates_existing_no_dup" time="0.348" /><testcase classname="backend.tests.test_assignments_phase2.TestLegacyMaterialSubmitRegression" name="test_legacy_material_submit_still_works" time="0.627" /></testsuite></testsuites>