<?xml version="1.0" encoding="utf-8"?><testsuites name="pytest tests"><testsuite name="pytest" errors="0" failures="0" skipped="0" tests="91" time="123.723" timestamp="2026-07-07T16:54:53.619005+00:00" hostname="agent-env-a260187b-8f1b-4c2e-8a9f-a476cba8da38"><testcase classname="backend.tests.test_feedback_template.TestCohortUploadFeedbackTemplate" name="test_homework_persists_feedback_template" time="0.143" /><testcase classname="backend.tests.test_feedback_template.TestCohortUploadFeedbackTemplate" name="test_workbook_feedback_template_dropped" time="0.119" /><testcase classname="backend.tests.test_feedback_template.TestCohortUploadFeedbackTemplate" name="test_case_study_feedback_template_dropped" time="0.122" /><testcase classname="backend.tests.test_feedback_template.TestCohortUploadFeedbackTemplate" name="test_homework_without_feedback_template_defaults_empty" time="0.129" /><testcase classname="backend.tests.test_feedback_template.TestLibraryUploadFeedbackTemplate" name="test_library_homework_persists_feedback_template" time="0.126" /><testcase classname="backend.tests.test_feedback_template.TestLibraryUploadFeedbackTemplate" name="test_library_workbook_feedback_template_dropped" time="0.115" /><testcase classname="backend.tests.test_feedback_template.TestUpdateFeedbackTemplate" name="test_updates_with_non_empty_string" time="0.274" /><testcase classname="backend.tests.test_feedback_template.TestUpdateFeedbackTemplate" name="test_empty_string_clears" time="0.230" /><testcase classname="backend.tests.test_feedback_template.TestUpdateFeedbackTemplate" name="test_whitespace_only_string_is_trimmed_to_empty" time="0.244" /><testcase classname="backend.tests.test_feedback_template.TestUpdateFeedbackTemplate" name="test_non_homework_material_returns_400" time="0.224" /><testcase classname="backend.tests.test_feedback_template.TestUpdateFeedbackTemplate" name="test_case_study_material_returns_400" time="0.216" /><testcase classname="backend.tests.test_feedback_template.TestUpdateFeedbackTemplate" name="test_unknown_material_id_returns_404" time="0.106" /><testcase classname="backend.tests.test_feedback_template.TestUpdateFeedbackTemplate" name="test_outsider_instructor_forbidden" time="0.244" /><testcase classname="backend.tests.test_feedback_template.TestUpdateFeedbackTemplate" name="test_super_admin_allowed" time="0.221" /><testcase classname="backend.tests.test_feedback_template.TestUpdateFeedbackTemplate" name="test_library_material_acl" time="0.337" /><testcase classname="backend.tests.test_feedback_template.TestSubmitOnBehalfWithCustomTemplate" name="test_submit_on_behalf_accepts_flow_with_custom_template" time="9.701" /><testcase classname="backend.tests.test_rubric_library.TestRubricsListInitial" name="test_list_returns_array_with_can_edit_flag" time="0.195" /><testcase classname="backend.tests.test_rubric_library.TestRubricsListInitial" name="test_list_unauthorized_no_token" time="0.115" /><testcase classname="backend.tests.test_rubric_library.TestRubricCreate" name="test_create_success" time="0.240" /><testcase classname="backend.tests.test_rubric_library.TestRubricCreate" name="test_create_missing_name" time="0.123" /><testcase classname="backend.tests.test_rubric_library.TestRubricCreate" name="test_create_missing_content" time="0.119" /><testcase classname="backend.tests.test_rubric_library.TestRubricCreate" name="test_create_missing_name_field" time="0.112" /><testcase classname="backend.tests.test_rubric_library.TestRubricUpdate" name="test_creator_can_update" time="1.332" /><testcase classname="backend.tests.test_rubric_library.TestRubricUpdate" name="test_non_creator_instructor_cannot_update" time="0.213" /><testcase classname="backend.tests.test_rubric_library.TestRubricUpdate" name="test_super_admin_can_update_others_rubric" time="0.242" /><testcase classname="backend.tests.test_rubric_library.TestRubricUpdate" name="test_update_unknown_returns_404" time="0.109" /><testcase classname="backend.tests.test_rubric_library.TestRubricDelete" name="test_creator_can_delete" time="0.355" /><testcase classname="backend.tests.test_rubric_library.TestRubricDelete" name="test_non_creator_instructor_cannot_delete" time="0.368" /><testcase classname="backend.tests.test_rubric_library.TestRubricDelete" name="test_delete_unknown_returns_404" time="0.122" /><testcase classname="backend.tests.test_rubric_library.TestRubricDelete" name="test_super_admin_can_delete_others_rubric" time="0.216" /><testcase classname="backend.tests.test_rubric_library.TestRubricCanEditFlag" name="test_can_edit_true_for_creator_false_for_other" time="0.441" /><testcase classname="backend.tests.test_rubric_library.TestFeedbackTemplateRegression" name="test_cohort_homework_upload_with_feedback_template" time="0.331" /><testcase classname="backend.tests.test_drive_link.TestCohortMaterialUpload" name="test_homework_with_drive_url_persists" time="0.133" /><testcase classname="backend.tests.test_drive_link.TestCohortMaterialUpload" name="test_workbook_with_drive_url_is_dropped" time="0.122" /><testcase classname="backend.tests.test_drive_link.TestCohortMaterialUpload" name="test_homework_without_drive_url_defaults_empty" time="0.114" /><testcase classname="backend.tests.test_drive_link.TestLibraryMaterialUpload" name="test_library_homework_persists_url" time="0.178" /><testcase classname="backend.tests.test_drive_link.TestUpdateDriveLink" name="test_valid_https_updates" time="0.340" /><testcase classname="backend.tests.test_drive_link.TestUpdateDriveLink" name="test_empty_string_clears" time="0.236" /><testcase classname="backend.tests.test_drive_link.TestUpdateDriveLink" name="test_javascript_url_rejected" time="0.279" /><testcase classname="backend.tests.test_drive_link.TestUpdateDriveLink" name="test_ftp_url_rejected" time="0.255" /><testcase classname="backend.tests.test_drive_link.TestUpdateDriveLink" name="test_non_homework_material_rejected" time="0.255" /><testcase classname="backend.tests.test_drive_link.TestUpdateDriveLink" name="test_outsider_instructor_forbidden" time="0.230" /><testcase classname="backend.tests.test_drive_link.TestUpdateDriveLink" name="test_cohort_manager_allowed" time="0.237" /><testcase classname="backend.tests.test_drive_link.TestUpdateDriveLink" name="test_library_material_acl" time="0.345" /><testcase classname="backend.tests.test_drive_link.TestSubmitLinkAndDashboard" name="test_submit_link_returns_drive_url" time="0.212" /><testcase classname="backend.tests.test_drive_link.TestSubmitLinkAndDashboard" name="test_student_dashboard_exposes_drive_url" time="0.217" /><testcase classname="backend.tests.test_drive_link.TestSubmitLinkAndDashboard" name="test_regression_submission_flow_still_works" time="0.668" /><testcase classname="backend.tests.test_duplicate_endpoints.TestLibraryDuplicate" name="test_duplicate_library_material_basic" time="0.516" /><testcase classname="backend.tests.test_duplicate_endpoints.TestLibraryDuplicate" name="test_duplicate_library_file_bytes_match" time="0.249" /><testcase classname="backend.tests.test_duplicate_endpoints.TestLibraryDuplicate" name="test_duplicate_legacy_library_returns_410" time="0.113" /><testcase classname="backend.tests.test_duplicate_endpoints.TestCohortDuplicate" name="test_duplicate_cohort_basic" time="0.366" /><testcase classname="backend.tests.test_duplicate_endpoints.TestCohortDuplicate" name="test_duplicate_cohort_acl_outsider_403" time="0.122" /><testcase classname="backend.tests.test_duplicate_endpoints.TestCohortDuplicate" name="test_duplicate_cohort_404_for_missing" time="0.133" /><testcase classname="backend.tests.test_duplicate_endpoints.TestRegression" name="test_assign_then_unassign" time="0.524" /><testcase classname="backend.tests.test_duplicate_endpoints.TestRegression" name="test_update_library_material" time="0.473" /><testcase classname="backend.tests.test_global_materials.TestUploadIsGlobal" name="test_upload_is_global_true_sets_week_zero" time="0.143" /><testcase classname="backend.tests.test_global_materials.TestUploadIsGlobal" name="test_upload_is_global_false_preserves_week" time="0.148" /><testcase classname="backend.tests.test_global_materials.TestUploadIsGlobal" name="test_upload_is_global_omitted_defaults_false" time="0.143" /><testcase classname="backend.tests.test_global_materials.TestGetLibraryReturnsIsGlobal" name="test_list_returns_is_global_flag" time="0.396" /><testcase classname="backend.tests.test_global_materials.TestAssignGlobalMaterial" name="test_assign_global_to_cohort" time="0.362" /><testcase classname="backend.tests.test_global_materials.TestAssignGlobalMaterial" name="test_assign_regular_to_cohort" time="0.257" /><testcase classname="backend.tests.test_global_materials.TestStudentDashboardCourseResources" name="test_dashboard_has_course_resources_with_globals" time="36.136" /><testcase classname="backend.tests.test_global_materials.TestStudentDashboardCourseResources" name="test_dashboard_course_resources_empty_when_no_globals_assigned" time="30.435" /><testcase classname="backend.tests.test_global_materials.TestReviewWithGlobalMaterials" name="test_review_endpoint_prepends_globals" time="7.685" /><testcase classname="backend.tests.test_global_materials.TestDuplicatePreservesIsGlobal" name="test_duplicate_global_material_keeps_is_global" time="0.290" /><testcase classname="backend.tests.test_global_materials.TestDuplicatePreservesIsGlobal" name="test_duplicate_non_global_material_stays_non_global" time="6.511" /><testcase classname="backend.tests.test_global_materials.TestDownloadGlobalMaterial" name="test_student_can_download_assigned_global" time="0.483" /><testcase classname="backend.tests.test_submission_types.TestCohortSubmissionTypeUpload" name="test_homework_persists_submission_type" time="0.115" /><testcase classname="backend.tests.test_submission_types.TestCohortSubmissionTypeUpload" name="test_invalid_submission_type_returns_400" time="0.114" /><testcase classname="backend.tests.test_submission_types.TestCohortSubmissionTypeUpload" name="test_empty_submission_type_treated_as_generic" time="0.110" /><testcase classname="backend.tests.test_submission_types.TestCohortSubmissionTypeUpload" name="test_workbook_strips_submission_type" time="0.114" /><testcase classname="backend.tests.test_submission_types.TestCohortSubmissionTypeUpload" name="test_materials_list_includes_submission_type" time="1.281" /><testcase classname="backend.tests.test_submission_types.TestLibraryQuestionnaireUpload" name="test_valid_questionnaire_fields_persist" time="0.129" /><testcase classname="backend.tests.test_submission_types.TestLibraryQuestionnaireUpload" name="test_invalid_json_returns_400" time="0.102" /><testcase classname="backend.tests.test_submission_types.TestLibraryQuestionnaireUpload" name="test_more_than_20_fields_returns_400" time="0.116" /><testcase classname="backend.tests.test_submission_types.TestLibraryQuestionnaireUpload" name="test_missing_label_returns_400" time="0.104" /><testcase classname="backend.tests.test_submission_types.TestLibraryQuestionnaireUpload" name="test_wrong_type_returns_400" time="0.105" /><testcase classname="backend.tests.test_submission_types.TestStableSubmitLinkResolver" name="test_unknown_type_returns_400" time="0.127" /><testcase classname="backend.tests.test_submission_types.TestStableSubmitLinkResolver" name="test_no_material_returns_404" time="0.110" /><testcase classname="backend.tests.test_submission_types.TestStableSubmitLinkResolver" name="test_match_returns_material_id" time="0.237" /><testcase classname="backend.tests.test_submission_types.TestGetSubmitLinkInfo" name="test_returns_submission_type_and_fields" time="0.224" /><testcase classname="backend.tests.test_submission_types.TestSubmissionExtensionValidation" name="test_pitch_rejects_pdf" time="0.245" /><testcase classname="backend.tests.test_submission_types.TestSubmissionExtensionValidation" name="test_pitch_accepts_mp4" time="0.597" /><testcase classname="backend.tests.test_submission_types.TestSubmissionExtensionValidation" name="test_slide_deck_accepts_pdf_and_pptx_rejects_mp4" time="1.257" /><testcase classname="backend.tests.test_submission_types.TestSubmissionExtensionValidation" name="test_case_activity_accepts_pdf_docx_txt" time="1.408" /><testcase classname="backend.tests.test_submission_types.TestQuestionnaireSubmission" name="test_missing_required_returns_400" time="0.224" /><testcase classname="backend.tests.test_submission_types.TestQuestionnaireSubmission" name="test_over_5000_chars_returns_400" time="0.117" /><testcase classname="backend.tests.test_submission_types.TestQuestionnaireSubmission" name="test_successful_submit_persists_answers" time="0.431" /><testcase classname="backend.tests.test_submission_types.TestQuestionnaireSubmission" name="test_download_returns_json_payload" time="0.549" /><testcase classname="backend.tests.test_submission_types.TestQuestionnaireSubmission" name="test_preview_text_synthesizes_qa" time="0.599" /><testcase classname="backend.tests.test_submission_types.TestManualReviewOnQuestionnaire" name="test_manual_review_uses_synthesized_text" time="8.595" /></testsuite></testsuites>