<?xml version="1.0" encoding="utf-8"?><testsuites name="pytest tests"><testsuite name="pytest" errors="0" failures="1" skipped="0" tests="143" time="183.713" timestamp="2026-07-07T22:31:47.709340+00:00" hostname="agent-env-a260187b-8f1b-4c2e-8a9f-a476cba8da38"><testcase classname="backend.tests.test_milestone_titles.TestNewCohortMilestoneTitles" name="test_four_defaults_seeded" time="0.267" /><testcase classname="backend.tests.test_milestone_titles.TestNewCohortMilestoneTitles" name="test_60_second_pitch_week1_title" time="0.000" /><testcase classname="backend.tests.test_milestone_titles.TestNewCohortMilestoneTitles" name="test_60_second_pitch_week3_title" time="0.000" /><testcase classname="backend.tests.test_milestone_titles.TestNewCohortMilestoneTitles" name="test_10_slide_pitch_week2_title" time="0.000" /><testcase classname="backend.tests.test_milestone_titles.TestNewCohortMilestoneTitles" name="test_10_slide_pitch_final_capstone" time="0.001" /><testcase classname="backend.tests.test_milestone_titles.TestNewCohortMilestoneTitles" name="test_case_activity_week3_title" time="0.000" /><testcase classname="backend.tests.test_milestone_titles.TestNewCohortMilestoneTitles" name="test_business_questionnaire_week1_title" time="0.000" /><testcase classname="backend.tests.test_milestone_titles.TestNewCohortMilestoneTitles" name="test_all_14_weeks_present_and_non_default" time="0.001" /><testcase classname="backend.tests.test_milestone_titles.TestRegenerateEndpointAuth" name="test_no_auth_returns_401" time="0.120" /><testcase classname="backend.tests.test_milestone_titles.TestRegenerateEndpointAuth" name="test_instructor_returns_403" time="0.105" /><testcase classname="backend.tests.test_milestone_titles.TestRegenerateEndpointAuth" name="test_super_admin_succeeds" time="0.134" /><testcase classname="backend.tests.test_milestone_titles.TestRegenerateRenameBehavior" name="test_first_run_renames_stale_titles" time="0.129" /><testcase classname="backend.tests.test_milestone_titles.TestRegenerateRenameBehavior" name="test_second_run_is_idempotent" time="0.133" /><testcase classname="backend.tests.test_milestone_titles.TestRegenerateRenameBehavior" name="test_custom_title_never_overwritten" time="0.124" /><testcase classname="backend.tests.test_assignments_phase1.TestCohortModelExtensions" name="test_new_cohort_has_default_total_weeks_and_auto_send" time="0.113" /><testcase classname="backend.tests.test_assignments_phase1.TestCohortModelExtensions" name="test_cohort_update_persists_auto_send_and_total_weeks" time="0.231" /><testcase classname="backend.tests.test_assignments_phase1.TestAutoSeedOnCreate" name="test_create_cohort_seeds_four_default_assignments" time="0.112" /><testcase classname="backend.tests.test_assignments_phase1.TestAutoSeedOnCreate" name="test_each_default_assignment_has_14_milestones" time="0.108" /><testcase classname="backend.tests.test_assignments_phase1.TestAutoSeedOnCreate" name="test_kawasaki_final_milestone_is_capstone" time="0.170" /><testcase classname="backend.tests.test_assignments_phase1.TestAutoSeedOnCreate" name="test_non_kawasaki_have_no_capstone" time="0.107" /><testcase classname="backend.tests.test_assignments_phase1.TestListAssignments" name="test_instructor_lists_four_defaults" time="0.215" /><testcase classname="backend.tests.test_assignments_phase1.TestListAssignments" name="test_enrolled_student_can_read_assignments" time="0.246" /><testcase classname="backend.tests.test_assignments_phase1.TestListAssignments" name="test_non_enrolled_non_instructor_gets_403" time="0.206" /><testcase classname="backend.tests.test_assignments_phase1.TestListAssignments" name="test_auto_seed_on_instructor_get_when_missing" time="0.109" /><testcase classname="backend.tests.test_assignments_phase1.TestCreateCustomAssignment" name="test_creates_custom_with_valid_submission_type" time="0.210" /><testcase classname="backend.tests.test_assignments_phase1.TestCreateCustomAssignment" name="test_rejects_unknown_submission_type_400" time="0.227" /><testcase classname="backend.tests.test_assignments_phase1.TestUpdateAssignment" name="test_update_title_and_feedback_template" time="0.244" /><testcase classname="backend.tests.test_assignments_phase1.TestUpdateAssignment" name="test_non_manager_gets_403" time="0.215" /><testcase classname="backend.tests.test_assignments_phase1.TestSoftDeleteAssignment" name="test_soft_delete_sets_inactive" time="0.219" /><testcase classname="backend.tests.test_assignments_phase1.TestUpdateMilestone" name="test_update_milestone_in_place" time="0.219" /><testcase classname="backend.tests.test_assignments_phase1.TestUpdateMilestone" name="test_update_unknown_milestone_returns_404" time="0.217" /><testcase classname="backend.tests.test_assignments_phase1.TestAssignmentSubmitLinkResolver" name="test_valid_returns_milestone" time="0.218" /><testcase classname="backend.tests.test_assignments_phase1.TestAssignmentSubmitLinkResolver" name="test_missing_week_returns_404" time="0.218" /><testcase classname="backend.tests.test_assignments_phase1.TestCohortDeleteCascade" name="test_delete_cohort_cleans_assignments" time="0.214" /><testcase classname="backend.tests.test_assignments_phase1.TestMigration" name="test_migration_requires_super_admin" time="0.101" /><testcase classname="backend.tests.test_assignments_phase1.TestMigration" name="test_migration_seeds_assignments_and_reassigns_subs" time="0.167" /><testcase classname="backend.tests.test_assignments_phase1.TestMigration" name="test_migration_idempotent" time="0.344" /><testcase classname="backend.tests.test_assignments_phase1.TestSubmissionCarriesAssignmentIds" name="test_submit_with_query_params_persists_ids" time="0.705" /><testcase classname="backend.tests.test_assignments_phase1.TestCumulativeReview" name="test_review_uses_prior_assignment_submissions" time="6.591" /><testcase classname="backend.tests.test_assignments_phase1.TestAutoSendFeedback" name="test_auto_send_flips_status_sent" time="7.635" /><testcase classname="backend.tests.test_assignments_phase2.TestStudentAssignmentsDashboard" name="test_non_student_gets_403" time="0.122" /><testcase classname="backend.tests.test_assignments_phase2.TestStudentAssignmentsDashboard" name="test_super_admin_gets_403" time="0.106" /><testcase classname="backend.tests.test_assignments_phase2.TestStudentAssignmentsDashboard" name="test_returns_shape_with_expected_fields" time="0.222" /><testcase classname="backend.tests.test_assignments_phase2.TestStudentAssignmentsDashboard" name="test_auto_seeds_when_cohort_has_no_assignments" time="0.116" /><testcase classname="backend.tests.test_assignments_phase2.TestStudentAssignmentsDashboard" name="test_milestone_status_derived_from_submissions" time="0.237" /><testcase classname="backend.tests.test_assignments_phase2.TestStudentAssignmentsDashboard" name="test_current_week_is_min_unsubmitted_across_assignments" time="0.230" /><testcase classname="backend.tests.test_assignments_phase2.TestStudentAssignmentsDashboard" name="test_current_week_null_when_all_submitted" time="0.231" /><testcase classname="backend.tests.test_assignments_phase2.TestStudentAssignmentsDashboard" name="test_student_with_no_cohort_returns_empty_list" time="0.101" /><testcase classname="backend.tests.test_assignments_phase2.TestMilestoneSubmitEndpoint" name="test_requires_assignment_id_400" time="0.214" /><testcase classname="backend.tests.test_assignments_phase2.TestMilestoneSubmitEndpoint" name="test_unknown_assignment_404" time="0.223" /><testcase classname="backend.tests.test_assignments_phase2.TestMilestoneSubmitEndpoint" name="test_unknown_milestone_404" time="0.240" /><testcase classname="backend.tests.test_assignments_phase2.TestMilestoneSubmitEndpoint" name="test_not_enrolled_student_403" time="0.218" /><testcase classname="backend.tests.test_assignments_phase2.TestMilestoneSubmitEndpoint" name="test_instructor_forbidden" time="0.213" /><testcase classname="backend.tests.test_assignments_phase2.TestFileTypeValidation" name="test_60_second_pitch_rejects_pdf" time="0.207" /><testcase classname="backend.tests.test_assignments_phase2.TestFileTypeValidation" name="test_60_second_pitch_accepts_mp4" time="0.238" /><testcase classname="backend.tests.test_assignments_phase2.TestQuestionnaireSubmission" name="test_required_question_missing_400" time="0.211" /><testcase classname="backend.tests.test_assignments_phase2.TestQuestionnaireSubmission" name="test_successful_questionnaire_persists_answers" time="0.238" /><testcase classname="backend.tests.test_assignments_phase2.TestResubmission" name="test_resubmission_updates_existing_no_dup" time="0.332" /><testcase classname="backend.tests.test_assignments_phase2.TestLegacyMaterialSubmitRegression" name="test_legacy_material_submit_still_works" time="0.538" /><testcase classname="backend.tests.test_assignment_templates.TestListTemplates" name="test_requires_auth" time="0.107" /><testcase classname="backend.tests.test_assignment_templates.TestListTemplates" name="test_list_returns_array_and_can_edit_flag" time="0.438" /><testcase classname="backend.tests.test_assignment_templates.TestCreateTemplate" name="test_create_happy_path" time="0.102" /><testcase classname="backend.tests.test_assignment_templates.TestCreateTemplate" name="test_create_missing_name_400" time="0.119" /><testcase classname="backend.tests.test_assignment_templates.TestCreateTemplate" name="test_create_bad_submission_type_400" time="0.133" /><testcase classname="backend.tests.test_assignment_templates.TestCreateTemplate" name="test_create_normalizes_milestone_ids" time="0.111" /><testcase classname="backend.tests.test_assignment_templates.TestSaveAssignmentAsTemplate" name="test_snapshot_assignment" time="0.333" /><testcase classname="backend.tests.test_assignment_templates.TestSaveAssignmentAsTemplate" name="test_snapshot_403_for_non_manager" time="0.339" /><testcase classname="backend.tests.test_assignment_templates.TestSaveAssignmentAsTemplate" name="test_snapshot_super_admin_ok" time="0.322" /><testcase classname="backend.tests.test_assignment_templates.TestSaveAssignmentAsTemplate" name="test_snapshot_404_missing_assignment" time="0.101" /><testcase classname="backend.tests.test_assignment_templates.TestUpdateTemplate" name="test_update_by_author" time="0.227" /><testcase classname="backend.tests.test_assignment_templates.TestUpdateTemplate" name="test_update_by_other_instructor_403" time="0.247" /><testcase classname="backend.tests.test_assignment_templates.TestUpdateTemplate" name="test_update_by_super_admin" time="0.204" /><testcase classname="backend.tests.test_assignment_templates.TestUpdateTemplate" name="test_update_404" time="0.102" /><testcase classname="backend.tests.test_assignment_templates.TestDeleteTemplate" name="test_delete_by_author" time="0.237" /><testcase classname="backend.tests.test_assignment_templates.TestDeleteTemplate" name="test_delete_by_other_instructor_403" time="0.213" /><testcase classname="backend.tests.test_assignment_templates.TestApplyTemplate" name="test_apply_default_week_map_creates_new" time="20.120"><failure message="requests.exceptions.ConnectTimeout: HTTPSConnectionPool(host='cohort-feedback-hub.preview.emergentagent.com', port=443): Max retries exceeded with url: /api/assignment-templates (Caused by ConnectTimeoutError(&lt;HTTPSConnection(host='cohort-feedback-hub.preview.emergentagent.com', port=443) at 0xfa9d8c7083d0&gt;, 'Connection to cohort-feedback-hub.preview.emergentagent.com timed out. (connect timeout=10)'))">/root/.venv/lib/python3.11/site-packages/urllib3/connection.py:204: in _new_conn
    sock = connection.create_connection(
/root/.venv/lib/python3.11/site-packages/urllib3/util/connection.py:85: in create_connection
    raise err
/root/.venv/lib/python3.11/site-packages/urllib3/util/connection.py:73: in create_connection
    sock.connect(sa)
E   TimeoutError: timed out

The above exception was the direct cause of the following exception:
/root/.venv/lib/python3.11/site-packages/urllib3/connectionpool.py:787: in urlopen
    response = self._make_request(
/root/.venv/lib/python3.11/site-packages/urllib3/connectionpool.py:488: in _make_request
    raise new_e
/root/.venv/lib/python3.11/site-packages/urllib3/connectionpool.py:464: in _make_request
    self._validate_conn(conn)
/root/.venv/lib/python3.11/site-packages/urllib3/connectionpool.py:1093: in _validate_conn
    conn.connect()
/root/.venv/lib/python3.11/site-packages/urllib3/connection.py:759: in connect
    self.sock = sock = self._new_conn()
                       ^^^^^^^^^^^^^^^^
/root/.venv/lib/python3.11/site-packages/urllib3/connection.py:213: in _new_conn
    raise ConnectTimeoutError(
E   urllib3.exceptions.ConnectTimeoutError: (&lt;HTTPSConnection(host='cohort-feedback-hub.preview.emergentagent.com', port=443) at 0xfa9d8c7083d0&gt;, 'Connection to cohort-feedback-hub.preview.emergentagent.com timed out. (connect timeout=10)')

The above exception was the direct cause of the following exception:
/root/.venv/lib/python3.11/site-packages/requests/adapters.py:644: in send
    resp = conn.urlopen(
/root/.venv/lib/python3.11/site-packages/urllib3/connectionpool.py:841: in urlopen
    retries = retries.increment(
/root/.venv/lib/python3.11/site-packages/urllib3/util/retry.py:535: in increment
    raise MaxRetryError(_pool, url, reason) from reason  # type: ignore[arg-type]
    ^^^^^^^^^^^^^^^^^^^^^^^^^^^^^^^^^^^^^^^^^^^^^^^^^^^
E   urllib3.exceptions.MaxRetryError: HTTPSConnectionPool(host='cohort-feedback-hub.preview.emergentagent.com', port=443): Max retries exceeded with url: /api/assignment-templates (Caused by ConnectTimeoutError(&lt;HTTPSConnection(host='cohort-feedback-hub.preview.emergentagent.com', port=443) at 0xfa9d8c7083d0&gt;, 'Connection to cohort-feedback-hub.preview.emergentagent.com timed out. (connect timeout=10)'))

During handling of the above exception, another exception occurred:
backend/tests/test_assignment_templates.py:331: in test_apply_default_week_map_creates_new
    tpl = _create_template(seed["tokens"]["instructor"], "applynew", "10_slide_pitch", milestones)
          ^^^^^^^^^^^^^^^^^^^^^^^^^^^^^^^^^^^^^^^^^^^^^^^^^^^^^^^^^^^^^^^^^^^^^^^^^^^^^^^^^^^^^^^^
backend/tests/test_assignment_templates.py:104: in _create_template
    r = requests.post(f"{BASE_URL}/api/assignment-templates", json=payload, headers=_auth(token), timeout=10)
        ^^^^^^^^^^^^^^^^^^^^^^^^^^^^^^^^^^^^^^^^^^^^^^^^^^^^^^^^^^^^^^^^^^^^^^^^^^^^^^^^^^^^^^^^^^^^^^^^^^^^^
/root/.venv/lib/python3.11/site-packages/requests/api.py:115: in post
    return request("post", url, data=data, json=json, **kwargs)
           ^^^^^^^^^^^^^^^^^^^^^^^^^^^^^^^^^^^^^^^^^^^^^^^^^^^^
/root/.venv/lib/python3.11/site-packages/requests/api.py:59: in request
    return session.request(method=method, url=url, **kwargs)
           ^^^^^^^^^^^^^^^^^^^^^^^^^^^^^^^^^^^^^^^^^^^^^^^^^
/root/.venv/lib/python3.11/site-packages/requests/sessions.py:589: in request
    resp = self.send(prep, **send_kwargs)
           ^^^^^^^^^^^^^^^^^^^^^^^^^^^^^^
/root/.venv/lib/python3.11/site-packages/requests/sessions.py:703: in send
    r = adapter.send(request, **kwargs)
        ^^^^^^^^^^^^^^^^^^^^^^^^^^^^^^^
/root/.venv/lib/python3.11/site-packages/requests/adapters.py:665: in send
    raise ConnectTimeout(e, request=request)
E   requests.exceptions.ConnectTimeout: HTTPSConnectionPool(host='cohort-feedback-hub.preview.emergentagent.com', port=443): Max retries exceeded with url: /api/assignment-templates (Caused by ConnectTimeoutError(&lt;HTTPSConnection(host='cohort-feedback-hub.preview.emergentagent.com', port=443) at 0xfa9d8c7083d0&gt;, 'Connection to cohort-feedback-hub.preview.emergentagent.com timed out. (connect timeout=10)'))</failure></testcase><testcase classname="backend.tests.test_assignment_templates.TestApplyTemplate" name="test_apply_week_map_remaps" time="18.698" /><testcase classname="backend.tests.test_assignment_templates.TestApplyTemplate" name="test_apply_week_map_null_skips" time="12.419" /><testcase classname="backend.tests.test_assignment_templates.TestApplyTemplate" name="test_apply_replace_existing_by_type" time="10.516" /><testcase classname="backend.tests.test_assignment_templates.TestApplyTemplate" name="test_apply_title_override" time="0.349" /><testcase classname="backend.tests.test_assignment_templates.TestApplyTemplate" name="test_apply_404_missing_template" time="0.222" /><testcase classname="backend.tests.test_assignment_templates.TestApplyTemplate" name="test_apply_404_missing_cohort" time="0.223" /><testcase classname="backend.tests.test_assignment_templates.TestApplyTemplate" name="test_apply_403_non_manager" time="0.336" /><testcase classname="backend.tests.test_rubric_library.TestRubricsListInitial" name="test_list_returns_array_with_can_edit_flag" time="0.100" /><testcase classname="backend.tests.test_rubric_library.TestRubricsListInitial" name="test_list_unauthorized_no_token" time="0.097" /><testcase classname="backend.tests.test_rubric_library.TestRubricCreate" name="test_create_success" time="0.217" /><testcase classname="backend.tests.test_rubric_library.TestRubricCreate" name="test_create_missing_name" time="0.118" /><testcase classname="backend.tests.test_rubric_library.TestRubricCreate" name="test_create_missing_content" time="0.106" /><testcase classname="backend.tests.test_rubric_library.TestRubricCreate" name="test_create_missing_name_field" time="0.115" /><testcase classname="backend.tests.test_rubric_library.TestRubricUpdate" name="test_creator_can_update" time="1.310" /><testcase classname="backend.tests.test_rubric_library.TestRubricUpdate" name="test_non_creator_instructor_cannot_update" time="0.211" /><testcase classname="backend.tests.test_rubric_library.TestRubricUpdate" name="test_super_admin_can_update_others_rubric" time="3.275" /><testcase classname="backend.tests.test_rubric_library.TestRubricUpdate" name="test_update_unknown_returns_404" time="0.147" /><testcase classname="backend.tests.test_rubric_library.TestRubricDelete" name="test_creator_can_delete" time="0.360" /><testcase classname="backend.tests.test_rubric_library.TestRubricDelete" name="test_non_creator_instructor_cannot_delete" time="0.325" /><testcase classname="backend.tests.test_rubric_library.TestRubricDelete" name="test_delete_unknown_returns_404" time="0.105" /><testcase classname="backend.tests.test_rubric_library.TestRubricDelete" name="test_super_admin_can_delete_others_rubric" time="0.208" /><testcase classname="backend.tests.test_rubric_library.TestRubricCanEditFlag" name="test_can_edit_true_for_creator_false_for_other" time="0.445" /><testcase classname="backend.tests.test_rubric_library.TestFeedbackTemplateRegression" name="test_cohort_homework_upload_with_feedback_template" time="0.354" /><testcase classname="backend.tests.test_super_admin.TestAdminEndpoints" name="test_get_admin_users_as_super_admin" time="0.116" /><testcase classname="backend.tests.test_super_admin.TestAdminEndpoints" name="test_get_admin_users_as_instructor_denied" time="0.100" /><testcase classname="backend.tests.test_super_admin.TestAdminEndpoints" name="test_get_admin_users_as_student_denied" time="68.464" /><testcase classname="backend.tests.test_super_admin.TestAdminEndpoints" name="test_get_admin_stats_as_super_admin" time="0.156" /><testcase classname="backend.tests.test_super_admin.TestAdminEndpoints" name="test_get_admin_stats_as_instructor_denied" time="0.121" /><testcase classname="backend.tests.test_super_admin.TestInviteInstructor" name="test_invite_instructor_as_super_admin" time="1.336" /><testcase classname="backend.tests.test_super_admin.TestInviteInstructor" name="test_invite_instructor_as_instructor_denied" time="0.122" /><testcase classname="backend.tests.test_super_admin.TestInviteInstructor" name="test_invite_instructor_nonexistent_user" time="0.112" /><testcase classname="backend.tests.test_super_admin.TestRevokeInstructor" name="test_revoke_instructor_as_super_admin" time="0.128" /><testcase classname="backend.tests.test_super_admin.TestRevokeInstructor" name="test_revoke_instructor_as_instructor_denied" time="0.104" /><testcase classname="backend.tests.test_super_admin.TestSetRole" name="test_student_can_set_own_role_to_student" time="0.136" /><testcase classname="backend.tests.test_super_admin.TestSetRole" name="test_student_cannot_set_own_role_to_instructor" time="0.113" /><testcase classname="backend.tests.test_super_admin.TestSetRole" name="test_super_admin_can_set_other_user_to_instructor" time="0.101" /><testcase classname="backend.tests.test_super_admin.TestSuperAdminCohortAccess" name="test_super_admin_sees_all_cohorts" time="0.103" /><testcase classname="backend.tests.test_super_admin.TestSuperAdminCohortAccess" name="test_super_admin_can_access_cohort_detail" time="0.101" /><testcase classname="backend.tests.test_super_admin.TestSuperAdminCohortAccess" name="test_super_admin_can_update_cohort" time="0.106" /><testcase classname="backend.tests.test_super_admin.TestSuperAdminCohortAccess" name="test_super_admin_can_delete_cohort" time="0.102" /><testcase classname="backend.tests.test_super_admin.TestSuperAdminSubmissionsAccess" name="test_super_admin_sees_all_submissions" time="0.114" /><testcase classname="backend.tests.test_super_admin.TestSuperAdminDashboardAnalytics" name="test_super_admin_dashboard_analytics" time="0.110" /><testcase classname="backend.tests.test_super_admin.TestRequireInstructorAllowsSuperAdmin" name="test_super_admin_can_create_cohort" time="0.111" /><testcase classname="backend.tests.test_submission_types.TestCohortSubmissionTypeUpload" name="test_homework_persists_submission_type" time="0.113" /><testcase classname="backend.tests.test_submission_types.TestCohortSubmissionTypeUpload" name="test_invalid_submission_type_returns_400" time="0.110" /><testcase classname="backend.tests.test_submission_types.TestCohortSubmissionTypeUpload" name="test_empty_submission_type_treated_as_generic" time="0.112" /><testcase classname="backend.tests.test_submission_types.TestCohortSubmissionTypeUpload" name="test_workbook_strips_submission_type" time="0.111" /><testcase classname="backend.tests.test_submission_types.TestCohortSubmissionTypeUpload" name="test_materials_list_includes_submission_type" time="0.222" /><testcase classname="backend.tests.test_submission_types.TestLibraryQuestionnaireUpload" name="test_valid_questionnaire_fields_persist" time="0.114" /><testcase classname="backend.tests.test_submission_types.TestLibraryQuestionnaireUpload" name="test_invalid_json_returns_400" time="0.109" /><testcase classname="backend.tests.test_submission_types.TestLibraryQuestionnaireUpload" name="test_more_than_20_fields_returns_400" time="0.110" /><testcase classname="backend.tests.test_submission_types.TestLibraryQuestionnaireUpload" name="test_missing_label_returns_400" time="0.105" /><testcase classname="backend.tests.test_submission_types.TestLibraryQuestionnaireUpload" name="test_wrong_type_returns_400" time="0.104" /><testcase classname="backend.tests.test_submission_types.TestStableSubmitLinkResolver" name="test_unknown_type_returns_400" time="0.104" /><testcase classname="backend.tests.test_submission_types.TestStableSubmitLinkResolver" name="test_no_material_returns_404" time="0.107" /><testcase classname="backend.tests.test_submission_types.TestStableSubmitLinkResolver" name="test_match_returns_material_id" time="0.213" /><testcase classname="backend.tests.test_submission_types.TestGetSubmitLinkInfo" name="test_returns_submission_type_and_fields" time="0.223" /><testcase classname="backend.tests.test_submission_types.TestSubmissionExtensionValidation" name="test_pitch_rejects_pdf" time="0.244" /><testcase classname="backend.tests.test_submission_types.TestSubmissionExtensionValidation" name="test_pitch_accepts_mp4" time="0.572" /><testcase classname="backend.tests.test_submission_types.TestSubmissionExtensionValidation" name="test_slide_deck_accepts_pdf_and_pptx_rejects_mp4" time="1.109" /><testcase classname="backend.tests.test_submission_types.TestSubmissionExtensionValidation" name="test_case_activity_accepts_pdf_docx_txt" time="1.477" /><testcase classname="backend.tests.test_submission_types.TestQuestionnaireSubmission" name="test_missing_required_returns_400" time="0.214" /><testcase classname="backend.tests.test_submission_types.TestQuestionnaireSubmission" name="test_over_5000_chars_returns_400" time="0.102" /><testcase classname="backend.tests.test_submission_types.TestQuestionnaireSubmission" name="test_successful_submit_persists_answers" time="0.455" /><testcase classname="backend.tests.test_submission_types.TestQuestionnaireSubmission" name="test_download_returns_json_payload" time="0.888" /><testcase classname="backend.tests.test_submission_types.TestQuestionnaireSubmission" name="test_preview_text_synthesizes_qa" time="0.547" /><testcase classname="backend.tests.test_submission_types.TestManualReviewOnQuestionnaire" name="test_manual_review_uses_synthesized_text" time="5.691" /></testsuite></testsuites>