<?xml version="1.0" encoding="utf-8"?><testsuites name="pytest tests"><testsuite name="pytest" errors="0" failures="0" skipped="0" tests="50" time="27.818" timestamp="2026-07-07T21:07:58.457893+00:00" hostname="agent-env-a260187b-8f1b-4c2e-8a9f-a476cba8da38"><testcase classname="backend.tests.test_assignment_templates.TestListTemplates" name="test_requires_auth" time="0.154" /><testcase classname="backend.tests.test_assignment_templates.TestListTemplates" name="test_list_returns_array_and_can_edit_flag" time="0.425" /><testcase classname="backend.tests.test_assignment_templates.TestCreateTemplate" name="test_create_happy_path" time="0.121" /><testcase classname="backend.tests.test_assignment_templates.TestCreateTemplate" name="test_create_missing_name_400" time="0.114" /><testcase classname="backend.tests.test_assignment_templates.TestCreateTemplate" name="test_create_bad_submission_type_400" time="0.096" /><testcase classname="backend.tests.test_assignment_templates.TestCreateTemplate" name="test_create_normalizes_milestone_ids" time="0.119" /><testcase classname="backend.tests.test_assignment_templates.TestSaveAssignmentAsTemplate" name="test_snapshot_assignment" time="0.327" /><testcase classname="backend.tests.test_assignment_templates.TestSaveAssignmentAsTemplate" name="test_snapshot_403_for_non_manager" time="0.345" /><testcase classname="backend.tests.test_assignment_templates.TestSaveAssignmentAsTemplate" name="test_snapshot_super_admin_ok" time="0.372" /><testcase classname="backend.tests.test_assignment_templates.TestSaveAssignmentAsTemplate" name="test_snapshot_404_missing_assignment" time="0.135" /><testcase classname="backend.tests.test_assignment_templates.TestUpdateTemplate" name="test_update_by_author" time="0.214" /><testcase classname="backend.tests.test_assignment_templates.TestUpdateTemplate" name="test_update_by_other_instructor_403" time="0.225" /><testcase classname="backend.tests.test_assignment_templates.TestUpdateTemplate" name="test_update_by_super_admin" time="0.272" /><testcase classname="backend.tests.test_assignment_templates.TestUpdateTemplate" name="test_update_404" time="0.111" /><testcase classname="backend.tests.test_assignment_templates.TestDeleteTemplate" name="test_delete_by_author" time="0.264" /><testcase classname="backend.tests.test_assignment_templates.TestDeleteTemplate" name="test_delete_by_other_instructor_403" time="0.208" /><testcase classname="backend.tests.test_assignment_templates.TestApplyTemplate" name="test_apply_default_week_map_creates_new" time="0.364" /><testcase classname="backend.tests.test_assignment_templates.TestApplyTemplate" name="test_apply_week_map_remaps" time="0.328" /><testcase classname="backend.tests.test_assignment_templates.TestApplyTemplate" name="test_apply_week_map_null_skips" time="0.336" /><testcase classname="backend.tests.test_assignment_templates.TestApplyTemplate" name="test_apply_replace_existing_by_type" time="0.453" /><testcase classname="backend.tests.test_assignment_templates.TestApplyTemplate" name="test_apply_title_override" time="0.375" /><testcase classname="backend.tests.test_assignment_templates.TestApplyTemplate" name="test_apply_404_missing_template" time="0.244" /><testcase classname="backend.tests.test_assignment_templates.TestApplyTemplate" name="test_apply_404_missing_cohort" time="0.226" /><testcase classname="backend.tests.test_assignment_templates.TestApplyTemplate" name="test_apply_403_non_manager" time="0.396" /><testcase classname="backend.tests.test_assignments_phase1.TestCohortModelExtensions" name="test_new_cohort_has_default_total_weeks_and_auto_send" time="0.124" /><testcase classname="backend.tests.test_assignments_phase1.TestCohortModelExtensions" name="test_cohort_update_persists_auto_send_and_total_weeks" time="0.225" /><testcase classname="backend.tests.test_assignments_phase1.TestAutoSeedOnCreate" name="test_create_cohort_seeds_four_default_assignments" time="0.112" /><testcase classname="backend.tests.test_assignments_phase1.TestAutoSeedOnCreate" name="test_each_default_assignment_has_14_milestones" time="0.104" /><testcase classname="backend.tests.test_assignments_phase1.TestAutoSeedOnCreate" name="test_kawasaki_final_milestone_is_capstone" time="0.108" /><testcase classname="backend.tests.test_assignments_phase1.TestAutoSeedOnCreate" name="test_non_kawasaki_have_no_capstone" time="0.115" /><testcase classname="backend.tests.test_assignments_phase1.TestListAssignments" name="test_instructor_lists_four_defaults" time="0.232" /><testcase classname="backend.tests.test_assignments_phase1.TestListAssignments" name="test_enrolled_student_can_read_assignments" time="0.216" /><testcase classname="backend.tests.test_assignments_phase1.TestListAssignments" name="test_non_enrolled_non_instructor_gets_403" time="0.231" /><testcase classname="backend.tests.test_assignments_phase1.TestListAssignments" name="test_auto_seed_on_instructor_get_when_missing" time="0.111" /><testcase classname="backend.tests.test_assignments_phase1.TestCreateCustomAssignment" name="test_creates_custom_with_valid_submission_type" time="0.210" /><testcase classname="backend.tests.test_assignments_phase1.TestCreateCustomAssignment" name="test_rejects_unknown_submission_type_400" time="0.235" /><testcase classname="backend.tests.test_assignments_phase1.TestUpdateAssignment" name="test_update_title_and_feedback_template" time="0.250" /><testcase classname="backend.tests.test_assignments_phase1.TestUpdateAssignment" name="test_non_manager_gets_403" time="0.227" /><testcase classname="backend.tests.test_assignments_phase1.TestSoftDeleteAssignment" name="test_soft_delete_sets_inactive" time="0.211" /><testcase classname="backend.tests.test_assignments_phase1.TestUpdateMilestone" name="test_update_milestone_in_place" time="0.230" /><testcase classname="backend.tests.test_assignments_phase1.TestUpdateMilestone" name="test_update_unknown_milestone_returns_404" time="0.211" /><testcase classname="backend.tests.test_assignments_phase1.TestAssignmentSubmitLinkResolver" name="test_valid_returns_milestone" time="0.226" /><testcase classname="backend.tests.test_assignments_phase1.TestAssignmentSubmitLinkResolver" name="test_missing_week_returns_404" time="0.226" /><testcase classname="backend.tests.test_assignments_phase1.TestCohortDeleteCascade" name="test_delete_cohort_cleans_assignments" time="0.238" /><testcase classname="backend.tests.test_assignments_phase1.TestMigration" name="test_migration_requires_super_admin" time="0.113" /><testcase classname="backend.tests.test_assignments_phase1.TestMigration" name="test_migration_seeds_assignments_and_reassigns_subs" time="0.167" /><testcase classname="backend.tests.test_assignments_phase1.TestMigration" name="test_migration_idempotent" time="0.281" /><testcase classname="backend.tests.test_assignments_phase1.TestSubmissionCarriesAssignmentIds" name="test_submit_with_query_params_persists_ids" time="0.898" /><testcase classname="backend.tests.test_assignments_phase1.TestCumulativeReview" name="test_review_uses_prior_assignment_submissions" time="8.939" /><testcase classname="backend.tests.test_assignments_phase1.TestAutoSendFeedback" name="test_auto_send_flips_status_sent" time="7.197" /></testsuite></testsuites>