<?xml version="1.0" encoding="utf-8"?><testsuites name="pytest tests"><testsuite name="pytest" errors="0" failures="0" skipped="0" tests="47" time="101.465" timestamp="2026-07-09T15:55:52.375197+00:00" hostname="agent-env-a260187b-8f1b-4c2e-8a9f-a476cba8da38"><testcase classname="backend.tests.test_submit_on_behalf_milestone.TestSubmitLinkAssignmentResolver" name="test_valid_returns_full_metadata_public" time="0.170" /><testcase classname="backend.tests.test_submit_on_behalf_milestone.TestSubmitLinkAssignmentResolver" name="test_nonexistent_assignment_returns_404" time="0.110" /><testcase classname="backend.tests.test_submit_on_behalf_milestone.TestSubmitLinkAssignmentResolver" name="test_no_milestone_for_week_returns_404" time="0.112" /><testcase classname="backend.tests.test_submit_on_behalf_milestone.TestSubmitLinkAssignmentResolver" name="test_public_no_auth_required" time="0.111" /><testcase classname="backend.tests.test_submit_on_behalf_milestone.TestMilestoneSubmitOnBehalf" name="test_no_auth_returns_401" time="0.141" /><testcase classname="backend.tests.test_submit_on_behalf_milestone.TestMilestoneSubmitOnBehalf" name="test_nonexistent_assignment_returns_404" time="0.128" /><testcase classname="backend.tests.test_submit_on_behalf_milestone.TestMilestoneSubmitOnBehalf" name="test_nonexistent_milestone_returns_404" time="0.166" /><testcase classname="backend.tests.test_submit_on_behalf_milestone.TestMilestoneSubmitOnBehalf" name="test_student_not_enrolled_returns_400" time="0.143" /><testcase classname="backend.tests.test_submit_on_behalf_milestone.TestMilestoneSubmitOnBehalf" name="test_unknown_student_returns_404" time="0.117" /><testcase classname="backend.tests.test_submit_on_behalf_milestone.TestMilestoneSubmitOnBehalf" name="test_bad_extension_returns_400" time="0.112" /><testcase classname="backend.tests.test_submit_on_behalf_milestone.TestMilestoneSubmitOnBehalf" name="test_missing_file_returns_400" time="0.145" /><testcase classname="backend.tests.test_submit_on_behalf_milestone.TestMilestoneSubmitOnBehalf" name="test_successful_submit_creates_submission_and_persists" time="0.362" /><testcase classname="backend.tests.test_submit_on_behalf_milestone.TestMilestoneSubmitOnBehalf" name="test_idempotent_resubmit_same_key" time="0.629" /><testcase classname="backend.tests.test_submit_on_behalf_milestone.TestMilestoneSubmitOnBehalf" name="test_ai_review_helper_triggered_status_becomes_draft" time="40.314" /><testcase classname="backend.tests.test_submit_on_behalf_milestone.TestLegacyMaterialSubmitOnBehalfRegression" name="test_legacy_endpoint_still_requires_auth" time="0.199" /><testcase classname="backend.tests.test_assignments_phase2.TestStudentAssignmentsDashboard" name="test_non_student_gets_403" time="0.109" /><testcase classname="backend.tests.test_assignments_phase2.TestStudentAssignmentsDashboard" name="test_super_admin_gets_403" time="0.108" /><testcase classname="backend.tests.test_assignments_phase2.TestStudentAssignmentsDashboard" name="test_returns_shape_with_expected_fields" time="0.231" /><testcase classname="backend.tests.test_assignments_phase2.TestStudentAssignmentsDashboard" name="test_auto_seeds_when_cohort_has_no_assignments" time="0.139" /><testcase classname="backend.tests.test_assignments_phase2.TestStudentAssignmentsDashboard" name="test_milestone_status_derived_from_submissions" time="0.249" /><testcase classname="backend.tests.test_assignments_phase2.TestStudentAssignmentsDashboard" name="test_current_week_is_min_unsubmitted_across_assignments" time="0.254" /><testcase classname="backend.tests.test_assignments_phase2.TestStudentAssignmentsDashboard" name="test_current_week_null_when_all_submitted" time="0.259" /><testcase classname="backend.tests.test_assignments_phase2.TestStudentAssignmentsDashboard" name="test_student_with_no_cohort_returns_empty_list" time="0.107" /><testcase classname="backend.tests.test_assignments_phase2.TestMilestoneSubmitEndpoint" name="test_requires_assignment_id_400" time="0.225" /><testcase classname="backend.tests.test_assignments_phase2.TestMilestoneSubmitEndpoint" name="test_unknown_assignment_404" time="0.230" /><testcase classname="backend.tests.test_assignments_phase2.TestMilestoneSubmitEndpoint" name="test_unknown_milestone_404" time="0.240" /><testcase classname="backend.tests.test_assignments_phase2.TestMilestoneSubmitEndpoint" name="test_not_enrolled_student_403" time="0.216" /><testcase classname="backend.tests.test_assignments_phase2.TestMilestoneSubmitEndpoint" name="test_instructor_forbidden" time="0.224" /><testcase classname="backend.tests.test_assignments_phase2.TestFileTypeValidation" name="test_60_second_pitch_rejects_pdf" time="0.223" /><testcase classname="backend.tests.test_assignments_phase2.TestFileTypeValidation" name="test_60_second_pitch_accepts_mp4" time="0.223" /><testcase classname="backend.tests.test_assignments_phase2.TestQuestionnaireSubmission" name="test_required_question_missing_400" time="0.233" /><testcase classname="backend.tests.test_assignments_phase2.TestQuestionnaireSubmission" name="test_successful_questionnaire_persists_answers" time="0.227" /><testcase classname="backend.tests.test_assignments_phase2.TestResubmission" name="test_resubmission_updates_existing_no_dup" time="0.341" /><testcase classname="backend.tests.test_assignments_phase2.TestLegacyMaterialSubmitRegression" name="test_legacy_material_submit_still_works" time="0.691" /><testcase classname="backend.tests.test_video_submission_review.TestPureHelpers" name="test_is_media_submission_positive" time="0.361" /><testcase classname="backend.tests.test_video_submission_review.TestPureHelpers" name="test_is_media_submission_negative" time="0.000" /><testcase classname="backend.tests.test_video_submission_review.TestPureHelpers" name="test_transcribe_media_bytes_returns_tuple_mp3" time="2.389" /><testcase classname="backend.tests.test_video_submission_review.TestPureHelpers" name="test_transcribe_media_bytes_no_dbwrite" time="1.038" /><testcase classname="backend.tests.test_video_submission_review.TestEnsureSubmissionTranscript" name="test_noop_for_non_media" time="0.005" /><testcase classname="backend.tests.test_video_submission_review.TestEnsureSubmissionTranscript" name="test_noop_when_transcript_already_set" time="0.000" /><testcase classname="backend.tests.test_video_submission_review.TestEnsureSubmissionTranscript" name="test_noop_when_prior_failed" time="0.000" /><testcase classname="backend.tests.test_video_submission_review.TestSubmitOnBehalfMedia" name="test_submit_mp3_transcribes_and_persists" time="8.450" /><testcase classname="backend.tests.test_video_submission_review.TestManualReviewEndpoint" name="test_review_endpoint_media_submission" time="16.050" /><testcase classname="backend.tests.test_video_submission_review.TestManualReviewEndpoint" name="test_review_endpoint_404_missing_submission" time="0.179" /><testcase classname="backend.tests.test_video_submission_review.TestNonMediaRegression" name="test_pdf_submit_on_behalf_no_transcription" time="14.836" /><testcase classname="backend.tests.test_video_submission_review.TestQuestionnaireRegression" name="test_questionnaire_submit_no_media_pipeline" time="8.720" /><testcase classname="backend.tests.test_video_submission_review.TestFfmpegFallback" name="test_direct_whisper_path_without_ffmpeg" time="1.793" /></testsuite></testsuites>