<?xml version="1.0" encoding="utf-8"?><testsuites name="pytest tests"><testsuite name="pytest" errors="0" failures="0" skipped="0" tests="16" time="5.938" timestamp="2026-07-04T21:57:41.966332+00:00" hostname="agent-env-a260187b-8f1b-4c2e-8a9f-a476cba8da38"><testcase classname="backend.tests.test_multi_homework_dashboard.TestSingleHomeworkRegression" name="test_single_homework_returns_length_1_array_and_legacy" time="0.326" /><testcase classname="backend.tests.test_multi_homework_dashboard.TestMultiHomework" name="test_two_homeworks_returns_length_2_array" time="0.106" /><testcase classname="backend.tests.test_multi_homework_dashboard.TestMultiHomework" name="test_status_both_waiting_is_waiting" time="0.140" /><testcase classname="backend.tests.test_multi_homework_dashboard.TestMultiHomework" name="test_status_hw1_feedback_hw2_waiting_is_waiting" time="0.145" /><testcase classname="backend.tests.test_multi_homework_dashboard.TestMultiHomework" name="test_status_hw1_sent_hw2_pending_is_submitted" time="0.137" /><testcase classname="backend.tests.test_multi_homework_dashboard.TestMultiHomework" name="test_status_hw1_sent_hw2_draft_is_under_review" time="0.100" /><testcase classname="backend.tests.test_multi_homework_dashboard.TestMultiHomework" name="test_status_both_sent_is_feedback_provided" time="0.136" /><testcase classname="backend.tests.test_multi_homework_dashboard.TestMultiHomework" name="test_student_submits_hw1_only_via_api" time="0.645" /><testcase classname="backend.tests.test_multi_homework_dashboard.TestMultiHomework" name="test_student_submits_hw2_also_independent_ids" time="0.606" /><testcase classname="backend.tests.test_multi_homework_dashboard.TestMultiHomework" name="test_download_submissions_independently" time="0.251" /><testcase classname="backend.tests.test_multi_homework_dashboard.TestMultiHomework" name="test_review_endpoint_is_per_material" time="0.111" /><testcase classname="backend.tests.test_multi_homework_dashboard.TestMultiHomework" name="test_review_endpoint_authz_and_material_scoping" time="2.646" /><testcase classname="backend.tests.test_multi_homework_dashboard.TestMultiHomework" name="test_legacy_homework_and_submission_point_to_first" time="0.133" /><testcase classname="backend.tests.test_multi_homework_dashboard.TestMultiHomework" name="test_course_resources_and_materials_array" time="0.100" /><testcase classname="backend.tests.test_multi_homework_dashboard.TestStatusRankOrdering" name="test_draft_vs_pending_least_complete_is_pending" time="0.103" /><testcase classname="backend.tests.test_multi_homework_dashboard.TestStatusRankOrdering" name="test_sent_vs_no_submission_least_complete_is_waiting" time="0.106" /></testsuite></testsuites>