<?xml version="1.0" encoding="utf-8"?><testsuites name="pytest tests"><testsuite name="pytest" errors="0" failures="0" skipped="0" tests="14" time="31.584" timestamp="2026-07-05T16:29:26.880685+00:00" hostname="agent-env-a260187b-8f1b-4c2e-8a9f-a476cba8da38"><testcase classname="backend.tests.test_platform_branding.TestGetBranding" name="test_get_public_no_auth" time="0.337" /><testcase classname="backend.tests.test_platform_branding.TestGetBranding" name="test_get_returns_json_dict" time="0.134" /><testcase classname="backend.tests.test_platform_branding.TestPutBrandingAccessControl" name="test_put_no_token_returns_401" time="0.136" /><testcase classname="backend.tests.test_platform_branding.TestPutBrandingAccessControl" name="test_put_as_instructor_returns_403" time="0.105" /><testcase classname="backend.tests.test_platform_branding.TestPutBrandingAccessControl" name="test_put_as_student_returns_403" time="0.105" /><testcase classname="backend.tests.test_platform_branding.TestPutBrandingUpdates" name="test_put_partial_payload_persists_and_merges" time="1.306" /><testcase classname="backend.tests.test_platform_branding.TestPutBrandingUpdates" name="test_put_filters_unknown_fields_returns_400" time="0.108" /><testcase classname="backend.tests.test_platform_branding.TestPutBrandingUpdates" name="test_put_mixed_payload_filters_unknown_but_keeps_valid" time="10.146" /><testcase classname="backend.tests.test_platform_branding.TestBrandingCache" name="test_five_rapid_gets_consistent" time="10.603" /><testcase classname="backend.tests.test_platform_branding.TestPersonaInjectionChat" name="test_chat_default_persona_regression" time="4.469" /><testcase classname="backend.tests.test_platform_branding.TestPersonaInjectionChat" name="test_chat_with_persona_override_succeeds" time="1.480" /><testcase classname="backend.tests.test_platform_branding.TestPersonaInjectionChat" name="test_chat_with_system_prompt_override_succeeds" time="1.548" /><testcase classname="backend.tests.test_platform_branding.TestEmailSenderOverride" name="test_send_feedback_with_default_sender_regression" time="0.402" /><testcase classname="backend.tests.test_platform_branding.TestEmailSenderOverride" name="test_send_feedback_with_custom_sender_succeeds" time="0.557" /></testsuite></testsuites>