<?xml version="1.0" encoding="utf-8"?><testsuites name="pytest tests"><testsuite name="pytest" errors="0" failures="0" skipped="0" tests="18" time="17.001" timestamp="2026-03-18T17:25:23.250024+00:00" hostname="agent-env-4f2d01c4-dda9-4c0e-b79a-05bb092f7dd7"><testcase classname="backend.tests.test_week_release_coach_max.TestWeekReleaseEndpoints" name="test_release_week_as_instructor_success" time="0.183" /><testcase classname="backend.tests.test_week_release_coach_max.TestWeekReleaseEndpoints" name="test_unrelease_week_as_instructor_success" time="0.302" /><testcase classname="backend.tests.test_week_release_coach_max.TestWeekReleaseEndpoints" name="test_release_week_invalid_number" time="0.130" /><testcase classname="backend.tests.test_week_release_coach_max.TestWeekReleaseEndpoints" name="test_release_week_as_student_forbidden" time="0.116" /><testcase classname="backend.tests.test_week_release_coach_max.TestWeekReleaseEndpoints" name="test_release_week_invalid_cohort" time="0.189" /><testcase classname="backend.tests.test_week_release_coach_max.TestWeekReleaseEndpoints" name="test_release_week_idempotent" time="0.241" /><testcase classname="backend.tests.test_week_release_coach_max.TestStudentDashboard" name="test_dashboard_returns_only_released_weeks" time="0.129" /><testcase classname="backend.tests.test_week_release_coach_max.TestStudentDashboard" name="test_dashboard_week_status_values" time="0.145" /><testcase classname="backend.tests.test_week_release_coach_max.TestStudentDashboard" name="test_dashboard_feedback_provided_has_feedback" time="0.148" /><testcase classname="backend.tests.test_week_release_coach_max.TestStudentDashboard" name="test_dashboard_instructor_access_forbidden" time="0.130" /><testcase classname="backend.tests.test_week_release_coach_max.TestCoachMaxChat" name="test_ask_tutor_success" time="14.219" /><testcase classname="backend.tests.test_week_release_coach_max.TestCoachMaxChat" name="test_ask_tutor_missing_message" time="0.143" /><testcase classname="backend.tests.test_week_release_coach_max.TestCoachMaxChat" name="test_ask_tutor_missing_submission_id" time="0.186" /><testcase classname="backend.tests.test_week_release_coach_max.TestCoachMaxChat" name="test_ask_tutor_invalid_submission" time="0.133" /><testcase classname="backend.tests.test_week_release_coach_max.TestCoachMaxChat" name="test_ask_tutor_instructor_forbidden" time="0.144" /><testcase classname="backend.tests.test_week_release_coach_max.TestChatHistory" name="test_get_chat_history_success" time="0.103" /><testcase classname="backend.tests.test_week_release_coach_max.TestChatHistory" name="test_get_chat_history_instructor_forbidden" time="0.171" /><testcase classname="backend.tests.test_week_release_coach_max.TestCohortReleasedWeeksField" name="test_cohort_has_released_weeks_field" time="0.116" /></testsuite></testsuites>