<?xml version="1.0" encoding="utf-8"?><testsuites name="pytest tests"><testsuite name="pytest" errors="0" failures="0" skipped="0" tests="11" time="15.643" timestamp="2026-04-27T14:47:14.867613+00:00" hostname="agent-env-a260187b-8f1b-4c2e-8a9f-a476cba8da38"><testcase classname="backend.tests.test_coach_max_insights.TestCoachMaxReport" name="test_get_report_without_auth" time="0.179" /><testcase classname="backend.tests.test_coach_max_insights.TestCoachMaxReport" name="test_get_report_with_auth" time="0.118" /><testcase classname="backend.tests.test_coach_max_insights.TestCoachMaxReport" name="test_get_report_week_structure" time="0.170" /><testcase classname="backend.tests.test_coach_max_insights.TestCoachMaxReport" name="test_get_report_question_structure" time="0.127" /><testcase classname="backend.tests.test_coach_max_insights.TestCoachMaxReport" name="test_get_report_nonexistent_cohort" time="0.132" /><testcase classname="backend.tests.test_coach_max_insights.TestCoachMaxInsightsGeneration" name="test_generate_insights_without_auth" time="0.113" /><testcase classname="backend.tests.test_coach_max_insights.TestCoachMaxInsightsGeneration" name="test_generate_insights_with_week" time="8.261" /><testcase classname="backend.tests.test_coach_max_insights.TestCoachMaxInsightsGeneration" name="test_generate_insights_theme_structure" time="6.056" /><testcase classname="backend.tests.test_coach_max_insights.TestCoachMaxInsightsGeneration" name="test_generate_insights_nonexistent_cohort" time="0.150" /><testcase classname="backend.tests.test_coach_max_insights.TestCoachMaxInsightsGeneration" name="test_generate_insights_empty_week" time="0.162" /><testcase classname="backend.tests.test_coach_max_insights.TestHealthCheck" name="test_health_endpoint" time="0.116" /></testsuite></testsuites>