<?xml version="1.0" encoding="utf-8"?><testsuites name="pytest tests"><testsuite name="pytest" errors="0" failures="0" skipped="0" tests="18" time="7.624" timestamp="2026-03-26T17:13:00.938597+00:00" hostname="agent-env-a260187b-8f1b-4c2e-8a9f-a476cba8da38"><testcase classname="backend.tests.test_assign_instructor.TestListInstructors" name="test_super_admin_can_list_instructors" time="1.119" /><testcase classname="backend.tests.test_assign_instructor.TestListInstructors" name="test_instructor_cannot_list_instructors" time="0.190" /><testcase classname="backend.tests.test_assign_instructor.TestListInstructors" name="test_student_cannot_list_instructors" time="0.164" /><testcase classname="backend.tests.test_assign_instructor.TestListInstructors" name="test_unauthenticated_cannot_list_instructors" time="0.529" /><testcase classname="backend.tests.test_assign_instructor.TestAssignInstructor" name="test_super_admin_can_assign_instructor" time="0.558" /><testcase classname="backend.tests.test_assign_instructor.TestAssignInstructor" name="test_verify_instructor_assigned_via_cohort_detail" time="0.123" /><testcase classname="backend.tests.test_assign_instructor.TestAssignInstructor" name="test_instructor_cannot_assign_instructor" time="0.106" /><testcase classname="backend.tests.test_assign_instructor.TestAssignInstructor" name="test_student_cannot_assign_instructor" time="0.104" /><testcase classname="backend.tests.test_assign_instructor.TestAssignInstructor" name="test_assign_instructor_missing_instructor_id" time="0.166" /><testcase classname="backend.tests.test_assign_instructor.TestAssignInstructor" name="test_assign_instructor_invalid_cohort" time="0.120" /><testcase classname="backend.tests.test_assign_instructor.TestAssignInstructor" name="test_assign_non_instructor_user" time="0.512" /><testcase classname="backend.tests.test_assign_instructor.TestInstructorAccessAfterAssignment" name="test_assigned_instructor_can_access_cohort_detail" time="0.699" /><testcase classname="backend.tests.test_assign_instructor.TestInstructorAccessAfterAssignment" name="test_assigned_instructor_can_see_submissions" time="0.113" /><testcase classname="backend.tests.test_assign_instructor.TestInstructorAccessAfterAssignment" name="test_assigned_instructor_can_access_analytics" time="0.651" /><testcase classname="backend.tests.test_assign_instructor.TestCohortDetailInstructorInfo" name="test_cohort_detail_includes_instructor_info" time="1.137" /><testcase classname="backend.tests.test_assign_instructor.TestAuthMeEndpoint" name="test_super_admin_token_valid" time="0.566" /><testcase classname="backend.tests.test_assign_instructor.TestAuthMeEndpoint" name="test_instructor_token_valid" time="0.123" /><testcase classname="backend.tests.test_assign_instructor.TestAuthMeEndpoint" name="test_student_token_valid" time="0.571" /></testsuite></testsuites>