<?xml version="1.0" encoding="utf-8"?><testsuites name="pytest tests"><testsuite name="pytest" errors="0" failures="0" skipped="0" tests="15" time="4.118" timestamp="2026-06-01T20:41:05.236071+00:00" hostname="agent-env-a260187b-8f1b-4c2e-8a9f-a476cba8da38"><testcase classname="backend.tests.test_material_preview.TestDownloadInlineContract" name="test_pdf_download_default_is_attachment" time="0.742" /><testcase classname="backend.tests.test_material_preview.TestDownloadInlineContract" name="test_pdf_download_inline_sets_inline_pdf_xframe_contentlength" time="0.166" /><testcase classname="backend.tests.test_material_preview.TestDownloadInlineContract" name="test_docx_inline_disposition_but_octet_media_type" time="0.490" /><testcase classname="backend.tests.test_material_preview.TestPreviewTextHappyPath" name="test_docx_preview_text_contains_body" time="0.114" /><testcase classname="backend.tests.test_material_preview.TestPreviewTextHappyPath" name="test_pdf_preview_text_nonempty" time="0.141" /><testcase classname="backend.tests.test_material_preview.TestPreviewTextACL" name="test_student_not_in_cohort_gets_403_on_library_material" time="0.167" /><testcase classname="backend.tests.test_material_preview.TestPreviewTextACL" name="test_student_in_cohort_gets_200_on_library_material" time="0.173" /><testcase classname="backend.tests.test_material_preview.TestPreviewTextACL" name="test_outsider_instructor_gets_403_on_non_library_cohort_material" time="0.296" /><testcase classname="backend.tests.test_material_preview.TestPreviewTextACL" name="test_managing_admin_gets_200_on_non_library_cohort_material" time="0.122" /><testcase classname="backend.tests.test_material_preview.TestPreviewTextLegacy410" name="test_legacy_material_missing_disk_file_returns_410" time="0.134" /><testcase classname="backend.tests.test_material_preview.TestDownloadRegression" name="test_library_docx_download_bytes_match" time="0.176" /><testcase classname="backend.tests.test_material_preview.TestDownloadRegression" name="test_cohort_specific_docx_download_bytes_match" time="0.138" /><testcase classname="backend.tests.test_material_preview.TestLibraryListRegression" name="test_library_list_returns_cohort_ids_and_assigned_cohorts" time="0.147" /><testcase classname="backend.tests.test_material_preview.TestQueryTokenAuth" name="test_download_inline_pdf_with_token_query_param" time="0.179" /><testcase classname="backend.tests.test_material_preview.TestQueryTokenAuth" name="test_preview_text_with_token_query_param" time="0.529" /></testsuite></testsuites>