<?xml version="1.0" encoding="utf-8"?><testsuites name="pytest tests"><testsuite name="pytest" errors="0" failures="0" skipped="0" tests="28" time="3.634" timestamp="2026-03-26T17:40:15.296427+00:00" hostname="agent-env-a260187b-8f1b-4c2e-8a9f-a476cba8da38"><testcase classname="backend.tests.test_material_library.TestLibraryMaterialsEndpoints" name="test_get_library_materials_empty" time="0.223" /><testcase classname="backend.tests.test_material_library.TestLibraryMaterialsEndpoints" name="test_get_library_materials_requires_instructor" time="0.108" /><testcase classname="backend.tests.test_material_library.TestLibraryMaterialsEndpoints" name="test_get_library_materials_unauthenticated" time="0.148" /><testcase classname="backend.tests.test_material_library.TestLibraryMaterialsEndpoints" name="test_upload_library_material_workbook" time="0.111" /><testcase classname="backend.tests.test_material_library.TestLibraryMaterialsEndpoints" name="test_upload_library_material_case_study" time="0.122" /><testcase classname="backend.tests.test_material_library.TestLibraryMaterialsEndpoints" name="test_upload_library_material_homework_rejected" time="0.108" /><testcase classname="backend.tests.test_material_library.TestLibraryMaterialsEndpoints" name="test_upload_library_material_invalid_file_type" time="0.132" /><testcase classname="backend.tests.test_material_library.TestLibraryMaterialsEndpoints" name="test_upload_library_material_student_denied" time="0.186" /><testcase classname="backend.tests.test_material_library.TestLibraryMaterialsEndpoints" name="test_get_library_materials_with_data" time="0.115" /><testcase classname="backend.tests.test_material_library.TestLibraryMaterialAssignment" name="test_assign_material_to_cohort" time="0.113" /><testcase classname="backend.tests.test_material_library.TestLibraryMaterialAssignment" name="test_assign_material_to_multiple_cohorts" time="0.123" /><testcase classname="backend.tests.test_material_library.TestLibraryMaterialAssignment" name="test_assign_material_missing_cohort_ids" time="0.122" /><testcase classname="backend.tests.test_material_library.TestLibraryMaterialAssignment" name="test_assign_material_invalid_cohort" time="0.115" /><testcase classname="backend.tests.test_material_library.TestLibraryMaterialAssignment" name="test_assign_material_student_denied" time="0.123" /><testcase classname="backend.tests.test_material_library.TestLibraryMaterialAssignment" name="test_unassign_material_from_cohort" time="0.110" /><testcase classname="backend.tests.test_material_library.TestLibraryMaterialAssignment" name="test_unassign_material_missing_cohort_id" time="0.146" /><testcase classname="backend.tests.test_material_library.TestLibraryMaterialUpdate" name="test_update_library_material_title" time="0.108" /><testcase classname="backend.tests.test_material_library.TestLibraryMaterialUpdate" name="test_update_library_material_week" time="0.157" /><testcase classname="backend.tests.test_material_library.TestLibraryMaterialUpdate" name="test_update_library_material_with_file" time="0.137" /><testcase classname="backend.tests.test_material_library.TestLibraryMaterialUpdate" name="test_update_library_material_invalid_file_type" time="0.125" /><testcase classname="backend.tests.test_material_library.TestLibraryMaterialUpdate" name="test_update_library_material_not_found" time="0.126" /><testcase classname="backend.tests.test_material_library.TestLibraryMaterialUpdate" name="test_update_library_material_student_denied" time="0.132" /><testcase classname="backend.tests.test_material_library.TestCohortMaterialsWithLibrary" name="test_cohort_materials_includes_library" time="0.111" /><testcase classname="backend.tests.test_material_library.TestCohortMaterialsWithLibrary" name="test_cohort_materials_student_access" time="0.117" /><testcase classname="backend.tests.test_material_library.TestLibraryMaterialDelete" name="test_delete_library_material_student_denied" time="0.113" /><testcase classname="backend.tests.test_material_library.TestLibraryMaterialDelete" name="test_delete_library_material_not_found" time="0.115" /><testcase classname="backend.tests.test_material_library.TestLibraryMaterialDelete" name="test_delete_library_material_success" time="0.223" /><testcase classname="backend.tests.test_material_library.TestCleanup" name="test_cleanup" time="0.006" /></testsuite></testsuites>