<?xml version="1.0" encoding="utf-8"?><testsuites name="pytest tests"><testsuite name="pytest" errors="0" failures="0" skipped="0" tests="12" time="5.432" timestamp="2026-04-18T12:14:38.641572+00:00" hostname="agent-env-a260187b-8f1b-4c2e-8a9f-a476cba8da38"><testcase classname="backend.tests.test_audio_tts.TestHealthCheck" name="test_health_endpoint" time="0.200" /><testcase classname="backend.tests.test_audio_tts.TestSubmissionAudioEndpoint" name="test_submission_audio_requires_auth" time="0.105" /><testcase classname="backend.tests.test_audio_tts.TestSubmissionAudioEndpoint" name="test_submission_audio_not_found" time="1.410" /><testcase classname="backend.tests.test_audio_tts.TestSubmissionAudioEndpoint" name="test_submission_audio_generates_mp3" time="0.157" /><testcase classname="backend.tests.test_audio_tts.TestSubmissionAudioEndpoint" name="test_submission_audio_caching" time="0.221" /><testcase classname="backend.tests.test_audio_tts.TestChatAudioEndpoint" name="test_chat_audio_requires_auth" time="0.106" /><testcase classname="backend.tests.test_audio_tts.TestChatAudioEndpoint" name="test_chat_audio_empty_text_returns_400" time="0.161" /><testcase classname="backend.tests.test_audio_tts.TestChatAudioEndpoint" name="test_chat_audio_missing_text_returns_400" time="0.139" /><testcase classname="backend.tests.test_audio_tts.TestChatAudioEndpoint" name="test_chat_audio_generates_mp3" time="2.257" /><testcase classname="backend.tests.test_audio_tts.TestServeAudioEndpoint" name="test_serve_audio_not_found" time="0.121" /><testcase classname="backend.tests.test_audio_tts.TestServeAudioEndpoint" name="test_serve_audio_returns_mp3" time="0.275" /><testcase classname="backend.tests.test_audio_tts.TestSubmissionWithoutFeedback" name="test_submission_no_feedback_returns_400" time="0.213" /></testsuite></testsuites>