<?xml version="1.0" encoding="utf-8"?><testsuites name="pytest tests"><testsuite name="pytest" errors="0" failures="0" skipped="0" tests="6" time="2.757" timestamp="2026-04-08T20:46:32.182157+00:00" hostname="agent-env-a260187b-8f1b-4c2e-8a9f-a476cba8da38"><testcase classname="backend.tests.test_delete_submission.TestDeleteSubmission" name="test_health_check" time="0.151" /><testcase classname="backend.tests.test_delete_submission.TestDeleteSubmission" name="test_delete_without_auth_returns_401" time="0.132" /><testcase classname="backend.tests.test_delete_submission.TestDeleteSubmission" name="test_delete_nonexistent_returns_404" time="0.114" /><testcase classname="backend.tests.test_delete_submission.TestDeleteSubmission" name="test_delete_existing_submission_success" time="0.348" /><testcase classname="backend.tests.test_delete_submission.TestDeleteSubmissionStudentAccess" name="test_student_cannot_delete_submission" time="0.560" /><testcase classname="backend.tests.test_delete_submission.TestTutorChatCleanup" name="test_tutor_chats_deleted_with_submission" time="1.398" /></testsuite></testsuites>