<?xml version="1.0" encoding="utf-8"?><testsuites name="pytest tests"><testsuite name="pytest" errors="0" failures="0" skipped="0" tests="7" time="1.361" timestamp="2026-04-06T12:39:52.573493+00:00" hostname="agent-env-a260187b-8f1b-4c2e-8a9f-a476cba8da38"><testcase classname="backend.tests.test_export_pdf.TestExportPDFEndpoint" name="test_health_check" time="0.155" /><testcase classname="backend.tests.test_export_pdf.TestExportPDFEndpoint" name="test_export_pdf_returns_valid_pdf" time="0.447" /><testcase classname="backend.tests.test_export_pdf.TestExportPDFEndpoint" name="test_export_pdf_requires_auth" time="0.110" /><testcase classname="backend.tests.test_export_pdf.TestExportPDFEndpoint" name="test_export_pdf_returns_404_for_nonexistent_submission" time="0.145" /><testcase classname="backend.tests.test_export_pdf.TestExportPDFEndpoint" name="test_export_pdf_returns_400_if_no_feedback" time="0.349" /><testcase classname="backend.tests.test_export_pdf.TestExportPDFStudentAccess" name="test_export_pdf_forbidden_for_students" time="0.000" /><testcase classname="backend.tests.test_export_pdf.TestSubmissionEndpoints" name="test_get_submission_details" time="0.105" /></testsuite></testsuites>