<?xml version="1.0" encoding="utf-8"?><testsuites name="pytest tests"><testsuite name="pytest" errors="0" failures="0" skipped="0" tests="8" time="1.076" timestamp="2026-04-03T15:51:34.115822+00:00" hostname="agent-env-a260187b-8f1b-4c2e-8a9f-a476cba8da38"><testcase classname="backend.tests.test_submit_link.TestSubmitLinkEndpoint" name="test_valid_homework_material_mat_c1_w1" time="0.198" /><testcase classname="backend.tests.test_submit_link.TestSubmitLinkEndpoint" name="test_valid_homework_material_mat_c2_w1" time="0.124" /><testcase classname="backend.tests.test_submit_link.TestSubmitLinkEndpoint" name="test_nonexistent_material_returns_404" time="0.114" /><testcase classname="backend.tests.test_submit_link.TestSubmitLinkEndpoint" name="test_nonexistent_material_random_id" time="0.103" /><testcase classname="backend.tests.test_submit_link.TestSubmitLinkEndpoint" name="test_endpoint_is_public_no_auth_required" time="0.155" /><testcase classname="backend.tests.test_submit_link.TestSubmitLinkEndpoint" name="test_response_structure" time="0.111" /><testcase classname="backend.tests.test_submit_link.TestSubmitLinkEndpoint" name="test_existing_homework_with_file" time="0.100" /><testcase classname="backend.tests.test_submit_link.TestSubmitLinkNonHomeworkMaterials" name="test_workbook_material_returns_404" time="0.113" /></testsuite></testsuites>