<?xml version="1.0" encoding="utf-8"?><testsuites name="pytest tests"><testsuite name="pytest" errors="0" failures="0" skipped="0" tests="14" time="42.045" timestamp="2026-04-06T18:58:44.502322+00:00" hostname="agent-env-a260187b-8f1b-4c2e-8a9f-a476cba8da38"><testcase classname="backend.tests.test_submit_on_behalf.TestHealthCheck" name="test_health_endpoint" time="0.123" /><testcase classname="backend.tests.test_submit_on_behalf.TestSubmitOnBehalfAuth" name="test_requires_auth_token" time="0.128" /><testcase classname="backend.tests.test_submit_on_behalf.TestSubmitOnBehalfAuth" name="test_accepts_valid_auth_token" time="5.415" /><testcase classname="backend.tests.test_submit_on_behalf.TestSubmitOnBehalfValidation" name="test_validates_material_exists" time="0.159" /><testcase classname="backend.tests.test_submit_on_behalf.TestSubmitOnBehalfValidation" name="test_validates_student_in_cohort" time="0.118" /><testcase classname="backend.tests.test_submit_on_behalf.TestSubmitOnBehalfValidation" name="test_validates_file_type_pdf" time="4.720" /><testcase classname="backend.tests.test_submit_on_behalf.TestSubmitOnBehalfValidation" name="test_validates_file_type_docx" time="5.948" /><testcase classname="backend.tests.test_submit_on_behalf.TestSubmitOnBehalfValidation" name="test_rejects_invalid_file_type" time="0.149" /><testcase classname="backend.tests.test_submit_on_behalf.TestSubmitOnBehalfSuccess" name="test_successful_submission_returns_200" time="5.139" /><testcase classname="backend.tests.test_submit_on_behalf.TestAIReviewAutoTrigger" name="test_ai_review_generates_feedback" time="19.596" /><testcase classname="backend.tests.test_submit_on_behalf.TestCoachMaxURLInEmails" name="test_send_feedback_uses_app_base_url" time="0.119" /><testcase classname="backend.tests.test_submit_on_behalf.TestMaterialAndCohortVerification" name="test_homework_material_exists" time="0.108" /><testcase classname="backend.tests.test_submit_on_behalf.TestMaterialAndCohortVerification" name="test_cohort_exists" time="0.138" /><testcase classname="backend.tests.test_submit_on_behalf.TestMaterialAndCohortVerification" name="test_student_exists" time="0.131" /></testsuite></testsuites>