<?xml version="1.0" encoding="utf-8"?><testsuites name="pytest tests"><testsuite name="pytest" errors="0" failures="0" skipped="0" tests="20" time="2.883" timestamp="2026-03-18T11:52:48.958106+00:00" hostname="agent-env-4f2d01c4-dda9-4c0e-b79a-05bb092f7dd7"><testcase classname="backend.tests.test_super_admin.TestAdminEndpoints" name="test_get_admin_users_as_super_admin" time="0.261" /><testcase classname="backend.tests.test_super_admin.TestAdminEndpoints" name="test_get_admin_users_as_instructor_denied" time="0.108" /><testcase classname="backend.tests.test_super_admin.TestAdminEndpoints" name="test_get_admin_users_as_student_denied" time="0.136" /><testcase classname="backend.tests.test_super_admin.TestAdminEndpoints" name="test_get_admin_stats_as_super_admin" time="0.182" /><testcase classname="backend.tests.test_super_admin.TestAdminEndpoints" name="test_get_admin_stats_as_instructor_denied" time="0.112" /><testcase classname="backend.tests.test_super_admin.TestInviteInstructor" name="test_invite_instructor_as_super_admin" time="0.358" /><testcase classname="backend.tests.test_super_admin.TestInviteInstructor" name="test_invite_instructor_as_instructor_denied" time="0.109" /><testcase classname="backend.tests.test_super_admin.TestInviteInstructor" name="test_invite_instructor_nonexistent_user" time="0.102" /><testcase classname="backend.tests.test_super_admin.TestRevokeInstructor" name="test_revoke_instructor_as_super_admin" time="0.111" /><testcase classname="backend.tests.test_super_admin.TestRevokeInstructor" name="test_revoke_instructor_as_instructor_denied" time="0.109" /><testcase classname="backend.tests.test_super_admin.TestSetRole" name="test_student_can_set_own_role_to_student" time="0.135" /><testcase classname="backend.tests.test_super_admin.TestSetRole" name="test_student_cannot_set_own_role_to_instructor" time="0.103" /><testcase classname="backend.tests.test_super_admin.TestSetRole" name="test_super_admin_can_set_other_user_to_instructor" time="0.105" /><testcase classname="backend.tests.test_super_admin.TestSuperAdminCohortAccess" name="test_super_admin_sees_all_cohorts" time="0.105" /><testcase classname="backend.tests.test_super_admin.TestSuperAdminCohortAccess" name="test_super_admin_can_access_cohort_detail" time="0.139" /><testcase classname="backend.tests.test_super_admin.TestSuperAdminCohortAccess" name="test_super_admin_can_update_cohort" time="0.105" /><testcase classname="backend.tests.test_super_admin.TestSuperAdminCohortAccess" name="test_super_admin_can_delete_cohort" time="0.109" /><testcase classname="backend.tests.test_super_admin.TestSuperAdminSubmissionsAccess" name="test_super_admin_sees_all_submissions" time="0.106" /><testcase classname="backend.tests.test_super_admin.TestSuperAdminDashboardAnalytics" name="test_super_admin_dashboard_analytics" time="0.105" /><testcase classname="backend.tests.test_super_admin.TestRequireInstructorAllowsSuperAdmin" name="test_super_admin_can_create_cohort" time="0.123" /></testsuite></testsuites>