<?xml version="1.0" encoding="utf-8"?><testsuites name="pytest tests"><testsuite name="pytest" errors="0" failures="0" skipped="0" tests="14" time="2.452" timestamp="2026-04-06T14:54:03.281553+00:00" hostname="agent-env-a260187b-8f1b-4c2e-8a9f-a476cba8da38"><testcase classname="backend.tests.test_coach_max_url.TestCoachMaxURL" name="test_health_check" time="0.147" /><testcase classname="backend.tests.test_coach_max_url.TestCoachMaxURL" name="test_submission_exists" time="0.112" /><testcase classname="backend.tests.test_coach_max_url.TestCoachMaxURL" name="test_send_feedback_returns_200" time="0.315" /><testcase classname="backend.tests.test_coach_max_url.TestCoachMaxURL" name="test_export_pdf_returns_200" time="0.555" /><testcase classname="backend.tests.test_coach_max_url.TestCoachMaxURL" name="test_send_feedback_requires_auth" time="0.125" /><testcase classname="backend.tests.test_coach_max_url.TestCoachMaxURL" name="test_export_pdf_requires_auth" time="0.125" /><testcase classname="backend.tests.test_coach_max_url.TestCoachMaxURL" name="test_send_feedback_404_for_invalid_submission" time="0.101" /><testcase classname="backend.tests.test_coach_max_url.TestCoachMaxURL" name="test_export_pdf_404_for_invalid_submission" time="0.141" /><testcase classname="backend.tests.test_coach_max_url.TestCoachMaxCodeReview" name="test_server_py_uses_coach_max_url_in_send_feedback" time="0.001" /><testcase classname="backend.tests.test_coach_max_url.TestCoachMaxCodeReview" name="test_server_py_uses_coach_max_url_in_export_pdf" time="0.001" /><testcase classname="backend.tests.test_coach_max_url.TestCoachMaxCodeReview" name="test_coach_max_url_format" time="0.000" /><testcase classname="backend.tests.test_coach_max_url.TestCoachMaxFrontendRoute" name="test_app_js_has_coach_max_route" time="0.000" /><testcase classname="backend.tests.test_coach_max_url.TestCoachMaxFrontendRoute" name="test_coach_max_page_exists" time="0.000" /><testcase classname="backend.tests.test_coach_max_url.TestCoachMaxFrontendRoute" name="test_no_resend_dev_references" time="0.766" /></testsuite></testsuites>