<?xml version="1.0" encoding="utf-8"?><testsuites name="pytest tests"><testsuite name="pytest" errors="0" failures="0" skipped="0" tests="16" time="1.842" timestamp="2026-03-21T21:57:51.278849+00:00" hostname="agent-env-a260187b-8f1b-4c2e-8a9f-a476cba8da38"><testcase classname="backend.tests.test_download_endpoints.TestMaterialDownloadWithTokenParam" name="test_download_material_with_token_query_param" time="0.136" /><testcase classname="backend.tests.test_download_endpoints.TestMaterialDownloadWithTokenParam" name="test_download_material_with_bearer_header" time="0.121" /><testcase classname="backend.tests.test_download_endpoints.TestMaterialDownloadWithTokenParam" name="test_download_material_without_token_returns_401" time="0.119" /><testcase classname="backend.tests.test_download_endpoints.TestMaterialDownloadWithTokenParam" name="test_download_material_with_invalid_token_returns_401" time="0.106" /><testcase classname="backend.tests.test_download_endpoints.TestMaterialDownloadWithTokenParam" name="test_download_material_student_token" time="0.099" /><testcase classname="backend.tests.test_download_endpoints.TestSubmissionDownloadWithTokenParam" name="test_download_submission_with_token_query_param" time="0.105" /><testcase classname="backend.tests.test_download_endpoints.TestSubmissionDownloadWithTokenParam" name="test_download_submission_with_bearer_header" time="0.105" /><testcase classname="backend.tests.test_download_endpoints.TestSubmissionDownloadWithTokenParam" name="test_download_submission_without_token_returns_401" time="0.107" /><testcase classname="backend.tests.test_download_endpoints.TestSubmissionDownloadWithTokenParam" name="test_download_submission_with_invalid_token_returns_401" time="0.103" /><testcase classname="backend.tests.test_download_endpoints.TestSubmissionDownloadWithTokenParam" name="test_download_submission_second_file" time="0.129" /><testcase classname="backend.tests.test_download_endpoints.TestStudentTemplateDownloadWithTokenParam" name="test_download_template_with_token_query_param" time="0.108" /><testcase classname="backend.tests.test_download_endpoints.TestStudentTemplateDownloadWithTokenParam" name="test_download_template_with_bearer_header" time="0.106" /><testcase classname="backend.tests.test_download_endpoints.TestStudentTemplateDownloadWithTokenParam" name="test_download_template_without_token_returns_401" time="0.115" /><testcase classname="backend.tests.test_download_endpoints.TestStudentTemplateDownloadWithTokenParam" name="test_download_template_student_forbidden" time="0.112" /><testcase classname="backend.tests.test_download_endpoints.TestAuthMeEndpoint" name="test_auth_me_super_admin" time="0.113" /><testcase classname="backend.tests.test_download_endpoints.TestAuthMeEndpoint" name="test_auth_me_student" time="0.108" /></testsuite></testsuites>