<?xml version="1.0" encoding="utf-8"?><testsuites name="pytest tests"><testsuite name="pytest" errors="0" failures="0" skipped="0" tests="24" time="15.279" timestamp="2026-07-06T22:01:19.694031+00:00" hostname="agent-env-a260187b-8f1b-4c2e-8a9f-a476cba8da38"><testcase classname="backend.tests.test_submission_types.TestCohortSubmissionTypeUpload" name="test_homework_persists_submission_type" time="0.157" /><testcase classname="backend.tests.test_submission_types.TestCohortSubmissionTypeUpload" name="test_invalid_submission_type_returns_400" time="0.142" /><testcase classname="backend.tests.test_submission_types.TestCohortSubmissionTypeUpload" name="test_empty_submission_type_treated_as_generic" time="0.115" /><testcase classname="backend.tests.test_submission_types.TestCohortSubmissionTypeUpload" name="test_workbook_strips_submission_type" time="0.111" /><testcase classname="backend.tests.test_submission_types.TestCohortSubmissionTypeUpload" name="test_materials_list_includes_submission_type" time="0.224" /><testcase classname="backend.tests.test_submission_types.TestLibraryQuestionnaireUpload" name="test_valid_questionnaire_fields_persist" time="0.119" /><testcase classname="backend.tests.test_submission_types.TestLibraryQuestionnaireUpload" name="test_invalid_json_returns_400" time="0.107" /><testcase classname="backend.tests.test_submission_types.TestLibraryQuestionnaireUpload" name="test_more_than_20_fields_returns_400" time="0.110" /><testcase classname="backend.tests.test_submission_types.TestLibraryQuestionnaireUpload" name="test_missing_label_returns_400" time="0.110" /><testcase classname="backend.tests.test_submission_types.TestLibraryQuestionnaireUpload" name="test_wrong_type_returns_400" time="0.172" /><testcase classname="backend.tests.test_submission_types.TestStableSubmitLinkResolver" name="test_unknown_type_returns_400" time="0.109" /><testcase classname="backend.tests.test_submission_types.TestStableSubmitLinkResolver" name="test_no_material_returns_404" time="0.105" /><testcase classname="backend.tests.test_submission_types.TestStableSubmitLinkResolver" name="test_match_returns_material_id" time="0.215" /><testcase classname="backend.tests.test_submission_types.TestGetSubmitLinkInfo" name="test_returns_submission_type_and_fields" time="0.218" /><testcase classname="backend.tests.test_submission_types.TestSubmissionExtensionValidation" name="test_pitch_rejects_pdf" time="0.257" /><testcase classname="backend.tests.test_submission_types.TestSubmissionExtensionValidation" name="test_pitch_accepts_mp4" time="0.593" /><testcase classname="backend.tests.test_submission_types.TestSubmissionExtensionValidation" name="test_slide_deck_accepts_pdf_and_pptx_rejects_mp4" time="1.102" /><testcase classname="backend.tests.test_submission_types.TestSubmissionExtensionValidation" name="test_case_activity_accepts_pdf_docx_txt" time="1.687" /><testcase classname="backend.tests.test_submission_types.TestQuestionnaireSubmission" name="test_missing_required_returns_400" time="0.224" /><testcase classname="backend.tests.test_submission_types.TestQuestionnaireSubmission" name="test_over_5000_chars_returns_400" time="0.111" /><testcase classname="backend.tests.test_submission_types.TestQuestionnaireSubmission" name="test_successful_submit_persists_answers" time="0.452" /><testcase classname="backend.tests.test_submission_types.TestQuestionnaireSubmission" name="test_download_returns_json_payload" time="0.562" /><testcase classname="backend.tests.test_submission_types.TestQuestionnaireSubmission" name="test_preview_text_synthesizes_qa" time="0.610" /><testcase classname="backend.tests.test_submission_types.TestManualReviewOnQuestionnaire" name="test_manual_review_uses_synthesized_text" time="7.514" /></testsuite></testsuites>