<?xml version="1.0" encoding="utf-8"?><testsuites name="pytest tests"><testsuite name="pytest" errors="0" failures="0" skipped="0" tests="15" time="4.848" timestamp="2026-05-05T13:45:25.484259+00:00" hostname="agent-env-a260187b-8f1b-4c2e-8a9f-a476cba8da38"><testcase classname="tests.test_submission_preview.TestInlineDownloadHeaders" name="test_pdf_download_default_is_attachment" time="1.290" /><testcase classname="tests.test_submission_preview.TestInlineDownloadHeaders" name="test_pdf_download_inline_returns_inline_and_pdf_media_type" time="0.121" /><testcase classname="tests.test_submission_preview.TestInlineDownloadHeaders" name="test_docx_inline_disposition_but_octet_media_type" time="0.892" /><testcase classname="tests.test_submission_preview.TestPreviewTextEndpoint" name="test_docx_preview_text_contains_body" time="0.151" /><testcase classname="tests.test_submission_preview.TestPreviewTextEndpoint" name="test_pdf_preview_text_returns_text_field" time="0.132" /><testcase classname="tests.test_submission_preview.TestPreviewTextAccessControl" name="test_student_cannot_preview_other_students_submission" time="0.124" /><testcase classname="tests.test_submission_preview.TestPreviewTextAccessControl" name="test_student_can_preview_own_submission" time="0.145" /><testcase classname="tests.test_submission_preview.TestPreviewTextAccessControl" name="test_outsider_instructor_gets_403" time="0.225" /><testcase classname="tests.test_submission_preview.TestPreviewTextLegacy410" name="test_legacy_submission_preview_text_returns_410" time="0.150" /><testcase classname="tests.test_submission_preview.TestSubmissionDetailRegression" name="test_get_submission_returns_material_and_student" time="0.116" /><testcase classname="tests.test_submission_preview.TestSubmissionDownloadContentLengthHeaders" name="test_pdf_attachment_has_content_length_matching_body" time="0.144" /><testcase classname="tests.test_submission_preview.TestSubmissionDownloadContentLengthHeaders" name="test_pdf_inline_has_content_length_and_xframe_sameorigin" time="0.115" /><testcase classname="tests.test_submission_preview.TestSubmissionDownloadContentLengthHeaders" name="test_docx_download_attachment_has_content_length" time="0.160" /><testcase classname="tests.test_submission_preview.TestMaterialDownloadContentLength" name="test_material_download_has_content_length_and_attachment" time="0.184" /><testcase classname="tests.test_submission_preview.TestAudioServeContentLength" name="test_audio_serve_has_content_length" time="0.460" /></testsuite></testsuites>