<?xml version="1.0" encoding="utf-8"?><testsuites name="pytest tests"><testsuite name="pytest" errors="0" failures="0" skipped="0" tests="8" time="14.270" timestamp="2026-05-04T12:21:09.023732+00:00" hostname="agent-env-a260187b-8f1b-4c2e-8a9f-a476cba8da38"><testcase classname="backend.tests.test_gridfs_storage.TestLibraryMaterialGridFS" name="test_material_upload_creates_gridfs_record" time="0.982" /><testcase classname="backend.tests.test_gridfs_storage.TestLibraryMaterialGridFS" name="test_material_download_streams_gridfs_bytes" time="0.190" /><testcase classname="backend.tests.test_gridfs_storage.TestSubmissionGridFS" name="test_submission_persisted_to_gridfs" time="0.607" /><testcase classname="backend.tests.test_gridfs_storage.TestSubmissionGridFS" name="test_instructor_download_submission_matches_bytes" time="0.131" /><testcase classname="backend.tests.test_gridfs_storage.TestSubmissionGridFS" name="test_get_submission_details_regression" time="0.150" /><testcase classname="backend.tests.test_gridfs_storage.TestSubmissionGridFS" name="test_ai_review_reads_from_gridfs" time="10.893" /><testcase classname="backend.tests.test_gridfs_storage.TestDeleteSubmissionRemovesGridFS" name="test_delete_submission_cleans_gridfs" time="0.806" /><testcase classname="backend.tests.test_gridfs_storage.TestLegacyFilePathReturns410" name="test_legacy_submission_returns_410" time="0.359" /></testsuite></testsuites>