<?xml version="1.0" encoding="utf-8"?><testsuites name="pytest tests"><testsuite name="pytest" errors="0" failures="0" skipped="0" tests="10" time="3.965" timestamp="2026-05-04T12:31:45.499255+00:00" hostname="agent-env-a260187b-8f1b-4c2e-8a9f-a476cba8da38"><testcase classname="tests.test_submission_preview.TestInlineDownloadHeaders" name="test_pdf_download_default_is_attachment" time="1.596" /><testcase classname="tests.test_submission_preview.TestInlineDownloadHeaders" name="test_pdf_download_inline_returns_inline_and_pdf_media_type" time="0.117" /><testcase classname="tests.test_submission_preview.TestInlineDownloadHeaders" name="test_docx_inline_disposition_but_octet_media_type" time="0.646" /><testcase classname="tests.test_submission_preview.TestPreviewTextEndpoint" name="test_docx_preview_text_contains_body" time="0.113" /><testcase classname="tests.test_submission_preview.TestPreviewTextEndpoint" name="test_pdf_preview_text_returns_text_field" time="0.163" /><testcase classname="tests.test_submission_preview.TestPreviewTextAccessControl" name="test_student_cannot_preview_other_students_submission" time="0.111" /><testcase classname="tests.test_submission_preview.TestPreviewTextAccessControl" name="test_student_can_preview_own_submission" time="0.151" /><testcase classname="tests.test_submission_preview.TestPreviewTextAccessControl" name="test_outsider_instructor_gets_403" time="0.107" /><testcase classname="tests.test_submission_preview.TestPreviewTextLegacy410" name="test_legacy_submission_preview_text_returns_410" time="0.187" /><testcase classname="tests.test_submission_preview.TestSubmissionDetailRegression" name="test_get_submission_returns_material_and_student" time="0.365" /></testsuite></testsuites>