<?xml version="1.0" encoding="utf-8"?><testsuites name="pytest tests"><testsuite name="pytest" errors="0" failures="2" skipped="0" tests="18" time="9.359" timestamp="2026-07-04T20:44:15.984247+00:00" hostname="agent-env-a260187b-8f1b-4c2e-8a9f-a476cba8da38"><testcase classname="backend.tests.test_video_materials.TestUploadVideoFile" name="test_upload_video_file_creates_pending_doc" time="0.283" /><testcase classname="backend.tests.test_video_materials.TestUploadVideoFile" name="test_upload_video_file_wav_accepted" time="1.612" /><testcase classname="backend.tests.test_video_materials.TestUploadVideoFile" name="test_upload_video_invalid_extension_rejected" time="0.139" /><testcase classname="backend.tests.test_video_materials.TestUploadVideoFile" name="test_upload_video_neither_file_nor_url_rejected" time="0.148" /><testcase classname="backend.tests.test_video_materials.TestUploadVideoUrl" name="test_upload_youtube_url_creates_na_status" time="0.159" /><testcase classname="backend.tests.test_video_materials.TestUploadVideoUrl" name="test_upload_url_and_file_both_url_takes_precedence" time="0.160" /><testcase classname="backend.tests.test_video_materials.TestUploadVideoUrl" name="test_upload_url_invalid_scheme_rejected" time="0.103" /><testcase classname="backend.tests.test_video_materials.TestUploadRegression" name="test_workbook_without_file_rejected" time="0.102" /><testcase classname="backend.tests.test_video_materials.TestUploadRegression" name="test_workbook_with_video_url_rejected" time="0.145" /><testcase classname="backend.tests.test_video_materials.TestUploadRegression" name="test_workbook_with_file_still_works" time="0.246" /><testcase classname="backend.tests.test_video_materials.TestManualTranscribe" name="test_transcribe_url_video_rejected" time="0.219" /><testcase classname="backend.tests.test_video_materials.TestManualTranscribe" name="test_transcribe_non_video_rejected" time="0.233" /><testcase classname="backend.tests.test_video_materials.TestManualTranscribe" name="test_transcribe_uploaded_video_returns_pending" time="0.276" /><testcase classname="backend.tests.test_video_materials.TestManualTranscribe" name="test_transcribe_missing_material_404" time="0.106" /><testcase classname="backend.tests.test_video_materials.TestWhisperEndToEnd" name="test_upload_wav_transcribes_within_60s" time="4.159" /><testcase classname="backend.tests.test_video_materials.TestDuplicateVideo" name="test_duplicate_url_video_preserves_url_and_status" time="0.242"><failure message="AssertionError: Duplicate URL video failed: 404 {&quot;detail&quot;:&quot;File reference missing&quot;}&#10;assert 404 == 200&#10; +  where 404 = &lt;Response [404]&gt;.status_code">backend/tests/test_video_materials.py:520: in test_duplicate_url_video_preserves_url_and_status
    assert r.status_code == 200, f"Duplicate URL video failed: {r.status_code} {r.text}"
E   AssertionError: Duplicate URL video failed: 404 {"detail":"File reference missing"}
E   assert 404 == 200
E    +  where 404 = &lt;Response [404]&gt;.status_code</failure></testcase><testcase classname="backend.tests.test_video_materials.TestDuplicateVideo" name="test_duplicate_uploaded_video_resets_transcription" time="0.277"><failure message="AssertionError: Unexpected status: None&#10;assert None in ('pending', 'done', 'n/a')&#10; +  where None = &lt;built-in method get of dict object at 0xfff0d175b1c0&gt;('transcription_status')&#10; +    where &lt;built-in method get of dict object at 0xfff0d175b1c0&gt; = {'_id': ObjectId('6a4970a8b8804fa8cf0ed174'), 'cohort_id': None, 'cohort_ids': [], 'created_at': '2026-07-04T20:44:24.767668+00:00', ...}.get">backend/tests/test_video_materials.py:564: in test_duplicate_uploaded_video_resets_transcription
    assert dup.get("transcription_status") in ("pending", "done", "n/a"), \
E   AssertionError: Unexpected status: None
E   assert None in ('pending', 'done', 'n/a')
E    +  where None = &lt;built-in method get of dict object at 0xfff0d175b1c0&gt;('transcription_status')
E    +    where &lt;built-in method get of dict object at 0xfff0d175b1c0&gt; = {'_id': ObjectId('6a4970a8b8804fa8cf0ed174'), 'cohort_id': None, 'cohort_ids': [], 'created_at': '2026-07-04T20:44:24.767668+00:00', ...}.get</failure></testcase><testcase classname="backend.tests.test_video_materials.TestStudentDashboardVideoUrl" name="test_course_resources_includes_video_url" time="0.547" /></testsuite></testsuites>