<?xml version="1.0" encoding="utf-8"?><testsuites name="pytest tests"><testsuite name="pytest" errors="0" failures="0" skipped="0" tests="14" time="2.517" timestamp="2026-08-19T12:18:19.486609+00:00" hostname="agent-env-a260187b-8f1b-4c2e-8a9f-a476cba8da38"><testcase classname="backend.tests.test_venture_path.TestModuleNameOverrides" name="test_get_no_auth_401" time="0.189" /><testcase classname="backend.tests.test_venture_path.TestModuleNameOverrides" name="test_get_student_forbidden" time="0.152" /><testcase classname="backend.tests.test_venture_path.TestModuleNameOverrides" name="test_get_instructor_forbidden" time="0.123" /><testcase classname="backend.tests.test_venture_path.TestModuleNameOverrides" name="test_get_super_admin_200_shape" time="0.146" /><testcase classname="backend.tests.test_venture_path.TestModuleNameOverrides" name="test_put_no_auth_401" time="0.127" /><testcase classname="backend.tests.test_venture_path.TestModuleNameOverrides" name="test_put_student_forbidden" time="0.143" /><testcase classname="backend.tests.test_venture_path.TestModuleNameOverrides" name="test_put_instructor_forbidden" time="0.149" /><testcase classname="backend.tests.test_venture_path.TestModuleNameOverrides" name="test_put_super_admin_persists_and_saved_count" time="0.297" /><testcase classname="backend.tests.test_venture_path.TestModuleNameOverrides" name="test_partial_override_falls_back_to_defaults" time="0.114" /><testcase classname="backend.tests.test_venture_path.TestModuleNameOverrides" name="test_validation_invalid_module_number_400" time="0.121" /><testcase classname="backend.tests.test_venture_path.TestModuleNameOverrides" name="test_validation_invalid_icon_400" time="0.126" /><testcase classname="backend.tests.test_venture_path.TestModuleNameOverrides" name="test_name_truncated_to_80_chars" time="0.163" /><testcase classname="backend.tests.test_venture_path.TestModuleNameOverrides" name="test_e2e_admin_override_propagates_to_student_view" time="0.287" /><testcase classname="backend.tests.test_venture_path.TestModuleNameOverrides" name="test_curriculum_milestone_title_beats_admin_override" time="0.256" /></testsuite></testsuites>