<?xml version="1.0" encoding="utf-8"?><testsuites name="pytest tests"><testsuite name="pytest" errors="0" failures="0" skipped="0" tests="7" time="1.167" timestamp="2026-08-04T15:40:48.931325+00:00" hostname="agent-env-a260187b-8f1b-4c2e-8a9f-a476cba8da38"><testcase classname="backend.tests.test_venture_path.TestParseReadinessScore" name="test_parses_trailing_line" time="0.363" /><testcase classname="backend.tests.test_venture_path.TestParseReadinessScore" name="test_returns_none_when_missing" time="0.000" /><testcase classname="backend.tests.test_venture_path.TestParseReadinessScore" name="test_clamps_range" time="0.000" /><testcase classname="backend.tests.test_venture_path" name="test_unauthenticated_returns_401" time="0.224" /><testcase classname="backend.tests.test_venture_path" name="test_instructor_forbidden" time="0.155" /><testcase classname="backend.tests.test_venture_path" name="test_empty_student_shape" time="0.155" /><testcase classname="backend.tests.test_venture_path" name="test_unlock_module_2_after_seeded_submission" time="0.140" /></testsuite></testsuites>